Copyright 1986-2022 Xilinx, Inc. All Rights Reserved. Copyright 2022-2025 Advanced Micro Devices, Inc. All Rights Reserved.
---------------------------------------------------------------------------------------------------------------------------------------------
| Tool Version : Vivado v.2025.2 (win64) Build 6299465 Fri Nov 14 19:35:11 GMT 2025
| Date         : Wed Mar 18 11:52:22 2026
| Host         : DESKTOP-QU8QVCL running 64-bit major release  (build 9200)
| Command      : report_control_sets -verbose -file full_assignment2_control_sets_placed.rpt
| Design       : full_assignment2
| Device       : xc7z020
---------------------------------------------------------------------------------------------------------------------------------------------

Control Set Information

Table of Contents
-----------------
1. Summary
2. Histogram
3. Flip-Flop Distribution
4. Detailed Control Set Information

1. Summary
----------

+----------------------------------------------------------+-------+
|                          Status                          | Count |
+----------------------------------------------------------+-------+
| Total control sets                                       |     7 |
|    Minimum number of control sets                        |     7 |
|    Addition due to synthesis replication                 |     0 |
|    Addition due to physical synthesis replication        |     0 |
| Unused register locations in slices containing registers |    10 |
+----------------------------------------------------------+-------+
* Control sets can be merged at opt_design using control_set_merge or merge_equivalent_drivers
** Run report_qor_suggestions for automated merging and remapping suggestions


2. Histogram
------------

+--------------------+-------+
|       Fanout       | Count |
+--------------------+-------+
| Total control sets |     7 |
| >= 0 to < 4        |     0 |
| >= 4 to < 6        |     3 |
| >= 6 to < 8        |     0 |
| >= 8 to < 10       |     4 |
| >= 10 to < 12      |     0 |
| >= 12 to < 14      |     0 |
| >= 14 to < 16      |     0 |
| >= 16              |     0 |
+--------------------+-------+
* Control sets can be remapped at either synth_design or opt_design


3. Flip-Flop Distribution
-------------------------

+--------------+-----------------------+------------------------+-----------------+--------------+
| Clock Enable | Synchronous Set/Reset | Asynchronous Set/Reset | Total Registers | Total Slices |
+--------------+-----------------------+------------------------+-----------------+--------------+
| No           | No                    | No                     |               0 |            0 |
| No           | No                    | Yes                    |               0 |            0 |
| No           | Yes                   | No                     |               5 |            2 |
| Yes          | No                    | No                     |               0 |            0 |
| Yes          | No                    | Yes                    |              32 |           12 |
| Yes          | Yes                   | No                     |               9 |            2 |
+--------------+-----------------------+------------------------+-----------------+--------------+


4. Detailed Control Set Information
-----------------------------------

+----------------+--------------------------------+-------------------------------+------------------+----------------+--------------+
|  Clock Signal  |          Enable Signal         |        Set/Reset Signal       | Slice Load Count | Bel Load Count | Bels / Slice |
+----------------+--------------------------------+-------------------------------+------------------+----------------+--------------+
|  clk_IBUF_BUFG | uControl/PC[1]_i_1_n_0         | uControl/PC__0[0]             |                1 |              4 |         4.00 |
|  clk_IBUF_BUFG | uControl/ASM_input[0]          | uControl/ASM_input[3]_i_1_n_0 |                1 |              5 |         5.00 |
| ~clk_IBUF_BUFG |                                | reset_IBUF                    |                2 |              5 |         2.50 |
|  clk_IBUF_BUFG | uControl/ASM_input_reg[1]_1[0] | reset_IBUF                    |                2 |              8 |         4.00 |
|  clk_IBUF_BUFG | uControl/E[0]                  | reset_IBUF                    |                3 |              8 |         2.67 |
|  clk_IBUF_BUFG | uControl/ASM_input_reg[2]_0[0] | reset_IBUF                    |                4 |              8 |         2.00 |
|  clk_IBUF_BUFG | uControl/ASM_input_reg[0]_0[0] | reset_IBUF                    |                3 |              8 |         2.67 |
+----------------+--------------------------------+-------------------------------+------------------+----------------+--------------+


