Copyright 1986-2022 Xilinx, Inc. All Rights Reserved. Copyright 2022-2025 Advanced Micro Devices, Inc. All Rights Reserved.
------------------------------------------------------------------------------------------------------------------------------------------------------------------------------------------------------------------------------------------------------------
| Tool Version : Vivado v.2025.2 (win64) Build 6299465 Fri Nov 14 19:35:11 GMT 2025
| Date         : Fri Mar 20 16:40:29 2026
| Host         : VITKO running 64-bit major release  (build 9200)
| Command      : report_timing_summary -max_paths 10 -routable_nets -report_unconstrained -file full_assignment2_timing_summary_routed.rpt -pb full_assignment2_timing_summary_routed.pb -rpx full_assignment2_timing_summary_routed.rpx -warn_on_violation
| Design       : full_assignment2
| Device       : 7z020-clg484
| Speed File   : -1  PRODUCTION 1.12 2019-11-22
| Design State : Routed
------------------------------------------------------------------------------------------------------------------------------------------------------------------------------------------------------------------------------------------------------------

Timing Summary Report

------------------------------------------------------------------------------------------------
| Timer Settings
| --------------
------------------------------------------------------------------------------------------------

  Enable Multi Corner Analysis               :  Yes
  Enable Pessimism Removal                   :  Yes
  Pessimism Removal Resolution               :  Nearest Common Node
  Enable Input Delay Default Clock           :  No
  Enable Preset / Clear Arcs                 :  No
  Disable Flight Delays                      :  No
  Ignore I/O Paths                           :  No
  Timing Early Launch at Borrowing Latches   :  No
  Borrow Time for Max Delay Exceptions       :  Yes
  Merge Timing Exceptions                    :  Yes
  Inter-SLR Compensation                     :  Conservative

  Corner  Analyze    Analyze    
  Name    Max Paths  Min Paths  
  ------  ---------  ---------  
  Slow    Yes        Yes        
  Fast    Yes        Yes        


------------------------------------------------------------------------------------------------
| Report Methodology
| ------------------
------------------------------------------------------------------------------------------------

Rule       Severity          Description                  Violations  
---------  ----------------  ---------------------------  ----------  
TIMING-17  Critical Warning  Non-clocked sequential cell  46          

Note: This report is based on the most recent report_methodology run and may not be up-to-date. Run report_methodology on the current design for the latest report.



check_timing report

Table of Contents
-----------------
1. checking no_clock (46)
2. checking constant_clock (0)
3. checking pulse_width_clock (0)
4. checking unconstrained_internal_endpoints (132)
5. checking no_input_delay (9)
6. checking no_output_delay (28)
7. checking multiple_clock (0)
8. checking generated_clocks (0)
9. checking loops (0)
10. checking partial_input_delay (0)
11. checking partial_output_delay (0)
12. checking latch_loops (0)

1. checking no_clock (46)
-------------------------
 There are 46 register/latch pins with no clock driven by root clock pin: clk (HIGH)


2. checking constant_clock (0)
------------------------------
 There are 0 register/latch pins with constant_clock.


3. checking pulse_width_clock (0)
---------------------------------
 There are 0 register/latch pins which need pulse_width check


4. checking unconstrained_internal_endpoints (132)
--------------------------------------------------
 There are 132 pins that are not constrained for maximum delay. (HIGH)

 There are 0 pins that are not constrained for maximum delay due to constant clock.


5. checking no_input_delay (9)
------------------------------
 There are 9 input ports with no input delay specified. (HIGH)

 There are 0 input ports with no input delay but user has a false path constraint.


6. checking no_output_delay (28)
--------------------------------
 There are 28 ports with no output delay specified. (HIGH)

 There are 0 ports with no output delay but user has a false path constraint

 There are 0 ports with no output delay but with a timing clock defined on it or propagating through it


7. checking multiple_clock (0)
------------------------------
 There are 0 register/latch pins with multiple clocks.


8. checking generated_clocks (0)
--------------------------------
 There are 0 generated clocks that are not connected to a clock source.


9. checking loops (0)
---------------------
 There are 0 combinational loops in the design.


10. checking partial_input_delay (0)
------------------------------------
 There are 0 input ports with partial input delay specified.


11. checking partial_output_delay (0)
-------------------------------------
 There are 0 ports with partial output delay specified.


12. checking latch_loops (0)
----------------------------
 There are 0 combinational latch loops in the design through latch input



------------------------------------------------------------------------------------------------
| Design Timing Summary
| ---------------------
------------------------------------------------------------------------------------------------

    WNS(ns)      TNS(ns)  TNS Failing Endpoints  TNS Total Endpoints      WHS(ns)      THS(ns)  THS Failing Endpoints  THS Total Endpoints     WPWS(ns)     TPWS(ns)  TPWS Failing Endpoints  TPWS Total Endpoints  
    -------      -------  ---------------------  -------------------      -------      -------  ---------------------  -------------------     --------     --------  ----------------------  --------------------  
        inf        0.000                      0                  160          inf        0.000                      0                  160           NA           NA                      NA                    NA  


There are no user specified timing constraints.


------------------------------------------------------------------------------------------------
| Clock Summary
| -------------
------------------------------------------------------------------------------------------------


------------------------------------------------------------------------------------------------
| Intra Clock Table
| -----------------
------------------------------------------------------------------------------------------------

Clock             WNS(ns)      TNS(ns)  TNS Failing Endpoints  TNS Total Endpoints      WHS(ns)      THS(ns)  THS Failing Endpoints  THS Total Endpoints     WPWS(ns)     TPWS(ns)  TPWS Failing Endpoints  TPWS Total Endpoints  
-----             -------      -------  ---------------------  -------------------      -------      -------  ---------------------  -------------------     --------     --------  ----------------------  --------------------  


------------------------------------------------------------------------------------------------
| Inter Clock Table
| -----------------
------------------------------------------------------------------------------------------------

From Clock    To Clock          WNS(ns)      TNS(ns)  TNS Failing Endpoints  TNS Total Endpoints      WHS(ns)      THS(ns)  THS Failing Endpoints  THS Total Endpoints  
----------    --------          -------      -------  ---------------------  -------------------      -------      -------  ---------------------  -------------------  


------------------------------------------------------------------------------------------------
| Other Path Groups Table
| -----------------------
------------------------------------------------------------------------------------------------

Path Group    From Clock    To Clock          WNS(ns)      TNS(ns)  TNS Failing Endpoints  TNS Total Endpoints      WHS(ns)      THS(ns)  THS Failing Endpoints  THS Total Endpoints  
----------    ----------    --------          -------      -------  ---------------------  -------------------      -------      -------  ---------------------  -------------------  


------------------------------------------------------------------------------------------------
| User Ignored Path Table
| -----------------------
------------------------------------------------------------------------------------------------

Path Group    From Clock    To Clock    
----------    ----------    --------    


------------------------------------------------------------------------------------------------
| Unconstrained Path Table
| ------------------------
------------------------------------------------------------------------------------------------

Path Group    From Clock    To Clock    
----------    ----------    --------    
(none)                                    


------------------------------------------------------------------------------------------------
| Timing Details
| --------------
------------------------------------------------------------------------------------------------


--------------------------------------------------------------------------------------
Path Group:  (none)
From Clock:  
  To Clock:  

Max Delay           160 Endpoints
Min Delay           160 Endpoints
--------------------------------------------------------------------------------------


Max Delay Paths
--------------------------------------------------------------------------------------
Slack:                    inf
  Source:                 uControl/ASM_input_reg[1]/C
                            (rising edge-triggered cell FDRE)
  Destination:            Out1[2]
                            (output port)
  Path Group:             (none)
  Path Type:              Max at Slow Process Corner
  Data Path Delay:        8.996ns  (logic 3.849ns (42.790%)  route 5.146ns (57.210%))
  Logic Levels:           5  (FDRE=1 LUT4=1 LUT5=2 OBUF=1)

    Location             Delay type                Incr(ns)  Path(ns)    Netlist Resource(s)
  -------------------------------------------------------------------    -------------------
    SLICE_X0Y18          FDRE                         0.000     0.000 r  uControl/ASM_input_reg[1]/C
    SLICE_X0Y18          FDRE (Prop_fdre_C_Q)         0.478     0.478 f  uControl/ASM_input_reg[1]/Q
                         net (fo=15, routed)          1.012     1.490    uControl/OPC_OBUF[1]
    SLICE_X2Y17          LUT4 (Prop_lut4_I0_O)        0.295     1.785 r  uControl/State_OBUF[3]_inst_i_2/O
                         net (fo=4, routed)           0.838     2.623    uControl/State_OBUF[3]_inst_i_2_n_0
    SLICE_X2Y17          LUT5 (Prop_lut5_I3_O)        0.150     2.773 r  uControl/Out1_OBUF[7]_inst_i_2/O
                         net (fo=23, routed)          0.997     3.770    uDatapath/uREG/uB/internalBit_reg[1]_4
    SLICE_X3Y13          LUT5 (Prop_lut5_I4_O)        0.328     4.098 r  uDatapath/uREG/uB/Out1_OBUF[2]_inst_i_1/O
                         net (fo=4, routed)           2.299     6.397    Out1_OBUF[2]
    W6                   OBUF (Prop_obuf_I_O)         2.598     8.996 r  Out1_OBUF[2]_inst/O
                         net (fo=0)                   0.000     8.996    Out1[2]
    W6                                                                r  Out1[2] (OUT)
  -------------------------------------------------------------------    -------------------

Slack:                    inf
  Source:                 uControl/ASM_input_reg[1]/C
                            (rising edge-triggered cell FDRE)
  Destination:            Out1[1]
                            (output port)
  Path Group:             (none)
  Path Type:              Max at Slow Process Corner
  Data Path Delay:        8.824ns  (logic 3.849ns (43.623%)  route 4.975ns (56.377%))
  Logic Levels:           5  (FDRE=1 LUT4=1 LUT5=2 OBUF=1)

    Location             Delay type                Incr(ns)  Path(ns)    Netlist Resource(s)
  -------------------------------------------------------------------    -------------------
    SLICE_X0Y18          FDRE                         0.000     0.000 r  uControl/ASM_input_reg[1]/C
    SLICE_X0Y18          FDRE (Prop_fdre_C_Q)         0.478     0.478 f  uControl/ASM_input_reg[1]/Q
                         net (fo=15, routed)          1.012     1.490    uControl/OPC_OBUF[1]
    SLICE_X2Y17          LUT4 (Prop_lut4_I0_O)        0.295     1.785 r  uControl/State_OBUF[3]_inst_i_2/O
                         net (fo=4, routed)           0.838     2.623    uControl/State_OBUF[3]_inst_i_2_n_0
    SLICE_X2Y17          LUT5 (Prop_lut5_I3_O)        0.150     2.773 r  uControl/Out1_OBUF[7]_inst_i_2/O
                         net (fo=23, routed)          0.961     3.734    uDatapath/uREG/uB/internalBit_reg[1]_4
    SLICE_X1Y15          LUT5 (Prop_lut5_I4_O)        0.328     4.062 r  uDatapath/uREG/uB/Out1_OBUF[1]_inst_i_1/O
                         net (fo=4, routed)           2.164     6.226    Out1_OBUF[1]
    W5                   OBUF (Prop_obuf_I_O)         2.598     8.824 r  Out1_OBUF[1]_inst/O
                         net (fo=0)                   0.000     8.824    Out1[1]
    W5                                                                r  Out1[1] (OUT)
  -------------------------------------------------------------------    -------------------

Slack:                    inf
  Source:                 uControl/ASM_input_reg[1]/C
                            (rising edge-triggered cell FDRE)
  Destination:            Out2[2]
                            (output port)
  Path Group:             (none)
  Path Type:              Max at Slow Process Corner
  Data Path Delay:        8.773ns  (logic 3.866ns (44.068%)  route 4.907ns (55.932%))
  Logic Levels:           5  (FDRE=1 LUT3=1 LUT4=1 LUT6=1 OBUF=1)

    Location             Delay type                Incr(ns)  Path(ns)    Netlist Resource(s)
  -------------------------------------------------------------------    -------------------
    SLICE_X0Y18          FDRE                         0.000     0.000 r  uControl/ASM_input_reg[1]/C
    SLICE_X0Y18          FDRE (Prop_fdre_C_Q)         0.478     0.478 f  uControl/ASM_input_reg[1]/Q
                         net (fo=15, routed)          1.012     1.490    uControl/OPC_OBUF[1]
    SLICE_X2Y17          LUT4 (Prop_lut4_I0_O)        0.295     1.785 r  uControl/State_OBUF[3]_inst_i_2/O
                         net (fo=4, routed)           0.847     2.632    uControl/State_OBUF[3]_inst_i_2_n_0
    SLICE_X2Y18          LUT6 (Prop_lut6_I0_O)        0.124     2.756 r  uControl/Out2_OBUF[7]_inst_i_2/O
                         net (fo=12, routed)          1.151     3.907    uDatapath/uREG/uA/internalBit_reg[0]_1
    SLICE_X2Y13          LUT3 (Prop_lut3_I1_O)        0.150     4.057 r  uDatapath/uREG/uA/Out2_OBUF[2]_inst_i_1/O
                         net (fo=3, routed)           1.897     5.954    Out2_OBUF[2]
    T4                   OBUF (Prop_obuf_I_O)         2.819     8.773 r  Out2_OBUF[2]_inst/O
                         net (fo=0)                   0.000     8.773    Out2[2]
    T4                                                                r  Out2[2] (OUT)
  -------------------------------------------------------------------    -------------------

Slack:                    inf
  Source:                 uControl/ASM_input_reg[1]/C
                            (rising edge-triggered cell FDRE)
  Destination:            Out2[1]
                            (output port)
  Path Group:             (none)
  Path Type:              Max at Slow Process Corner
  Data Path Delay:        8.766ns  (logic 3.861ns (44.045%)  route 4.905ns (55.955%))
  Logic Levels:           5  (FDRE=1 LUT3=1 LUT4=1 LUT6=1 OBUF=1)

    Location             Delay type                Incr(ns)  Path(ns)    Netlist Resource(s)
  -------------------------------------------------------------------    -------------------
    SLICE_X0Y18          FDRE                         0.000     0.000 r  uControl/ASM_input_reg[1]/C
    SLICE_X0Y18          FDRE (Prop_fdre_C_Q)         0.478     0.478 f  uControl/ASM_input_reg[1]/Q
                         net (fo=15, routed)          1.012     1.490    uControl/OPC_OBUF[1]
    SLICE_X2Y17          LUT4 (Prop_lut4_I0_O)        0.295     1.785 r  uControl/State_OBUF[3]_inst_i_2/O
                         net (fo=4, routed)           0.847     2.632    uControl/State_OBUF[3]_inst_i_2_n_0
    SLICE_X2Y18          LUT6 (Prop_lut6_I0_O)        0.124     2.756 r  uControl/Out2_OBUF[7]_inst_i_2/O
                         net (fo=12, routed)          1.141     3.897    uDatapath/uREG/uC/Out2[0]
    SLICE_X2Y15          LUT3 (Prop_lut3_I1_O)        0.152     4.049 r  uDatapath/uREG/uC/Out2_OBUF[1]_inst_i_1/O
                         net (fo=1, routed)           1.905     5.954    Out2_OBUF[1]
    U4                   OBUF (Prop_obuf_I_O)         2.812     8.766 r  Out2_OBUF[1]_inst/O
                         net (fo=0)                   0.000     8.766    Out2[1]
    U4                                                                r  Out2[1] (OUT)
  -------------------------------------------------------------------    -------------------

Slack:                    inf
  Source:                 uControl/ASM_input_reg[1]/C
                            (rising edge-triggered cell FDRE)
  Destination:            Out1[6]
                            (output port)
  Path Group:             (none)
  Path Type:              Max at Slow Process Corner
  Data Path Delay:        8.726ns  (logic 3.831ns (43.899%)  route 4.895ns (56.101%))
  Logic Levels:           5  (FDRE=1 LUT4=1 LUT5=2 OBUF=1)

    Location             Delay type                Incr(ns)  Path(ns)    Netlist Resource(s)
  -------------------------------------------------------------------    -------------------
    SLICE_X0Y18          FDRE                         0.000     0.000 r  uControl/ASM_input_reg[1]/C
    SLICE_X0Y18          FDRE (Prop_fdre_C_Q)         0.478     0.478 f  uControl/ASM_input_reg[1]/Q
                         net (fo=15, routed)          1.012     1.490    uControl/OPC_OBUF[1]
    SLICE_X2Y17          LUT4 (Prop_lut4_I0_O)        0.295     1.785 r  uControl/State_OBUF[3]_inst_i_2/O
                         net (fo=4, routed)           0.838     2.623    uControl/State_OBUF[3]_inst_i_2_n_0
    SLICE_X2Y17          LUT5 (Prop_lut5_I3_O)        0.150     2.773 r  uControl/Out1_OBUF[7]_inst_i_2/O
                         net (fo=23, routed)          0.980     3.753    uDatapath/uREG/uD/Out1[7]
    SLICE_X0Y15          LUT5 (Prop_lut5_I0_O)        0.328     4.081 r  uDatapath/uREG/uD/Out1_OBUF[6]_inst_i_1/O
                         net (fo=1, routed)           2.065     6.146    Out1_OBUF[6]
    U6                   OBUF (Prop_obuf_I_O)         2.580     8.726 r  Out1_OBUF[6]_inst/O
                         net (fo=0)                   0.000     8.726    Out1[6]
    U6                                                                r  Out1[6] (OUT)
  -------------------------------------------------------------------    -------------------

Slack:                    inf
  Source:                 uControl/ASM_input_reg[1]/C
                            (rising edge-triggered cell FDRE)
  Destination:            Out1[3]
                            (output port)
  Path Group:             (none)
  Path Type:              Max at Slow Process Corner
  Data Path Delay:        8.717ns  (logic 3.839ns (44.047%)  route 4.877ns (55.953%))
  Logic Levels:           5  (FDRE=1 LUT4=1 LUT5=2 OBUF=1)

    Location             Delay type                Incr(ns)  Path(ns)    Netlist Resource(s)
  -------------------------------------------------------------------    -------------------
    SLICE_X0Y18          FDRE                         0.000     0.000 r  uControl/ASM_input_reg[1]/C
    SLICE_X0Y18          FDRE (Prop_fdre_C_Q)         0.478     0.478 f  uControl/ASM_input_reg[1]/Q
                         net (fo=15, routed)          1.012     1.490    uControl/OPC_OBUF[1]
    SLICE_X2Y17          LUT4 (Prop_lut4_I0_O)        0.295     1.785 r  uControl/State_OBUF[3]_inst_i_2/O
                         net (fo=4, routed)           0.838     2.623    uControl/State_OBUF[3]_inst_i_2_n_0
    SLICE_X2Y17          LUT5 (Prop_lut5_I3_O)        0.150     2.773 r  uControl/Out1_OBUF[7]_inst_i_2/O
                         net (fo=23, routed)          0.964     3.737    uDatapath/uREG/uD/Out1[7]
    SLICE_X0Y14          LUT5 (Prop_lut5_I0_O)        0.328     4.065 r  uDatapath/uREG/uD/Out1_OBUF[3]_inst_i_1/O
                         net (fo=1, routed)           2.063     6.128    Out1_OBUF[3]
    W7                   OBUF (Prop_obuf_I_O)         2.588     8.717 r  Out1_OBUF[3]_inst/O
                         net (fo=0)                   0.000     8.717    Out1[3]
    W7                                                                r  Out1[3] (OUT)
  -------------------------------------------------------------------    -------------------

Slack:                    inf
  Source:                 uControl/ASM_input_reg[1]/C
                            (rising edge-triggered cell FDRE)
  Destination:            Out2[3]
                            (output port)
  Path Group:             (none)
  Path Type:              Max at Slow Process Corner
  Data Path Delay:        8.589ns  (logic 3.598ns (41.887%)  route 4.991ns (58.113%))
  Logic Levels:           5  (FDRE=1 LUT3=1 LUT4=1 LUT6=1 OBUF=1)

    Location             Delay type                Incr(ns)  Path(ns)    Netlist Resource(s)
  -------------------------------------------------------------------    -------------------
    SLICE_X0Y18          FDRE                         0.000     0.000 r  uControl/ASM_input_reg[1]/C
    SLICE_X0Y18          FDRE (Prop_fdre_C_Q)         0.478     0.478 f  uControl/ASM_input_reg[1]/Q
                         net (fo=15, routed)          1.012     1.490    uControl/OPC_OBUF[1]
    SLICE_X2Y17          LUT4 (Prop_lut4_I0_O)        0.295     1.785 r  uControl/State_OBUF[3]_inst_i_2/O
                         net (fo=4, routed)           0.847     2.632    uControl/State_OBUF[3]_inst_i_2_n_0
    SLICE_X2Y18          LUT6 (Prop_lut6_I0_O)        0.124     2.756 r  uControl/Out2_OBUF[7]_inst_i_2/O
                         net (fo=12, routed)          1.151     3.907    uDatapath/uREG/uA/internalBit_reg[0]_1
    SLICE_X2Y13          LUT3 (Prop_lut3_I1_O)        0.124     4.031 r  uDatapath/uREG/uA/Out2_OBUF[3]_inst_i_1/O
                         net (fo=4, routed)           1.982     6.012    Out2_OBUF[3]
    T6                   OBUF (Prop_obuf_I_O)         2.577     8.589 r  Out2_OBUF[3]_inst/O
                         net (fo=0)                   0.000     8.589    Out2[3]
    T6                                                                r  Out2[3] (OUT)
  -------------------------------------------------------------------    -------------------

Slack:                    inf
  Source:                 uControl/ASM_input_reg[1]/C
                            (rising edge-triggered cell FDRE)
  Destination:            Out2[5]
                            (output port)
  Path Group:             (none)
  Path Type:              Max at Slow Process Corner
  Data Path Delay:        8.563ns  (logic 3.878ns (45.284%)  route 4.685ns (54.716%))
  Logic Levels:           5  (FDRE=1 LUT3=1 LUT4=1 LUT6=1 OBUF=1)

    Location             Delay type                Incr(ns)  Path(ns)    Netlist Resource(s)
  -------------------------------------------------------------------    -------------------
    SLICE_X0Y18          FDRE                         0.000     0.000 r  uControl/ASM_input_reg[1]/C
    SLICE_X0Y18          FDRE (Prop_fdre_C_Q)         0.478     0.478 f  uControl/ASM_input_reg[1]/Q
                         net (fo=15, routed)          1.012     1.490    uControl/OPC_OBUF[1]
    SLICE_X2Y17          LUT4 (Prop_lut4_I0_O)        0.295     1.785 r  uControl/State_OBUF[3]_inst_i_2/O
                         net (fo=4, routed)           0.847     2.632    uControl/State_OBUF[3]_inst_i_2_n_0
    SLICE_X2Y18          LUT6 (Prop_lut6_I0_O)        0.124     2.756 r  uControl/Out2_OBUF[7]_inst_i_2/O
                         net (fo=12, routed)          1.002     3.758    uDatapath/uREG/uA/internalBit_reg[0]_1
    SLICE_X2Y14          LUT3 (Prop_lut3_I1_O)        0.150     3.908 r  uDatapath/uREG/uA/Out2_OBUF[5]_inst_i_1/O
                         net (fo=4, routed)           1.825     5.732    Out2_OBUF[5]
    AA4                  OBUF (Prop_obuf_I_O)         2.831     8.563 r  Out2_OBUF[5]_inst/O
                         net (fo=0)                   0.000     8.563    Out2[5]
    AA4                                                               r  Out2[5] (OUT)
  -------------------------------------------------------------------    -------------------

Slack:                    inf
  Source:                 uControl/ASM_input_reg[1]/C
                            (rising edge-triggered cell FDRE)
  Destination:            Out1[4]
                            (output port)
  Path Group:             (none)
  Path Type:              Max at Slow Process Corner
  Data Path Delay:        8.546ns  (logic 3.836ns (44.884%)  route 4.710ns (55.116%))
  Logic Levels:           5  (FDRE=1 LUT4=1 LUT5=2 OBUF=1)

    Location             Delay type                Incr(ns)  Path(ns)    Netlist Resource(s)
  -------------------------------------------------------------------    -------------------
    SLICE_X0Y18          FDRE                         0.000     0.000 r  uControl/ASM_input_reg[1]/C
    SLICE_X0Y18          FDRE (Prop_fdre_C_Q)         0.478     0.478 f  uControl/ASM_input_reg[1]/Q
                         net (fo=15, routed)          1.012     1.490    uControl/OPC_OBUF[1]
    SLICE_X2Y17          LUT4 (Prop_lut4_I0_O)        0.295     1.785 r  uControl/State_OBUF[3]_inst_i_2/O
                         net (fo=4, routed)           0.838     2.623    uControl/State_OBUF[3]_inst_i_2_n_0
    SLICE_X2Y17          LUT5 (Prop_lut5_I3_O)        0.150     2.773 r  uControl/Out1_OBUF[7]_inst_i_2/O
                         net (fo=23, routed)          0.941     3.714    uDatapath/uREG/uD/Out1[7]
    SLICE_X1Y14          LUT5 (Prop_lut5_I0_O)        0.328     4.042 r  uDatapath/uREG/uD/Out1_OBUF[4]_inst_i_1/O
                         net (fo=1, routed)           1.919     5.961    Out1_OBUF[4]
    V7                   OBUF (Prop_obuf_I_O)         2.585     8.546 r  Out1_OBUF[4]_inst/O
                         net (fo=0)                   0.000     8.546    Out1[4]
    V7                                                                r  Out1[4] (OUT)
  -------------------------------------------------------------------    -------------------

Slack:                    inf
  Source:                 uControl/ASM_input_reg[1]/C
                            (rising edge-triggered cell FDRE)
  Destination:            Out1[7]
                            (output port)
  Path Group:             (none)
  Path Type:              Max at Slow Process Corner
  Data Path Delay:        8.541ns  (logic 3.838ns (44.941%)  route 4.703ns (55.059%))
  Logic Levels:           5  (FDRE=1 LUT4=1 LUT5=2 OBUF=1)

    Location             Delay type                Incr(ns)  Path(ns)    Netlist Resource(s)
  -------------------------------------------------------------------    -------------------
    SLICE_X0Y18          FDRE                         0.000     0.000 r  uControl/ASM_input_reg[1]/C
    SLICE_X0Y18          FDRE (Prop_fdre_C_Q)         0.478     0.478 f  uControl/ASM_input_reg[1]/Q
                         net (fo=15, routed)          1.012     1.490    uControl/OPC_OBUF[1]
    SLICE_X2Y17          LUT4 (Prop_lut4_I0_O)        0.295     1.785 r  uControl/State_OBUF[3]_inst_i_2/O
                         net (fo=4, routed)           0.838     2.623    uControl/State_OBUF[3]_inst_i_2_n_0
    SLICE_X2Y17          LUT5 (Prop_lut5_I3_O)        0.150     2.773 r  uControl/Out1_OBUF[7]_inst_i_2/O
                         net (fo=23, routed)          0.949     3.722    uDatapath/uREG/uD/Out1[7]
    SLICE_X3Y15          LUT5 (Prop_lut5_I0_O)        0.328     4.050 r  uDatapath/uREG/uD/Out1_OBUF[7]_inst_i_1/O
                         net (fo=1, routed)           1.904     5.954    Out1_OBUF[7]
    V4                   OBUF (Prop_obuf_I_O)         2.587     8.541 r  Out1_OBUF[7]_inst/O
                         net (fo=0)                   0.000     8.541    Out1[7]
    V4                                                                r  Out1[7] (OUT)
  -------------------------------------------------------------------    -------------------





Min Delay Paths
--------------------------------------------------------------------------------------
Slack:                    inf
  Source:                 uControl/PC_reg[0]/C
                            (rising edge-triggered cell FDRE)
  Destination:            uControl/ASM_input_reg[0]/D
  Path Group:             (none)
  Path Type:              Min at Fast Process Corner
  Data Path Delay:        0.319ns  (logic 0.186ns (58.378%)  route 0.133ns (41.622%))
  Logic Levels:           2  (FDRE=1 LUT3=1)

    Location             Delay type                Incr(ns)  Path(ns)    Netlist Resource(s)
  -------------------------------------------------------------------    -------------------
    SLICE_X1Y18          FDRE                         0.000     0.000 r  uControl/PC_reg[0]/C
    SLICE_X1Y18          FDRE (Prop_fdre_C_Q)         0.141     0.141 r  uControl/PC_reg[0]/Q
                         net (fo=9, routed)           0.133     0.274    uControl/PC_OBUF[0]
    SLICE_X0Y18          LUT3 (Prop_lut3_I0_O)        0.045     0.319 r  uControl/ASM_input[0]_i_1/O
                         net (fo=1, routed)           0.000     0.319    uControl/ASM_input[0]_i_1_n_0
    SLICE_X0Y18          FDRE                                         r  uControl/ASM_input_reg[0]/D
  -------------------------------------------------------------------    -------------------

Slack:                    inf
  Source:                 uControl/PC_reg[0]/C
                            (rising edge-triggered cell FDRE)
  Destination:            uControl/ASM_input_reg[1]/D
  Path Group:             (none)
  Path Type:              Min at Fast Process Corner
  Data Path Delay:        0.322ns  (logic 0.189ns (58.766%)  route 0.133ns (41.234%))
  Logic Levels:           2  (FDRE=1 LUT3=1)

    Location             Delay type                Incr(ns)  Path(ns)    Netlist Resource(s)
  -------------------------------------------------------------------    -------------------
    SLICE_X1Y18          FDRE                         0.000     0.000 r  uControl/PC_reg[0]/C
    SLICE_X1Y18          FDRE (Prop_fdre_C_Q)         0.141     0.141 r  uControl/PC_reg[0]/Q
                         net (fo=9, routed)           0.133     0.274    uControl/PC_OBUF[0]
    SLICE_X0Y18          LUT3 (Prop_lut3_I0_O)        0.048     0.322 r  uControl/ASM_input[1]_i_1/O
                         net (fo=1, routed)           0.000     0.322    uControl/ASM_input[1]_i_1_n_0
    SLICE_X0Y18          FDRE                                         r  uControl/ASM_input_reg[1]/D
  -------------------------------------------------------------------    -------------------

Slack:                    inf
  Source:                 uControl/PC_reg[0]/C
                            (rising edge-triggered cell FDRE)
  Destination:            uControl/ASM_input_reg[2]/D
  Path Group:             (none)
  Path Type:              Min at Fast Process Corner
  Data Path Delay:        0.326ns  (logic 0.189ns (58.044%)  route 0.137ns (41.956%))
  Logic Levels:           2  (FDRE=1 LUT3=1)

    Location             Delay type                Incr(ns)  Path(ns)    Netlist Resource(s)
  -------------------------------------------------------------------    -------------------
    SLICE_X1Y18          FDRE                         0.000     0.000 r  uControl/PC_reg[0]/C
    SLICE_X1Y18          FDRE (Prop_fdre_C_Q)         0.141     0.141 r  uControl/PC_reg[0]/Q
                         net (fo=9, routed)           0.137     0.278    uControl/PC_OBUF[0]
    SLICE_X0Y18          LUT3 (Prop_lut3_I1_O)        0.048     0.326 r  uControl/ASM_input[2]_i_1/O
                         net (fo=1, routed)           0.000     0.326    uControl/ASM_input[2]_i_1_n_0
    SLICE_X0Y18          FDRE                                         r  uControl/ASM_input_reg[2]/D
  -------------------------------------------------------------------    -------------------

Slack:                    inf
  Source:                 uControl/FSM_onehot_state_reg[3]/C
                            (rising edge-triggered cell FDRE)
  Destination:            uControl/FSM_onehot_state_reg[4]/D
  Path Group:             (none)
  Path Type:              Min at Fast Process Corner
  Data Path Delay:        0.354ns  (logic 0.212ns (59.908%)  route 0.142ns (40.092%))
  Logic Levels:           2  (FDRE=1 LUT6=1)

    Location             Delay type                Incr(ns)  Path(ns)    Netlist Resource(s)
  -------------------------------------------------------------------    -------------------
    SLICE_X0Y17          FDRE                         0.000     0.000 r  uControl/FSM_onehot_state_reg[3]/C
    SLICE_X0Y17          FDRE (Prop_fdre_C_Q)         0.167     0.167 r  uControl/FSM_onehot_state_reg[3]/Q
                         net (fo=10, routed)          0.142     0.309    uControl/FSM_onehot_state_reg_n_0_[3]
    SLICE_X2Y18          LUT6 (Prop_lut6_I0_O)        0.045     0.354 r  uControl/FSM_onehot_state[4]_i_1/O
                         net (fo=1, routed)           0.000     0.354    uControl/FSM_onehot_state[4]_i_1_n_0
    SLICE_X2Y18          FDRE                                         r  uControl/FSM_onehot_state_reg[4]/D
  -------------------------------------------------------------------    -------------------

Slack:                    inf
  Source:                 uControl/PC_reg[0]/C
                            (rising edge-triggered cell FDRE)
  Destination:            uControl/PC_reg[1]/D
  Path Group:             (none)
  Path Type:              Min at Fast Process Corner
  Data Path Delay:        0.385ns  (logic 0.183ns (47.580%)  route 0.202ns (52.420%))
  Logic Levels:           2  (FDRE=1 LUT2=1)

    Location             Delay type                Incr(ns)  Path(ns)    Netlist Resource(s)
  -------------------------------------------------------------------    -------------------
    SLICE_X1Y18          FDRE                         0.000     0.000 r  uControl/PC_reg[0]/C
    SLICE_X1Y18          FDRE (Prop_fdre_C_Q)         0.141     0.141 r  uControl/PC_reg[0]/Q
                         net (fo=9, routed)           0.202     0.343    uControl/PC_OBUF[0]
    SLICE_X1Y18          LUT2 (Prop_lut2_I0_O)        0.042     0.385 r  uControl/PC[1]_i_1/O
                         net (fo=1, routed)           0.000     0.385    uControl/plusOp[1]
    SLICE_X1Y18          FDRE                                         r  uControl/PC_reg[1]/D
  -------------------------------------------------------------------    -------------------

Slack:                    inf
  Source:                 uControl/PC_reg[0]/C
                            (rising edge-triggered cell FDRE)
  Destination:            uControl/PC_reg[0]/D
  Path Group:             (none)
  Path Type:              Min at Fast Process Corner
  Data Path Delay:        0.388ns  (logic 0.186ns (47.986%)  route 0.202ns (52.014%))
  Logic Levels:           2  (FDRE=1 LUT1=1)

    Location             Delay type                Incr(ns)  Path(ns)    Netlist Resource(s)
  -------------------------------------------------------------------    -------------------
    SLICE_X1Y18          FDRE                         0.000     0.000 r  uControl/PC_reg[0]/C
    SLICE_X1Y18          FDRE (Prop_fdre_C_Q)         0.141     0.141 f  uControl/PC_reg[0]/Q
                         net (fo=9, routed)           0.202     0.343    uControl/PC_OBUF[0]
    SLICE_X1Y18          LUT1 (Prop_lut1_I0_O)        0.045     0.388 r  uControl/PC[0]_i_1/O
                         net (fo=1, routed)           0.000     0.388    uControl/plusOp[0]
    SLICE_X1Y18          FDRE                                         r  uControl/PC_reg[0]/D
  -------------------------------------------------------------------    -------------------

Slack:                    inf
  Source:                 uControl/PC_reg[0]/C
                            (rising edge-triggered cell FDRE)
  Destination:            uControl/PC_reg[3]/D
  Path Group:             (none)
  Path Type:              Min at Fast Process Corner
  Data Path Delay:        0.388ns  (logic 0.184ns (47.470%)  route 0.204ns (52.530%))
  Logic Levels:           2  (FDRE=1 LUT4=1)

    Location             Delay type                Incr(ns)  Path(ns)    Netlist Resource(s)
  -------------------------------------------------------------------    -------------------
    SLICE_X1Y18          FDRE                         0.000     0.000 r  uControl/PC_reg[0]/C
    SLICE_X1Y18          FDRE (Prop_fdre_C_Q)         0.141     0.141 r  uControl/PC_reg[0]/Q
                         net (fo=9, routed)           0.204     0.345    uControl/PC_OBUF[0]
    SLICE_X1Y18          LUT4 (Prop_lut4_I1_O)        0.043     0.388 r  uControl/PC[3]_i_1/O
                         net (fo=1, routed)           0.000     0.388    uControl/plusOp[3]
    SLICE_X1Y18          FDRE                                         r  uControl/PC_reg[3]/D
  -------------------------------------------------------------------    -------------------

Slack:                    inf
  Source:                 uControl/PC_reg[0]/C
                            (rising edge-triggered cell FDRE)
  Destination:            uControl/PC_reg[2]/D
  Path Group:             (none)
  Path Type:              Min at Fast Process Corner
  Data Path Delay:        0.390ns  (logic 0.186ns (47.740%)  route 0.204ns (52.260%))
  Logic Levels:           2  (FDRE=1 LUT3=1)

    Location             Delay type                Incr(ns)  Path(ns)    Netlist Resource(s)
  -------------------------------------------------------------------    -------------------
    SLICE_X1Y18          FDRE                         0.000     0.000 r  uControl/PC_reg[0]/C
    SLICE_X1Y18          FDRE (Prop_fdre_C_Q)         0.141     0.141 r  uControl/PC_reg[0]/Q
                         net (fo=9, routed)           0.204     0.345    uControl/PC_OBUF[0]
    SLICE_X1Y18          LUT3 (Prop_lut3_I2_O)        0.045     0.390 r  uControl/PC[2]_i_2/O
                         net (fo=1, routed)           0.000     0.390    uControl/plusOp[2]
    SLICE_X1Y18          FDRE                                         r  uControl/PC_reg[2]/D
  -------------------------------------------------------------------    -------------------

Slack:                    inf
  Source:                 uControl/FSM_onehot_state_reg[0]/C
                            (rising edge-triggered cell FDSE)
  Destination:            uControl/PC_reg[0]/R
  Path Group:             (none)
  Path Type:              Min at Fast Process Corner
  Data Path Delay:        0.432ns  (logic 0.167ns (38.644%)  route 0.265ns (61.356%))
  Logic Levels:           1  (FDSE=1)

    Location             Delay type                Incr(ns)  Path(ns)    Netlist Resource(s)
  -------------------------------------------------------------------    -------------------
    SLICE_X0Y19          FDSE                         0.000     0.000 r  uControl/FSM_onehot_state_reg[0]/C
    SLICE_X0Y19          FDSE (Prop_fdse_C_Q)         0.167     0.167 r  uControl/FSM_onehot_state_reg[0]/Q
                         net (fo=8, routed)           0.265     0.432    uControl/PC__0[0]
    SLICE_X1Y18          FDRE                                         r  uControl/PC_reg[0]/R
  -------------------------------------------------------------------    -------------------

Slack:                    inf
  Source:                 uControl/FSM_onehot_state_reg[0]/C
                            (rising edge-triggered cell FDSE)
  Destination:            uControl/PC_reg[1]/R
  Path Group:             (none)
  Path Type:              Min at Fast Process Corner
  Data Path Delay:        0.432ns  (logic 0.167ns (38.644%)  route 0.265ns (61.356%))
  Logic Levels:           1  (FDSE=1)

    Location             Delay type                Incr(ns)  Path(ns)    Netlist Resource(s)
  -------------------------------------------------------------------    -------------------
    SLICE_X0Y19          FDSE                         0.000     0.000 r  uControl/FSM_onehot_state_reg[0]/C
    SLICE_X0Y19          FDSE (Prop_fdse_C_Q)         0.167     0.167 r  uControl/FSM_onehot_state_reg[0]/Q
                         net (fo=8, routed)           0.265     0.432    uControl/PC__0[0]
    SLICE_X1Y18          FDRE                                         r  uControl/PC_reg[1]/R
  -------------------------------------------------------------------    -------------------





