Copyright 1986-2022 Xilinx, Inc. All Rights Reserved. Copyright 2022-2025 Advanced Micro Devices, Inc. All Rights Reserved.
---------------------------------------------------------------------------------------------------------------------------------------------
| Tool Version : Vivado v.2025.2 (win64) Build 6299465 Fri Nov 14 19:35:11 GMT 2025
| Date         : Wed Apr 29 10:52:28 2026
| Host         : DESKTOP-QU8QVCL running 64-bit major release  (build 9200)
| Command      : report_control_sets -verbose -file FULL_control_sets_placed.rpt
| Design       : FULL
| Device       : xc7z020
---------------------------------------------------------------------------------------------------------------------------------------------

Control Set Information

Table of Contents
-----------------
1. Summary
2. Histogram
3. Flip-Flop Distribution
4. Detailed Control Set Information

1. Summary
----------

+----------------------------------------------------------+-------+
|                          Status                          | Count |
+----------------------------------------------------------+-------+
| Total control sets                                       |     6 |
|    Minimum number of control sets                        |     6 |
|    Addition due to synthesis replication                 |     0 |
|    Addition due to physical synthesis replication        |     0 |
| Unused register locations in slices containing registers |    14 |
+----------------------------------------------------------+-------+
* Control sets can be merged at opt_design using control_set_merge or merge_equivalent_drivers
** Run report_qor_suggestions for automated merging and remapping suggestions


2. Histogram
------------

+--------------------+-------+
|       Fanout       | Count |
+--------------------+-------+
| Total control sets |     6 |
| >= 0 to < 4        |     0 |
| >= 4 to < 6        |     2 |
| >= 6 to < 8        |     0 |
| >= 8 to < 10       |     2 |
| >= 10 to < 12      |     0 |
| >= 12 to < 14      |     0 |
| >= 14 to < 16      |     0 |
| >= 16              |     2 |
+--------------------+-------+
* Control sets can be remapped at either synth_design or opt_design


3. Flip-Flop Distribution
-------------------------

+--------------+-----------------------+------------------------+-----------------+--------------+
| Clock Enable | Synchronous Set/Reset | Asynchronous Set/Reset | Total Registers | Total Slices |
+--------------+-----------------------+------------------------+-----------------+--------------+
| No           | No                    | No                     |               8 |            6 |
| No           | No                    | Yes                    |               9 |            5 |
| No           | Yes                   | No                     |               0 |            0 |
| Yes          | No                    | No                     |               5 |            2 |
| Yes          | No                    | Yes                    |             132 |           44 |
| Yes          | Yes                   | No                     |              16 |            4 |
+--------------+-----------------------+------------------------+-----------------+--------------+


4. Detailed Control Set Information
-----------------------------------

+----------------+---------------------------------------------+-----------------------------------+------------------+----------------+--------------+
|  Clock Signal  |                Enable Signal                |          Set/Reset Signal         | Slice Load Count | Bel Load Count | Bels / Slice |
+----------------+---------------------------------------------+-----------------------------------+------------------+----------------+--------------+
|  clk_IBUF_BUFG | wave_gen/Control/clkdiv0_carry__0_n_0       | reset_IBUF                        |                1 |              4 |         4.00 |
|  clk_IBUF_BUFG | wave_gen/Control/counter_divider0           |                                   |                2 |              5 |         2.50 |
|  clk_IBUF_BUFG |                                             |                                   |                6 |              8 |         1.33 |
|  clk_IBUF_BUFG |                                             | reset_IBUF                        |                5 |              9 |         1.80 |
|  clk_IBUF_BUFG | wave_gen/Control/counter_divider[0]_i_2_n_0 | wave_gen/Control/counter_divider0 |                4 |             16 |         4.00 |
|  clk_IBUF_BUFG | wave_gen/Control/E[0]                       | reset_IBUF                        |               43 |            128 |         2.98 |
+----------------+---------------------------------------------+-----------------------------------+------------------+----------------+--------------+


