Vivado Simulator v2025.2
Copyright 1986-2022 Xilinx, Inc. All Rights Reserved.
Copyright 2022-2025 Advanced Micro Devices, Inc. All Rights Reserved.
Running: C:/AMDDesignTools/2025.2/Vivado/bin/unwrapped/win64.o/xelab.exe --incr --debug typical --relax --mt 2 --maxdelay -L xil_defaultlib -L simprims_ver -L secureip --snapshot tb_full_assignment2_time_impl -transport_int_delays -pulse_r 0 -pulse_int_r 0 -pulse_e 0 -pulse_int_e 0 xil_defaultlib.tb_full_assignment2 xil_defaultlib.glbl -log elaborate.log 
Using 2 slave threads.
Starting static elaboration
Pass Through NonSizing Optimizer
Completed static elaboration
Starting simulation data flow analysis
Completed simulation data flow analysis
INFO: [XSIM 43-3451] SDF backannotation process started with SDF file "tb_full_assignment2_time_impl.sdf", for root module "tb_full_assignment2/uut".
INFO: [XSIM 43-3452] SDF backannotation was successful for SDF file "tb_full_assignment2_time_impl.sdf", for root module "tb_full_assignment2/uut".
Time Resolution for simulation is 1ps
Compiling package std.standard
Compiling package std.textio
Compiling package ieee.std_logic_1164
Compiling package vl.vl_types
Compiling module xil_defaultlib.glbl
Compiling module simprims_ver.OBUF
Compiling module simprims_ver.BUFG
Compiling module simprims_ver.IBUF
Compiling module simprims_ver.x_lut3_mux8
Compiling module simprims_ver.LUT3
Compiling module simprims_ver.x_lut2_mux4
Compiling module simprims_ver.LUT2
Compiling module simprims_ver.x_lut1_mux2
Compiling module simprims_ver.LUT1
Compiling module simprims_ver.FDRE_default
Compiling module simprims_ver.LUT5
Compiling module simprims_ver.LUT6
Compiling module simprims_ver.FDSE(IS_C_INVERTED=1'b1)
Compiling module simprims_ver.FDRE(IS_C_INVERTED=1'b1)
Compiling module simprims_ver.LUT4
Compiling module xil_defaultlib.stateMachine
Compiling module simprims_ver.FDCE_default
Compiling module xil_defaultlib.A
Compiling module xil_defaultlib.B
Compiling module xil_defaultlib.C
Compiling module xil_defaultlib.D
Compiling module xil_defaultlib.PIPO
Compiling module xil_defaultlib.Datapath
Compiling module xil_defaultlib.full_assignment2
Compiling architecture behavioral of entity xil_defaultlib.tb_full_assignment2
Built simulation snapshot tb_full_assignment2_time_impl
