#-----------------------------------------------------------
# Vivado v2025.2 (64-bit)
# SW Build 6299465 on Fri Nov 14 19:35:11 GMT 2025
# IP Build 6300035 on Fri Nov 14 10:48:45 MST 2025
# SharedData Build 6298862 on Thu Nov 13 04:50:51 MST 2025
# Start of session at: Wed Mar 18 11:18:46 2026
# Process ID         : 24036
# Current directory  : C:/Users/liubo/Documents/GitHub projects/DDSP/Assignment2/stateMachine
# Command line       : vivado.exe -gui_launcher_event rodinguilauncherevent9064 C:\Users\liubo\Documents\GitHub projects\DDSP\Assignment2\stateMachine\stateMachine.xpr
# Log file           : C:/Users/liubo/Documents/GitHub projects/DDSP/Assignment2/stateMachine/vivado.log
# Journal file       : C:/Users/liubo/Documents/GitHub projects/DDSP/Assignment2/stateMachine\vivado.jou
# Running On         : DESKTOP-QU8QVCL
# Platform           : Windows Server 2016 or Windows 10
# Operating System   : 26200
# Processor Detail   : 13th Gen Intel(R) Core(TM) i7-13705H
# CPU Frequency      : 2918 MHz
# CPU Physical cores : 14
# CPU Logical cores  : 20
# Host memory        : 34086 MB
# Swap memory        : 2147 MB
# Total Virtual      : 36234 MB
# Available Virtual  : 19012 MB
#-----------------------------------------------------------
start_gui
open_project {C:/Users/liubo/Documents/GitHub projects/DDSP/Assignment2/stateMachine/stateMachine.xpr}
WARNING: [Board 49-26] cannot add Board Part xilinx.com:ac701:part0:1.4 available at C:/AMDDesignTools/2025.2/data/xhub/boards\XilinxBoardStore\boards\Xilinx\ac701\1.4\board.xml as part xc7a200tfbg676-2 specified in board_part file is either invalid or not available
WARNING: [Board 49-26] cannot add Board Part xilinx.com:emb-plus-vpr-4616:part0:1.0 available at C:/AMDDesignTools/2025.2/data/xhub/boards\XilinxBoardStore\boards\Xilinx\emb-plus-vpr-4616\1.0\board.xml as part xcve2302-sfva784-2mp-e-s specified in board_part file is either invalid or not available
WARNING: [Board 49-26] cannot add Board Part xilinx.com:emb-plus-vpr-4616:part0:1.1 available at C:/AMDDesignTools/2025.2/data/xhub/boards\XilinxBoardStore\boards\Xilinx\emb-plus-vpr-4616\1.1\board.xml as part xcve2302-sfva784-2mp-e-s specified in board_part file is either invalid or not available
WARNING: [Board 49-26] cannot add Board Part xilinx.com:k24c:part0:1.0 available at C:/AMDDesignTools/2025.2/data/xhub/boards\XilinxBoardStore\boards\Xilinx\k24c\1.0\board.xml as part xck24-ubva530-2lv-c specified in board_part file is either invalid or not available
WARNING: [Board 49-26] cannot add Board Part xilinx.com:k24c:part0:1.1 available at C:/AMDDesignTools/2025.2/data/xhub/boards\XilinxBoardStore\boards\Xilinx\k24c\1.1\board.xml as part xck24-ubva530-2lv-c specified in board_part file is either invalid or not available
WARNING: [Board 49-26] cannot add Board Part xilinx.com:k24i:part0:1.0 available at C:/AMDDesignTools/2025.2/data/xhub/boards\XilinxBoardStore\boards\Xilinx\k24i\1.0\board.xml as part xck24-ubva530-2lvi-i specified in board_part file is either invalid or not available
WARNING: [Board 49-26] cannot add Board Part xilinx.com:k26c:part0:1.2 available at C:/AMDDesignTools/2025.2/data/xhub/boards\XilinxBoardStore\boards\Xilinx\k26c\1.2\board.xml as part xck26-sfvc784-2lv-c specified in board_part file is either invalid or not available
WARNING: [Board 49-26] cannot add Board Part xilinx.com:k26c:part0:1.3 available at C:/AMDDesignTools/2025.2/data/xhub/boards\XilinxBoardStore\boards\Xilinx\k26c\1.3\board.xml as part xck26-sfvc784-2lv-c specified in board_part file is either invalid or not available
WARNING: [Board 49-26] cannot add Board Part xilinx.com:k26c:part0:1.4 available at C:/AMDDesignTools/2025.2/data/xhub/boards\XilinxBoardStore\boards\Xilinx\k26c\1.4\board.xml as part xck26-sfvc784-2lv-c specified in board_part file is either invalid or not available
WARNING: [Board 49-26] cannot add Board Part xilinx.com:k26i:part0:1.2 available at C:/AMDDesignTools/2025.2/data/xhub/boards\XilinxBoardStore\boards\Xilinx\k26i\1.2\board.xml as part xck26-sfvc784-2lvi-i specified in board_part file is either invalid or not available
WARNING: [Board 49-26] cannot add Board Part xilinx.com:k26i:part0:1.3 available at C:/AMDDesignTools/2025.2/data/xhub/boards\XilinxBoardStore\boards\Xilinx\k26i\1.3\board.xml as part xck26-sfvc784-2lvi-i specified in board_part file is either invalid or not available
WARNING: [Board 49-26] cannot add Board Part xilinx.com:k26i:part0:1.4 available at C:/AMDDesignTools/2025.2/data/xhub/boards\XilinxBoardStore\boards\Xilinx\k26i\1.4\board.xml as part xck26-sfvc784-2lvi-i specified in board_part file is either invalid or not available
WARNING: [Board 49-26] cannot add Board Part xilinx.com:kc705:part0:1.6 available at C:/AMDDesignTools/2025.2/data/xhub/boards\XilinxBoardStore\boards\Xilinx\kc705\1.6\board.xml as part xc7k325tffg900-2 specified in board_part file is either invalid or not available
WARNING: [Board 49-26] cannot add Board Part xilinx.com:kc705:part0:1.7 available at C:/AMDDesignTools/2025.2/data/xhub/boards\XilinxBoardStore\boards\Xilinx\kc705\1.7\board.xml as part xc7k325tffg900-2 specified in board_part file is either invalid or not available
WARNING: [Board 49-26] cannot add Board Part xilinx.com:kcu105:part0:1.6 available at C:/AMDDesignTools/2025.2/data/xhub/boards\XilinxBoardStore\boards\Xilinx\kcu105\1.6\board.xml as part xcku040-ffva1156-2-e specified in board_part file is either invalid or not available
WARNING: [Board 49-26] cannot add Board Part xilinx.com:kcu105:part0:1.7 available at C:/AMDDesignTools/2025.2/data/xhub/boards\XilinxBoardStore\boards\Xilinx\kcu105\1.7\board.xml as part xcku040-ffva1156-2-e specified in board_part file is either invalid or not available
WARNING: [Board 49-26] cannot add Board Part xilinx.com:kcu116:part0:1.4 available at C:/AMDDesignTools/2025.2/data/xhub/boards\XilinxBoardStore\boards\Xilinx\kcu116\1.4\board.xml as part xcku5p-ffvb676-2-e specified in board_part file is either invalid or not available
WARNING: [Board 49-26] cannot add Board Part xilinx.com:kcu116:part0:1.5 available at C:/AMDDesignTools/2025.2/data/xhub/boards\XilinxBoardStore\boards\Xilinx\kcu116\1.5\board.xml as part xcku5p-ffvb676-2-e specified in board_part file is either invalid or not available
WARNING: [Board 49-26] cannot add Board Part xilinx.com:kcu1500:part0:1.2 available at C:/AMDDesignTools/2025.2/data/xhub/boards\XilinxBoardStore\boards\Xilinx\kcu1500\1.2\board.xml as part xcku115-flvb2104-2-e specified in board_part file is either invalid or not available
WARNING: [Board 49-26] cannot add Board Part xilinx.com:kd240_som:part0:1.0 available at C:/AMDDesignTools/2025.2/data/xhub/boards\XilinxBoardStore\boards\Xilinx\kd240_som\1.0\board.xml as part xck24-ubva530-2lv-c specified in board_part file is either invalid or not available
WARNING: [Board 49-26] cannot add Board Part xilinx.com:kd240_som:part0:1.1 available at C:/AMDDesignTools/2025.2/data/xhub/boards\XilinxBoardStore\boards\Xilinx\kd240_som\1.1\board.xml as part xck24-ubva530-2lv-c specified in board_part file is either invalid or not available
WARNING: [Board 49-26] cannot add Board Part xilinx.com:kr260_som:part0:1.0 available at C:/AMDDesignTools/2025.2/data/xhub/boards\XilinxBoardStore\boards\Xilinx\kr260_som\1.0\board.xml as part xck26-sfvc784-2lv-c specified in board_part file is either invalid or not available
WARNING: [Board 49-26] cannot add Board Part xilinx.com:kr260_som:part0:1.1 available at C:/AMDDesignTools/2025.2/data/xhub/boards\XilinxBoardStore\boards\Xilinx\kr260_som\1.1\board.xml as part xck26-sfvc784-2lv-c specified in board_part file is either invalid or not available
WARNING: [Board 49-26] cannot add Board Part xilinx.com:kv260_som:part0:1.2 available at C:/AMDDesignTools/2025.2/data/xhub/boards\XilinxBoardStore\boards\Xilinx\kv260_som\1.2\board.xml as part xck26-sfvc784-2lv-c specified in board_part file is either invalid or not available
WARNING: [Board 49-26] cannot add Board Part xilinx.com:kv260_som:part0:1.3 available at C:/AMDDesignTools/2025.2/data/xhub/boards\XilinxBoardStore\boards\Xilinx\kv260_som\1.3\board.xml as part xck26-sfvc784-2lv-c specified in board_part file is either invalid or not available
WARNING: [Board 49-26] cannot add Board Part xilinx.com:kv260_som:part0:1.4 available at C:/AMDDesignTools/2025.2/data/xhub/boards\XilinxBoardStore\boards\Xilinx\kv260_som\1.4\board.xml as part xck26-sfvc784-2lv-c specified in board_part file is either invalid or not available
WARNING: [Board 49-26] cannot add Board Part xilinx.com:scu35:part0:1.0 available at C:/AMDDesignTools/2025.2/data/xhub/boards\XilinxBoardStore\boards\Xilinx\scu35\1.0\board.xml as part xcsu35p-sbvb625-2-e specified in board_part file is either invalid or not available
WARNING: [Board 49-26] cannot add Board Part xilinx.com:sp701:part0:1.0 available at C:/AMDDesignTools/2025.2/data/xhub/boards\XilinxBoardStore\boards\Xilinx\sp701\1.0\board.xml as part xc7s100fgga676-2 specified in board_part file is either invalid or not available
WARNING: [Board 49-26] cannot add Board Part xilinx.com:sp701:part0:1.1 available at C:/AMDDesignTools/2025.2/data/xhub/boards\XilinxBoardStore\boards\Xilinx\sp701\1.1\board.xml as part xc7s100fgga676-2 specified in board_part file is either invalid or not available
WARNING: [Board 49-26] cannot add Board Part xilinx.com:v80:part0:1.0 available at C:/AMDDesignTools/2025.2/data/xhub/boards\XilinxBoardStore\boards\Xilinx\v80\1.0\board.xml as part xcv80-lsva4737-2mhp-e-s specified in board_part file is either invalid or not available
WARNING: [Board 49-26] cannot add Board Part xilinx.com:vc707:part0:1.4 available at C:/AMDDesignTools/2025.2/data/xhub/boards\XilinxBoardStore\boards\Xilinx\vc707\1.4\board.xml as part xc7vx485tffg1761-2 specified in board_part file is either invalid or not available
WARNING: [Board 49-26] cannot add Board Part xilinx.com:vc707:part0:1.5 available at C:/AMDDesignTools/2025.2/data/xhub/boards\XilinxBoardStore\boards\Xilinx\vc707\1.5\board.xml as part xc7vx485tffg1761-2 specified in board_part file is either invalid or not available
WARNING: [Board 49-26] cannot add Board Part xilinx.com:vc709:part0:1.8 available at C:/AMDDesignTools/2025.2/data/xhub/boards\XilinxBoardStore\boards\Xilinx\vc709\1.8\board.xml as part xc7vx690tffg1761-2 specified in board_part file is either invalid or not available
WARNING: [Board 49-26] cannot add Board Part xilinx.com:vck190:part0:2.2 available at C:/AMDDesignTools/2025.2/data/xhub/boards\XilinxBoardStore\boards\Xilinx\vck190\production\2.2\board.xml as part xcvc1902-vsva2197-2mp-e-s specified in board_part file is either invalid or not available
WARNING: [Board 49-26] cannot add Board Part xilinx.com:vck190:part0:3.0 available at C:/AMDDesignTools/2025.2/data/xhub/boards\XilinxBoardStore\boards\Xilinx\vck190\production\3.0\board.xml as part xcvc1902-vsva2197-2mp-e-s specified in board_part file is either invalid or not available
WARNING: [Board 49-26] cannot add Board Part xilinx.com:vck190:part0:3.1 available at C:/AMDDesignTools/2025.2/data/xhub/boards\XilinxBoardStore\boards\Xilinx\vck190\production\3.1\board.xml as part xcvc1902-vsva2197-2mp-e-s specified in board_part file is either invalid or not available
WARNING: [Board 49-26] cannot add Board Part xilinx.com:vck190:part0:3.2 available at C:/AMDDesignTools/2025.2/data/xhub/boards\XilinxBoardStore\boards\Xilinx\vck190\production\3.2\board.xml as part xcvc1902-vsva2197-2mp-e-s specified in board_part file is either invalid or not available
WARNING: [Board 49-26] cannot add Board Part xilinx.com:vck190:part0:3.3 available at C:/AMDDesignTools/2025.2/data/xhub/boards\XilinxBoardStore\boards\Xilinx\vck190\production\3.3\board.xml as part xcvc1902-vsva2197-2mp-e-s specified in board_part file is either invalid or not available
WARNING: [Board 49-26] cannot add Board Part xilinx.com:vck190:part0:3.4 available at C:/AMDDesignTools/2025.2/data/xhub/boards\XilinxBoardStore\boards\Xilinx\vck190\production\3.4\board.xml as part xcvc1902-vsva2197-2mp-e-s specified in board_part file is either invalid or not available
WARNING: [Board 49-26] cannot add Board Part xilinx.com:vck190_newl:part0:1.0 available at C:/AMDDesignTools/2025.2/data/xhub/boards\XilinxBoardStore\boards\Xilinx\vck190_newl\production\1.0\board.xml as part xcvc1902-vsva2197-2mp-e-s specified in board_part file is either invalid or not available
WARNING: [Board 49-26] cannot add Board Part xilinx.com:vck190_newl:part0:1.1 available at C:/AMDDesignTools/2025.2/data/xhub/boards\XilinxBoardStore\boards\Xilinx\vck190_newl\production\1.1\board.xml as part xcvc1902-vsva2197-2mp-e-s specified in board_part file is either invalid or not available
WARNING: [Board 49-26] cannot add Board Part xilinx.com:vck190_newl:part0:1.2 available at C:/AMDDesignTools/2025.2/data/xhub/boards\XilinxBoardStore\boards\Xilinx\vck190_newl\production\1.2\board.xml as part xcvc1902-vsva2197-2mp-e-s specified in board_part file is either invalid or not available
WARNING: [Board 49-26] cannot add Board Part xilinx.com:vck190_newl:part0:1.3 available at C:/AMDDesignTools/2025.2/data/xhub/boards\XilinxBoardStore\boards\Xilinx\vck190_newl\production\1.3\board.xml as part xcvc1902-vsva2197-2mp-e-s specified in board_part file is either invalid or not available
WARNING: [Board 49-26] cannot add Board Part xilinx.com:vcu108:part0:1.6 available at C:/AMDDesignTools/2025.2/data/xhub/boards\XilinxBoardStore\boards\Xilinx\vcu108\1.6\board.xml as part xcvu095-ffva2104-2-e specified in board_part file is either invalid or not available
WARNING: [Board 49-26] cannot add Board Part xilinx.com:vcu108:part0:1.7 available at C:/AMDDesignTools/2025.2/data/xhub/boards\XilinxBoardStore\boards\Xilinx\vcu108\1.7\board.xml as part xcvu095-ffva2104-2-e specified in board_part file is either invalid or not available
WARNING: [Board 49-26] cannot add Board Part xilinx.com:vcu110:part0:1.4 available at C:/AMDDesignTools/2025.2/data/xhub/boards\XilinxBoardStore\boards\Xilinx\vcu110\1.4\board.xml as part xcvu190-flgc2104-2-e specified in board_part file is either invalid or not available
WARNING: [Board 49-26] cannot add Board Part xilinx.com:vcu118:part0:2.0 available at C:/AMDDesignTools/2025.2/data/xhub/boards\XilinxBoardStore\boards\Xilinx\vcu118\2.0\board.xml as part xcvu9p-flga2104-2l-e specified in board_part file is either invalid or not available
WARNING: [Board 49-26] cannot add Board Part xilinx.com:vcu118:part0:2.3 available at C:/AMDDesignTools/2025.2/data/xhub/boards\XilinxBoardStore\boards\Xilinx\vcu118\2.3\board.xml as part xcvu9p-flga2104-2l-e specified in board_part file is either invalid or not available
WARNING: [Board 49-26] cannot add Board Part xilinx.com:vcu118:part0:2.4 available at C:/AMDDesignTools/2025.2/data/xhub/boards\XilinxBoardStore\boards\Xilinx\vcu118\2.4\board.xml as part xcvu9p-flga2104-2l-e specified in board_part file is either invalid or not available
WARNING: [Board 49-26] cannot add Board Part xilinx.com:vcu128:part0:1.0 available at C:/AMDDesignTools/2025.2/data/xhub/boards\XilinxBoardStore\boards\Xilinx\vcu128\production\1.0\board.xml as part xcvu37p-fsvh2892-2l-e specified in board_part file is either invalid or not available
WARNING: [Board 49-26] cannot add Board Part xilinx.com:vcu129:part0:1.0 available at C:/AMDDesignTools/2025.2/data/xhub/boards\XilinxBoardStore\boards\Xilinx\vcu129\production\1.0\board.xml as part xcvu29p-fsga2577-2l-e specified in board_part file is either invalid or not available
WARNING: [Board 49-26] cannot add Board Part xilinx.com:vcu1525:part0:1.3 available at C:/AMDDesignTools/2025.2/data/xhub/boards\XilinxBoardStore\boards\Xilinx\vcu1525\1.3\board.xml as part xcvu9p-fsgd2104-2l-e specified in board_part file is either invalid or not available
WARNING: [Board 49-26] cannot add Board Part xilinx.com:vek280:part0:1.0 available at C:/AMDDesignTools/2025.2/data/xhub/boards\XilinxBoardStore\boards\Xilinx\vek280\production\1.0\board.xml as part xcve2802-vsvh1760-2mp-e-s specified in board_part file is either invalid or not available
WARNING: [Board 49-26] cannot add Board Part xilinx.com:vek280:part0:1.1 available at C:/AMDDesignTools/2025.2/data/xhub/boards\XilinxBoardStore\boards\Xilinx\vek280\production\1.1\board.xml as part xcve2802-vsvh1760-2mp-e-s specified in board_part file is either invalid or not available
WARNING: [Board 49-26] cannot add Board Part xilinx.com:vek280:part0:1.2 available at C:/AMDDesignTools/2025.2/data/xhub/boards\XilinxBoardStore\boards\Xilinx\vek280\production\1.2\board.xml as part xcve2802-vsvh1760-2mp-e-s specified in board_part file is either invalid or not available
WARNING: [Board 49-26] cannot add Board Part xilinx.com:vek385:part0:1.0 available at C:/AMDDesignTools/2025.2/data/xhub/boards\XilinxBoardStore\boards\Xilinx\vek385\1.0\board.xml as part xc2ve3858-ssva2112-2mp-e-s specified in board_part file is either invalid or not available
WARNING: [Board 49-26] cannot add Board Part xilinx.com:vek385:part0:1.1 available at C:/AMDDesignTools/2025.2/data/xhub/boards\XilinxBoardStore\boards\Xilinx\vek385\1.1\board.xml as part xc2ve3858-ssva2112-2mp-e-s specified in board_part file is either invalid or not available
WARNING: [Board 49-26] cannot add Board Part xilinx.com:vek385_1:part0:1.0 available at C:/AMDDesignTools/2025.2/data/xhub/boards\XilinxBoardStore\boards\Xilinx\vek385_2\1.0\board.xml as part xc2ve3858-ssva2112-2mp-e-s specified in board_part file is either invalid or not available
WARNING: [Board 49-26] cannot add Board Part xilinx.com:vermeo_t1_mpsoc:part0:1.0 available at C:/AMDDesignTools/2025.2/data/xhub/boards\XilinxBoardStore\boards\Xilinx\vermeo_t1_mpsoc\1.0\board.xml as part xczu19eg-ffvd1760-2l-e specified in board_part file is either invalid or not available
WARNING: [Board 49-26] cannot add Board Part xilinx.com:vermeo_t1_rfsoc:part0:1.0 available at C:/AMDDesignTools/2025.2/data/xhub/boards\XilinxBoardStore\boards\Xilinx\vermeo_t1_rfsoc\1.0\board.xml as part xczu21dr-ffvd1156-2l-e specified in board_part file is either invalid or not available
WARNING: [Board 49-26] cannot add Board Part xilinx.com:vhk158:part0:1.0 available at C:/AMDDesignTools/2025.2/data/xhub/boards\XilinxBoardStore\boards\Xilinx\vhk158\production\1.0\board.xml as part xcvh1582-vsva3697-2mp-e-s specified in board_part file is either invalid or not available
WARNING: [Board 49-26] cannot add Board Part xilinx.com:vhk158:part0:1.1 available at C:/AMDDesignTools/2025.2/data/xhub/boards\XilinxBoardStore\boards\Xilinx\vhk158\production\1.1\board.xml as part xcvh1582-vsva3697-2mp-e-s specified in board_part file is either invalid or not available
WARNING: [Board 49-26] cannot add Board Part xilinx.com:vhk158:part0:1.2 available at C:/AMDDesignTools/2025.2/data/xhub/boards\XilinxBoardStore\boards\Xilinx\vhk158\production\1.2\board.xml as part xcvh1582-vsva3697-2mp-e-s specified in board_part file is either invalid or not available
WARNING: [Board 49-26] cannot add Board Part xilinx.com:vmk180:part0:2.2 available at C:/AMDDesignTools/2025.2/data/xhub/boards\XilinxBoardStore\boards\Xilinx\vmk180\production\2.2\board.xml as part xcvm1802-vsva2197-2mp-e-s specified in board_part file is either invalid or not available
WARNING: [Board 49-26] cannot add Board Part xilinx.com:vmk180:part0:3.0 available at C:/AMDDesignTools/2025.2/data/xhub/boards\XilinxBoardStore\boards\Xilinx\vmk180\production\3.0\board.xml as part xcvm1802-vsva2197-2mp-e-s specified in board_part file is either invalid or not available
WARNING: [Board 49-26] cannot add Board Part xilinx.com:vmk180:part0:3.1 available at C:/AMDDesignTools/2025.2/data/xhub/boards\XilinxBoardStore\boards\Xilinx\vmk180\production\3.1\board.xml as part xcvm1802-vsva2197-2mp-e-s specified in board_part file is either invalid or not available
WARNING: [Board 49-26] cannot add Board Part xilinx.com:vmk180:part0:3.2 available at C:/AMDDesignTools/2025.2/data/xhub/boards\XilinxBoardStore\boards\Xilinx\vmk180\production\3.2\board.xml as part xcvm1802-vsva2197-2mp-e-s specified in board_part file is either invalid or not available
WARNING: [Board 49-26] cannot add Board Part xilinx.com:vmk180:part0:3.3 available at C:/AMDDesignTools/2025.2/data/xhub/boards\XilinxBoardStore\boards\Xilinx\vmk180\production\3.3\board.xml as part xcvm1802-vsva2197-2mp-e-s specified in board_part file is either invalid or not available
WARNING: [Board 49-26] cannot add Board Part xilinx.com:vmk180_newl:part0:1.0 available at C:/AMDDesignTools/2025.2/data/xhub/boards\XilinxBoardStore\boards\Xilinx\vmk180_newl\production\1.0\board.xml as part xcvm1802-vsva2197-2mp-e-s specified in board_part file is either invalid or not available
WARNING: [Board 49-26] cannot add Board Part xilinx.com:vmk180_newl:part0:1.1 available at C:/AMDDesignTools/2025.2/data/xhub/boards\XilinxBoardStore\boards\Xilinx\vmk180_newl\production\1.1\board.xml as part xcvm1802-vsva2197-2mp-e-s specified in board_part file is either invalid or not available
WARNING: [Board 49-26] cannot add Board Part xilinx.com:vpk120:part0:1.0 available at C:/AMDDesignTools/2025.2/data/xhub/boards\XilinxBoardStore\boards\Xilinx\vpk120\production\1.0\board.xml as part xcvp1202-vsva2785-2mp-e-s specified in board_part file is either invalid or not available
WARNING: [Board 49-26] cannot add Board Part xilinx.com:vpk120:part0:1.1 available at C:/AMDDesignTools/2025.2/data/xhub/boards\XilinxBoardStore\boards\Xilinx\vpk120\production\1.1\board.xml as part xcvp1202-vsva2785-2mp-e-s specified in board_part file is either invalid or not available
WARNING: [Board 49-26] cannot add Board Part xilinx.com:vpk120:part0:1.2 available at C:/AMDDesignTools/2025.2/data/xhub/boards\XilinxBoardStore\boards\Xilinx\vpk120\production\1.2\board.xml as part xcvp1202-vsva2785-2mp-e-s specified in board_part file is either invalid or not available
WARNING: [Board 49-26] cannot add Board Part xilinx.com:vpk180:part0:1.0 available at C:/AMDDesignTools/2025.2/data/xhub/boards\XilinxBoardStore\boards\Xilinx\vpk180\production\1.0\board.xml as part xcvp1802-lsvc4072-2mp-e-s specified in board_part file is either invalid or not available
WARNING: [Board 49-26] cannot add Board Part xilinx.com:vpk180:part0:1.1 available at C:/AMDDesignTools/2025.2/data/xhub/boards\XilinxBoardStore\boards\Xilinx\vpk180\production\1.1\board.xml as part xcvp1802-lsvc4072-2mp-e-s specified in board_part file is either invalid or not available
WARNING: [Board 49-26] cannot add Board Part xilinx.com:vpk180:part0:1.2 available at C:/AMDDesignTools/2025.2/data/xhub/boards\XilinxBoardStore\boards\Xilinx\vpk180\production\1.2\board.xml as part xcvp1802-lsvc4072-2mp-e-s specified in board_part file is either invalid or not available
WARNING: [Board 49-26] cannot add Board Part xilinx.com:vrk160:part0:1.0 available at C:/AMDDesignTools/2025.2/data/xhub/boards\XilinxBoardStore\boards\Xilinx\vrk160\1.0\board.xml as part xcvr1602-vsva2488-2mp-e-s-es1 specified in board_part file is either invalid or not available
WARNING: [Board 49-26] cannot add Board Part xilinx.com:vrk160:part0:1.1 available at C:/AMDDesignTools/2025.2/data/xhub/boards\XilinxBoardStore\boards\Xilinx\vrk160\1.1\board.xml as part xcvr1602-vsva2488-2mp-e-s-es1 specified in board_part file is either invalid or not available
WARNING: [Board 49-26] cannot add Board Part xilinx.com:zc706:part0:1.4 available at C:/AMDDesignTools/2025.2/data/xhub/boards\XilinxBoardStore\boards\Xilinx\zc706\1.4\board.xml as part xc7z045ffg900-2 specified in board_part file is either invalid or not available
WARNING: [Board 49-26] cannot add Board Part xilinx.com:zc706:part0:1.5 available at C:/AMDDesignTools/2025.2/data/xhub/boards\XilinxBoardStore\boards\Xilinx\zc706\1.5\board.xml as part xc7z045ffg900-2 specified in board_part file is either invalid or not available
WARNING: [Board 49-26] cannot add Board Part xilinx.com:zcu102:part0:3.3 available at C:/AMDDesignTools/2025.2/data/xhub/boards\XilinxBoardStore\boards\Xilinx\zcu102\3.3\board.xml as part xczu9eg-ffvb1156-2-e specified in board_part file is either invalid or not available
WARNING: [Board 49-26] cannot add Board Part xilinx.com:zcu102:part0:3.4 available at C:/AMDDesignTools/2025.2/data/xhub/boards\XilinxBoardStore\boards\Xilinx\zcu102\3.4\board.xml as part xczu9eg-ffvb1156-2-e specified in board_part file is either invalid or not available
WARNING: [Board 49-26] cannot add Board Part xilinx.com:zcu104:part0:1.1 available at C:/AMDDesignTools/2025.2/data/xhub/boards\XilinxBoardStore\boards\Xilinx\zcu104\1.1\board.xml as part xczu7ev-ffvc1156-2-e specified in board_part file is either invalid or not available
WARNING: [Board 49-26] cannot add Board Part xilinx.com:zcu106:part0:2.4 available at C:/AMDDesignTools/2025.2/data/xhub/boards\XilinxBoardStore\boards\Xilinx\zcu106\2.4\board.xml as part xczu7ev-ffvc1156-2-e specified in board_part file is either invalid or not available
WARNING: [Board 49-26] cannot add Board Part xilinx.com:zcu106:part0:2.5 available at C:/AMDDesignTools/2025.2/data/xhub/boards\XilinxBoardStore\boards\Xilinx\zcu106\2.5\board.xml as part xczu7ev-ffvc1156-2-e specified in board_part file is either invalid or not available
WARNING: [Board 49-26] cannot add Board Part xilinx.com:zcu106:part0:2.6 available at C:/AMDDesignTools/2025.2/data/xhub/boards\XilinxBoardStore\boards\Xilinx\zcu106\2.6\board.xml as part xczu7ev-ffvc1156-2-e specified in board_part file is either invalid or not available
WARNING: [Board 49-26] cannot add Board Part xilinx.com:zcu111:part0:1.2 available at C:/AMDDesignTools/2025.2/data/xhub/boards\XilinxBoardStore\boards\Xilinx\zcu111\1.2\board.xml as part xczu28dr-ffvg1517-2-e specified in board_part file is either invalid or not available
WARNING: [Board 49-26] cannot add Board Part xilinx.com:zcu111:part0:1.3 available at C:/AMDDesignTools/2025.2/data/xhub/boards\XilinxBoardStore\boards\Xilinx\zcu111\1.3\board.xml as part xczu28dr-ffvg1517-2-e specified in board_part file is either invalid or not available
WARNING: [Board 49-26] cannot add Board Part xilinx.com:zcu111:part0:1.4 available at C:/AMDDesignTools/2025.2/data/xhub/boards\XilinxBoardStore\boards\Xilinx\zcu111\1.4\board.xml as part xczu28dr-ffvg1517-2-e specified in board_part file is either invalid or not available
WARNING: [Board 49-26] cannot add Board Part xilinx.com:zcu1275:part0:1.0 available at C:/AMDDesignTools/2025.2/data/xhub/boards\XilinxBoardStore\boards\Xilinx\zcu1275\1.0\board.xml as part xczu29dr-ffvf1760-2-e specified in board_part file is either invalid or not available
WARNING: [Board 49-26] cannot add Board Part xilinx.com:zcu1285:part0:1.0 available at C:/AMDDesignTools/2025.2/data/xhub/boards\XilinxBoardStore\boards\Xilinx\zcu1285\1.0\board.xml as part xczu39dr-ffvf1760-2-i specified in board_part file is either invalid or not available
WARNING: [Board 49-26] cannot add Board Part xilinx.com:zcu208:part0:2.0 available at C:/AMDDesignTools/2025.2/data/xhub/boards\XilinxBoardStore\boards\Xilinx\zcu208\production\2.0\board.xml as part xczu48dr-fsvg1517-2-e specified in board_part file is either invalid or not available
WARNING: [Board 49-26] cannot add Board Part xilinx.com:zcu208ld:part0:2.0 available at C:/AMDDesignTools/2025.2/data/xhub/boards\XilinxBoardStore\boards\Xilinx\zcu208ld\production\2.0\board.xml as part xczu58dr-fsvg1517-2-i specified in board_part file is either invalid or not available
WARNING: [Board 49-26] cannot add Board Part xilinx.com:zcu216:part0:2.0 available at C:/AMDDesignTools/2025.2/data/xhub/boards\XilinxBoardStore\boards\Xilinx\zcu216\production\2.0\board.xml as part xczu49dr-ffvf1760-2-e specified in board_part file is either invalid or not available
WARNING: [Board 49-26] cannot add Board Part xilinx.com:zcu216ld:part0:2.0 available at C:/AMDDesignTools/2025.2/data/xhub/boards\XilinxBoardStore\boards\Xilinx\zcu216ld\production\2.0\board.xml as part xczu59dr-ffvf1760-2-i specified in board_part file is either invalid or not available
WARNING: [Board 49-26] cannot add Board Part xilinx.com:zcu670:part0:2.0 available at C:/AMDDesignTools/2025.2/data/xhub/boards\XilinxBoardStore\boards\Xilinx\zcu670\2.0\board.xml as part xczu67dr-fsve1156-2-i specified in board_part file is either invalid or not available
WARNING: [Board 49-26] cannot add Board Part xilinx.com:zcu670ld:part0:1.0 available at C:/AMDDesignTools/2025.2/data/xhub/boards\XilinxBoardStore\boards\Xilinx\zcu670ld\1.0\board.xml as part xczu57dr-fsve1156-2-i specified in board_part file is either invalid or not available
INFO: [filemgmt 56-3] Default IP Output Path : Could not find the directory 'C:/Users/liubo/Documents/GitHub projects/DDSP/Assignment2/stateMachine/stateMachine.gen/sources_1'.
WARNING: [filemgmt 56-3] IPUserFilesDir: Could not find the directory 'C:/Users/liubo/Documents/GitHub projects/DDSP/Assignment2/stateMachine/stateMachine.ip_user_files'.
Scanning sources...
Finished scanning sources
WARNING: [Board 49-26] cannot add Board Part xilinx.com:ac701:part0:1.4 available at C:/AMDDesignTools/2025.2/data/xhub/boards\XilinxBoardStore\boards\Xilinx\ac701\1.4\board.xml as part xc7a200tfbg676-2 specified in board_part file is either invalid or not available
WARNING: [Board 49-26] cannot add Board Part xilinx.com:emb-plus-vpr-4616:part0:1.0 available at C:/AMDDesignTools/2025.2/data/xhub/boards\XilinxBoardStore\boards\Xilinx\emb-plus-vpr-4616\1.0\board.xml as part xcve2302-sfva784-2mp-e-s specified in board_part file is either invalid or not available
WARNING: [Board 49-26] cannot add Board Part xilinx.com:emb-plus-vpr-4616:part0:1.1 available at C:/AMDDesignTools/2025.2/data/xhub/boards\XilinxBoardStore\boards\Xilinx\emb-plus-vpr-4616\1.1\board.xml as part xcve2302-sfva784-2mp-e-s specified in board_part file is either invalid or not available
INFO: [Common 17-14] Message 'Board 49-26' appears 100 times and further instances of the messages will be disabled. Use the Tcl command set_msg_config to change the current settings.
INFO: [IP_Flow 19-234] Refreshing IP repositories
INFO: [IP_Flow 19-1704] No user IP repositories specified
INFO: [IP_Flow 19-2313] Loaded Vivado IP repository 'C:/AMDDesignTools/2025.2/Vivado/data/ip'.
open_project: Time (s): cpu = 00:00:13 ; elapsed = 00:00:06 . Memory (MB): peak = 1692.551 ; gain = 198.316
update_compile_order -fileset sources_1
export_ip_user_files -of_objects  [get_files {{C:/Users/liubo/Documents/GitHub projects/DDSP/Assignment2/stateMachine/stateMachine.srcs/sources_1/new/stateMachine_struct.vhd}}] -no_script -reset -force -quiet
remove_files  {{C:/Users/liubo/Documents/GitHub projects/DDSP/Assignment2/stateMachine/stateMachine.srcs/sources_1/new/stateMachine_struct.vhd}}
reset_run synth_1
launch_runs synth_1 -jobs 12
WARNING: [Vivado 12-7122] Auto Incremental Compile:: No reference checkpoint was found in run synth_1. Auto-incremental flow will not be run, the standard flow will be run instead.
[Wed Mar 18 11:19:56 2026] Launched synth_1...
Run output will be captured here: C:/Users/liubo/Documents/GitHub projects/DDSP/Assignment2/stateMachine/stateMachine.runs/synth_1/runme.log
reset_run synth_1
launch_runs synth_1 -jobs 12
WARNING: [Vivado 12-7122] Auto Incremental Compile:: No reference checkpoint was found in run synth_1. Auto-incremental flow will not be run, the standard flow will be run instead.
[Wed Mar 18 11:20:46 2026] Launched synth_1...
Run output will be captured here: C:/Users/liubo/Documents/GitHub projects/DDSP/Assignment2/stateMachine/stateMachine.runs/synth_1/runme.log
launch_runs impl_1 -jobs 12
[Wed Mar 18 11:21:40 2026] Launched impl_1...
Run output will be captured here: C:/Users/liubo/Documents/GitHub projects/DDSP/Assignment2/stateMachine/stateMachine.runs/impl_1/runme.log
open_run impl_1
INFO: [Device 21-403] Loading part xc7z020clg484-1
Netlist sorting complete. Time (s): cpu = 00:00:00 ; elapsed = 00:00:00 . Memory (MB): peak = 1923.496 ; gain = 0.000
INFO: [Netlist 29-17] Analyzing 6 Unisim elements for replacement
INFO: [Netlist 29-28] Unisim Transformation completed in 0 CPU seconds
INFO: [Project 1-479] Netlist was created with Vivado 2025.2
INFO: [Project 1-570] Preparing netlist for logic optimization
Read ShapeDB Complete: Time (s): cpu = 00:00:00 ; elapsed = 00:00:00.002 . Memory (MB): peak = 2018.410 ; gain = 0.000
INFO: [Designutils 20-5722] Start Reading Physical Databases.
Reading placement.
Read Netlist Cache: Time (s): cpu = 00:00:00 ; elapsed = 00:00:00 . Memory (MB): peak = 2019.188 ; gain = 0.000
Reading placer database...
Read Device Cache: Time (s): cpu = 00:00:00 ; elapsed = 00:00:00.009 . Memory (MB): peak = 2023.367 ; gain = 4.180
Read PlaceDB: Time (s): cpu = 00:00:00 ; elapsed = 00:00:00 . Memory (MB): peak = 2023.461 ; gain = 0.000
Read placeStorage: Time (s): cpu = 00:00:00 ; elapsed = 00:00:00.002 . Memory (MB): peak = 2024.676 ; gain = 0.434
Read PulsedLatchDB: Time (s): cpu = 00:00:00 ; elapsed = 00:00:00.001 . Memory (MB): peak = 2024.676 ; gain = 0.000
Reading routing.
Read RouteStorage: Time (s): cpu = 00:00:00 ; elapsed = 00:00:00.006 . Memory (MB): peak = 2027.094 ; gain = 2.418
Read Physdb Files: Time (s): cpu = 00:00:00 ; elapsed = 00:00:00.026 . Memory (MB): peak = 2027.094 ; gain = 7.906
Restored from archive | CPU: 0.000000 secs | Memory: 0.000000 MB |
Finished XDEF File Restore: Time (s): cpu = 00:00:00 ; elapsed = 00:00:00.028 . Memory (MB): peak = 2027.094 ; gain = 7.906
Netlist sorting complete. Time (s): cpu = 00:00:00 ; elapsed = 00:00:00 . Memory (MB): peak = 2427.383 ; gain = 0.000
INFO: [Project 1-111] Unisim Transformation Summary:
  A total of 6 instances were transformed.
  LDCP => LDCP (GND, LDCE, LUT3(x2), VCC): 6 instances

open_run: Time (s): cpu = 00:00:12 ; elapsed = 00:00:09 . Memory (MB): peak = 2825.016 ; gain = 1093.891
WARNING: [Timing 38-313] There are no user specified timing constraints. Timing constraints are needed for proper timing analysis.
close_design
synth_design -rtl -rtl_skip_mlo -name rtl_1
Command: synth_design -rtl -rtl_skip_mlo -name rtl_1
Starting synth_design
Using part: xc7z020clg484-1
Top: stateMachine
INFO: [Synth 8-7079] Multithreading enabled for synth_design using a maximum of 2 processes.
INFO: [Synth 8-7078] Launching helper process for spawning children vivado processes
INFO: [Synth 8-7075] Helper process launched with PID 42508
---------------------------------------------------------------------------------
Starting RTL Elaboration : Time (s): cpu = 00:00:04 ; elapsed = 00:00:04 . Memory (MB): peak = 2909.895 ; gain = 0.000
---------------------------------------------------------------------------------
INFO: [Synth 8-638] synthesizing module 'stateMachine' [C:/Users/liubo/Documents/GitHub projects/DDSP/Assignment2/stateMachine/stateMachine.srcs/sources_1/new/stateMachine.vhd:53]
INFO: [Synth 8-256] done synthesizing module 'stateMachine' (0#1) [C:/Users/liubo/Documents/GitHub projects/DDSP/Assignment2/stateMachine/stateMachine.srcs/sources_1/new/stateMachine.vhd:53]
---------------------------------------------------------------------------------
Finished RTL Elaboration : Time (s): cpu = 00:00:05 ; elapsed = 00:00:05 . Memory (MB): peak = 2909.895 ; gain = 0.000
---------------------------------------------------------------------------------
---------------------------------------------------------------------------------
Start Handling Custom Attributes
---------------------------------------------------------------------------------
---------------------------------------------------------------------------------
Finished Handling Custom Attributes : Time (s): cpu = 00:00:05 ; elapsed = 00:00:05 . Memory (MB): peak = 2909.895 ; gain = 0.000
---------------------------------------------------------------------------------
---------------------------------------------------------------------------------
Finished RTL Optimization Phase 1 : Time (s): cpu = 00:00:05 ; elapsed = 00:00:05 . Memory (MB): peak = 2909.895 ; gain = 0.000
---------------------------------------------------------------------------------
Netlist sorting complete. Time (s): cpu = 00:00:00 ; elapsed = 00:00:00.002 . Memory (MB): peak = 2909.895 ; gain = 0.000
INFO: [Project 1-570] Preparing netlist for logic optimization

Processing XDC Constraints
Initializing timing engine
Completed Processing XDC Constraints

Netlist sorting complete. Time (s): cpu = 00:00:00 ; elapsed = 00:00:00.001 . Memory (MB): peak = 2999.348 ; gain = 0.000
INFO: [Project 1-111] Unisim Transformation Summary:
No Unisim elements were transformed.

RTL Elaboration Complete:  : Time (s): cpu = 00:00:08 ; elapsed = 00:00:07 . Memory (MB): peak = 3151.188 ; gain = 241.293
7 Infos, 0 Warnings, 0 Critical Warnings and 0 Errors encountered.
synth_design completed successfully
synth_design: Time (s): cpu = 00:00:08 ; elapsed = 00:00:08 . Memory (MB): peak = 3151.188 ; gain = 241.293
close [ open {C:/Users/liubo/Documents/GitHub projects/DDSP/Assignment2/stateMachine/stateMachine.srcs/sources_1/new/full_assignment2.vhd} w ]
add_files {{C:/Users/liubo/Documents/GitHub projects/DDSP/Assignment2/stateMachine/stateMachine.srcs/sources_1/new/full_assignment2.vhd}}
WARNING: [filemgmt 56-199] Attempt to get parsing info during refresh. "On-the-fly" syntax checking information may be incorrect. [C:\Users\liubo\Documents\GitHub projects\DDSP\Assignment2\Datapath\Datapath.srcs\sources_1\new\Datapath.vhd:]
WARNING: [filemgmt 56-199] Attempt to get parsing info during refresh. "On-the-fly" syntax checking information may be incorrect. [C:\Users\liubo\Documents\GitHub projects\DDSP\Assignment2\stateMachine\stateMachine.srcs\sources_1\new\stateMachine.vhd:]
WARNING: [filemgmt 56-199] Attempt to get parsing info during refresh. "On-the-fly" syntax checking information may be incorrect. [C:\Users\liubo\Documents\GitHub projects\DDSP\Assignment2\stateMachine\stateMachine.srcs\sources_1\new\stateMachine.vhd:]
WARNING: [filemgmt 56-199] Attempt to get parsing info during refresh. "On-the-fly" syntax checking information may be incorrect. [C:\Users\liubo\Documents\GitHub projects\DDSP\Assignment2\stateMachine\stateMachine.srcs\sources_1\new\stateMachine.vhd:]
update_compile_order -fileset sources_1
WARNING: [filemgmt 56-199] Attempt to get parsing info during refresh. "On-the-fly" syntax checking information may be incorrect. [C:\Users\liubo\Documents\GitHub projects\DDSP\Assignment2\Datapath\Datapath.srcs\sources_1\new\Datapath.vhd:]
WARNING: [filemgmt 56-199] Attempt to get parsing info during refresh. "On-the-fly" syntax checking information may be incorrect. [C:\Users\liubo\Documents\GitHub projects\DDSP\Assignment2\stateMachine\stateMachine.srcs\sources_1\new\stateMachine.vhd:]
WARNING: [filemgmt 56-199] Attempt to get parsing info during refresh. "On-the-fly" syntax checking information may be incorrect. [C:\Users\liubo\Documents\GitHub projects\DDSP\Assignment2\stateMachine\stateMachine.srcs\sources_1\new\stateMachine.vhd:]
WARNING: [filemgmt 56-199] Attempt to get parsing info during refresh. "On-the-fly" syntax checking information may be incorrect. [C:\Users\liubo\Documents\GitHub projects\DDSP\Assignment2\stateMachine\stateMachine.srcs\sources_1\new\stateMachine.vhd:]
set_property top full_assignment2 [current_fileset]
WARNING: [filemgmt 56-199] Attempt to get parsing info during refresh. "On-the-fly" syntax checking information may be incorrect. [C:\Users\liubo\Documents\GitHub projects\DDSP\Assignment2\stateMachine\stateMachine.srcs\sources_1\new\full_assignment2.vhd:]
WARNING: [filemgmt 56-199] Attempt to get parsing info during refresh. "On-the-fly" syntax checking information may be incorrect. [C:\Users\liubo\Documents\GitHub projects\DDSP\Assignment2\Datapath\Datapath.srcs\sources_1\new\Datapath.vhd:]
WARNING: [filemgmt 56-199] Attempt to get parsing info during refresh. "On-the-fly" syntax checking information may be incorrect. [C:\Users\liubo\Documents\GitHub projects\DDSP\Assignment2\stateMachine\stateMachine.srcs\sources_1\new\stateMachine.vhd:]
WARNING: [filemgmt 56-199] Attempt to get parsing info during refresh. "On-the-fly" syntax checking information may be incorrect. [C:\Users\liubo\Documents\GitHub projects\DDSP\Assignment2\Datapath\Datapath.srcs\sources_1\new\Datapath.vhd:]
WARNING: [filemgmt 56-199] Attempt to get parsing info during refresh. "On-the-fly" syntax checking information may be incorrect. [C:\Users\liubo\Documents\GitHub projects\DDSP\Assignment2\Datapath\Datapath.srcs\sources_1\new\Datapath.vhd:]
update_compile_order -fileset sources_1
WARNING: [filemgmt 56-199] Attempt to get parsing info during refresh. "On-the-fly" syntax checking information may be incorrect. [C:\Users\liubo\Documents\GitHub projects\DDSP\Assignment2\stateMachine\stateMachine.srcs\sources_1\new\full_assignment2.vhd:]
WARNING: [filemgmt 56-199] Attempt to get parsing info during refresh. "On-the-fly" syntax checking information may be incorrect. [C:\Users\liubo\Documents\GitHub projects\DDSP\Assignment2\Datapath\Datapath.srcs\sources_1\new\Datapath.vhd:]
WARNING: [filemgmt 56-199] Attempt to get parsing info during refresh. "On-the-fly" syntax checking information may be incorrect. [C:\Users\liubo\Documents\GitHub projects\DDSP\Assignment2\stateMachine\stateMachine.srcs\sources_1\new\stateMachine.vhd:]
WARNING: [filemgmt 56-199] Attempt to get parsing info during refresh. "On-the-fly" syntax checking information may be incorrect. [C:\Users\liubo\Documents\GitHub projects\DDSP\Assignment2\Datapath\Datapath.srcs\sources_1\new\Datapath.vhd:]
WARNING: [filemgmt 56-199] Attempt to get parsing info during refresh. "On-the-fly" syntax checking information may be incorrect. [C:\Users\liubo\Documents\GitHub projects\DDSP\Assignment2\Datapath\Datapath.srcs\sources_1\new\Datapath.vhd:]
WARNING: [filemgmt 56-199] Attempt to get parsing info during refresh. "On-the-fly" syntax checking information may be incorrect. [C:\Users\liubo\Documents\GitHub projects\DDSP\Assignment2\stateMachine\stateMachine.srcs\sources_1\new\full_assignment2.vhd:]
WARNING: [filemgmt 56-199] Attempt to get parsing info during refresh. "On-the-fly" syntax checking information may be incorrect. [C:\Users\liubo\Documents\GitHub projects\DDSP\Assignment2\Datapath\Datapath.srcs\sources_1\new\Datapath.vhd:]
WARNING: [filemgmt 56-199] Attempt to get parsing info during refresh. "On-the-fly" syntax checking information may be incorrect. [C:\Users\liubo\Documents\GitHub projects\DDSP\Assignment2\stateMachine\stateMachine.srcs\sources_1\new\stateMachine.vhd:]
WARNING: [filemgmt 56-199] Attempt to get parsing info during refresh. "On-the-fly" syntax checking information may be incorrect. [C:\Users\liubo\Documents\GitHub projects\DDSP\Assignment2\stateMachine\stateMachine.srcs\sources_1\new\stateMachine.vhd:]
WARNING: [filemgmt 56-199] Attempt to get parsing info during refresh. "On-the-fly" syntax checking information may be incorrect. [C:\Users\liubo\Documents\GitHub projects\DDSP\Assignment2\stateMachine\stateMachine.srcs\sources_1\new\stateMachine.vhd:]
WARNING: [filemgmt 56-199] Attempt to get parsing info during refresh. "On-the-fly" syntax checking information may be incorrect. [C:\Users\liubo\Documents\GitHub projects\DDSP\Assignment2\stateMachine\stateMachine.srcs\sources_1\new\full_assignment2.vhd:]
WARNING: [filemgmt 56-199] Attempt to get parsing info during refresh. "On-the-fly" syntax checking information may be incorrect. [C:\Users\liubo\Documents\GitHub projects\DDSP\Assignment2\Datapath\Datapath.srcs\sources_1\new\Datapath.vhd:]
WARNING: [filemgmt 56-199] Attempt to get parsing info during refresh. "On-the-fly" syntax checking information may be incorrect. [C:\Users\liubo\Documents\GitHub projects\DDSP\Assignment2\stateMachine\stateMachine.srcs\sources_1\new\stateMachine.vhd:]
WARNING: [filemgmt 56-199] Attempt to get parsing info during refresh. "On-the-fly" syntax checking information may be incorrect. [C:\Users\liubo\Documents\GitHub projects\DDSP\Assignment2\Datapath\Datapath.srcs\sources_1\new\Datapath.vhd:]
WARNING: [filemgmt 56-199] Attempt to get parsing info during refresh. "On-the-fly" syntax checking information may be incorrect. [C:\Users\liubo\Documents\GitHub projects\DDSP\Assignment2\Datapath\Datapath.srcs\sources_1\new\Datapath.vhd:]
update_compile_order -fileset sources_1
ERROR: [Common 17-180] Spawn failed: The operation completed successfully.

WARNING: [filemgmt 56-199] Attempt to get parsing info during refresh. "On-the-fly" syntax checking information may be incorrect. [C:\Users\liubo\Documents\GitHub projects\DDSP\Assignment2\stateMachine\stateMachine.srcs\sources_1\new\full_assignment2.vhd:]
WARNING: [filemgmt 56-199] Attempt to get parsing info during refresh. "On-the-fly" syntax checking information may be incorrect. [C:\Users\liubo\Documents\GitHub projects\DDSP\Assignment2\Datapath\Datapath.srcs\sources_1\new\Datapath.vhd:]
WARNING: [filemgmt 56-199] Attempt to get parsing info during refresh. "On-the-fly" syntax checking information may be incorrect. [C:\Users\liubo\Documents\GitHub projects\DDSP\Assignment2\stateMachine\stateMachine.srcs\sources_1\new\stateMachine.vhd:]
WARNING: [filemgmt 56-199] Attempt to get parsing info during refresh. "On-the-fly" syntax checking information may be incorrect. [C:\Users\liubo\Documents\GitHub projects\DDSP\Assignment2\Datapath\Datapath.srcs\sources_1\new\Datapath.vhd:]
WARNING: [filemgmt 56-199] Attempt to get parsing info during refresh. "On-the-fly" syntax checking information may be incorrect. [C:\Users\liubo\Documents\GitHub projects\DDSP\Assignment2\Datapath\Datapath.srcs\sources_1\new\Datapath.vhd:]
WARNING: [filemgmt 56-199] Attempt to get parsing info during refresh. "On-the-fly" syntax checking information may be incorrect. [C:\Users\liubo\Documents\GitHub projects\DDSP\Assignment2\stateMachine\stateMachine.srcs\sources_1\new\full_assignment2.vhd:]
WARNING: [filemgmt 56-199] Attempt to get parsing info during refresh. "On-the-fly" syntax checking information may be incorrect. [C:\Users\liubo\Documents\GitHub projects\DDSP\Assignment2\Datapath\Datapath.srcs\sources_1\new\Datapath.vhd:]
WARNING: [filemgmt 56-199] Attempt to get parsing info during refresh. "On-the-fly" syntax checking information may be incorrect. [C:\Users\liubo\Documents\GitHub projects\DDSP\Assignment2\stateMachine\stateMachine.srcs\sources_1\new\stateMachine.vhd:]
WARNING: [filemgmt 56-199] Attempt to get parsing info during refresh. "On-the-fly" syntax checking information may be incorrect. [C:\Users\liubo\Documents\GitHub projects\DDSP\Assignment2\stateMachine\stateMachine.srcs\sources_1\new\stateMachine.vhd:]
WARNING: [filemgmt 56-199] Attempt to get parsing info during refresh. "On-the-fly" syntax checking information may be incorrect. [C:\Users\liubo\Documents\GitHub projects\DDSP\Assignment2\stateMachine\stateMachine.srcs\sources_1\new\stateMachine.vhd:]
WARNING: [filemgmt 56-199] Attempt to get parsing info during refresh. "On-the-fly" syntax checking information may be incorrect. [C:\Users\liubo\Documents\GitHub projects\DDSP\Assignment2\stateMachine\stateMachine.srcs\sources_1\new\full_assignment2.vhd:]
WARNING: [filemgmt 56-199] Attempt to get parsing info during refresh. "On-the-fly" syntax checking information may be incorrect. [C:\Users\liubo\Documents\GitHub projects\DDSP\Assignment2\Datapath\Datapath.srcs\sources_1\new\Datapath.vhd:]
WARNING: [filemgmt 56-199] Attempt to get parsing info during refresh. "On-the-fly" syntax checking information may be incorrect. [C:\Users\liubo\Documents\GitHub projects\DDSP\Assignment2\stateMachine\stateMachine.srcs\sources_1\new\stateMachine.vhd:]
WARNING: [filemgmt 56-199] Attempt to get parsing info during refresh. "On-the-fly" syntax checking information may be incorrect. [C:\Users\liubo\Documents\GitHub projects\DDSP\Assignment2\Datapath\Datapath.srcs\sources_1\new\Datapath.vhd:]
WARNING: [filemgmt 56-199] Attempt to get parsing info during refresh. "On-the-fly" syntax checking information may be incorrect. [C:\Users\liubo\Documents\GitHub projects\DDSP\Assignment2\Datapath\Datapath.srcs\sources_1\new\Datapath.vhd:]
ERROR: [Common 17-180] Spawn failed: The operation completed successfully.

update_compile_order -fileset sources_1
WARNING: [filemgmt 56-199] Attempt to get parsing info during refresh. "On-the-fly" syntax checking information may be incorrect. [C:\Users\liubo\Documents\GitHub projects\DDSP\Assignment2\stateMachine\stateMachine.srcs\sources_1\new\full_assignment2.vhd:]
WARNING: [filemgmt 56-199] Attempt to get parsing info during refresh. "On-the-fly" syntax checking information may be incorrect. [C:\Users\liubo\Documents\GitHub projects\DDSP\Assignment2\Datapath\Datapath.srcs\sources_1\new\Datapath.vhd:]
WARNING: [filemgmt 56-199] Attempt to get parsing info during refresh. "On-the-fly" syntax checking information may be incorrect. [C:\Users\liubo\Documents\GitHub projects\DDSP\Assignment2\stateMachine\stateMachine.srcs\sources_1\new\stateMachine.vhd:]
WARNING: [filemgmt 56-199] Attempt to get parsing info during refresh. "On-the-fly" syntax checking information may be incorrect. [C:\Users\liubo\Documents\GitHub projects\DDSP\Assignment2\stateMachine\stateMachine.srcs\sources_1\new\full_assignment2.vhd:]
WARNING: [filemgmt 56-199] Attempt to get parsing info during refresh. "On-the-fly" syntax checking information may be incorrect. [C:\Users\liubo\Documents\GitHub projects\DDSP\Assignment2\stateMachine\stateMachine.srcs\sources_1\new\full_assignment2.vhd:]
WARNING: [filemgmt 56-199] Attempt to get parsing info during refresh. "On-the-fly" syntax checking information may be incorrect. [C:\Users\liubo\Documents\GitHub projects\DDSP\Assignment2\stateMachine\stateMachine.srcs\sources_1\new\full_assignment2.vhd:]
WARNING: [filemgmt 56-199] Attempt to get parsing info during refresh. "On-the-fly" syntax checking information may be incorrect. [C:\Users\liubo\Documents\GitHub projects\DDSP\Assignment2\Datapath\Datapath.srcs\sources_1\new\Datapath.vhd:]
WARNING: [filemgmt 56-199] Attempt to get parsing info during refresh. "On-the-fly" syntax checking information may be incorrect. [C:\Users\liubo\Documents\GitHub projects\DDSP\Assignment2\stateMachine\stateMachine.srcs\sources_1\new\stateMachine.vhd:]
WARNING: [filemgmt 56-199] Attempt to get parsing info during refresh. "On-the-fly" syntax checking information may be incorrect. [C:\Users\liubo\Documents\GitHub projects\DDSP\Assignment2\Datapath\Datapath.srcs\sources_1\new\Datapath.vhd:]
WARNING: [filemgmt 56-199] Attempt to get parsing info during refresh. "On-the-fly" syntax checking information may be incorrect. [C:\Users\liubo\Documents\GitHub projects\DDSP\Assignment2\Datapath\Datapath.srcs\sources_1\new\Datapath.vhd:]
ERROR: [Common 17-180] Spawn failed: The operation completed successfully.

reset_run synth_1
INFO: [Project 1-1160] Copying file C:/Users/liubo/Documents/GitHub projects/DDSP/Assignment2/stateMachine/stateMachine.runs/synth_1/stateMachine.dcp to C:/Users/liubo/Documents/GitHub projects/DDSP/Assignment2/stateMachine/stateMachine.srcs/utils_1/imports/synth_1 and adding it to utils fileset
launch_runs synth_1 -jobs 12
[Wed Mar 18 11:28:23 2026] Launched synth_1...
Run output will be captured here: C:/Users/liubo/Documents/GitHub projects/DDSP/Assignment2/stateMachine/stateMachine.runs/synth_1/runme.log
launch_runs impl_1 -jobs 12
[Wed Mar 18 11:28:51 2026] Launched impl_1...
Run output will be captured here: C:/Users/liubo/Documents/GitHub projects/DDSP/Assignment2/stateMachine/stateMachine.runs/impl_1/runme.log
open_run impl_1
Netlist sorting complete. Time (s): cpu = 00:00:00 ; elapsed = 00:00:00.001 . Memory (MB): peak = 3162.879 ; gain = 0.000
INFO: [Netlist 29-17] Analyzing 5 Unisim elements for replacement
INFO: [Netlist 29-28] Unisim Transformation completed in 0 CPU seconds
INFO: [Project 1-479] Netlist was created with Vivado 2025.2
INFO: [Project 1-570] Preparing netlist for logic optimization
Read ShapeDB Complete: Time (s): cpu = 00:00:00 ; elapsed = 00:00:00.002 . Memory (MB): peak = 3162.879 ; gain = 0.000
INFO: [Designutils 20-5722] Start Reading Physical Databases.
Reading placement.
Read Netlist Cache: Time (s): cpu = 00:00:00 ; elapsed = 00:00:00 . Memory (MB): peak = 3162.879 ; gain = 0.000
Reading placer database...
Read Device Cache: Time (s): cpu = 00:00:00 ; elapsed = 00:00:00.010 . Memory (MB): peak = 3162.879 ; gain = 0.000
Read PlaceDB: Time (s): cpu = 00:00:00 ; elapsed = 00:00:00 . Memory (MB): peak = 3162.879 ; gain = 0.000
Read placeStorage: Time (s): cpu = 00:00:00 ; elapsed = 00:00:00.003 . Memory (MB): peak = 3162.879 ; gain = 0.000
Read PulsedLatchDB: Time (s): cpu = 00:00:00 ; elapsed = 00:00:00 . Memory (MB): peak = 3162.879 ; gain = 0.000
Reading routing.
Read RouteStorage: Time (s): cpu = 00:00:00 ; elapsed = 00:00:00.009 . Memory (MB): peak = 3162.879 ; gain = 0.000
Read Physdb Files: Time (s): cpu = 00:00:00 ; elapsed = 00:00:00.029 . Memory (MB): peak = 3162.879 ; gain = 0.000
Restored from archive | CPU: 0.000000 secs | Memory: 0.000000 MB |
Finished XDEF File Restore: Time (s): cpu = 00:00:00 ; elapsed = 00:00:00.031 . Memory (MB): peak = 3162.879 ; gain = 0.000
Netlist sorting complete. Time (s): cpu = 00:00:00 ; elapsed = 00:00:00 . Memory (MB): peak = 3424.281 ; gain = 0.000
INFO: [Project 1-111] Unisim Transformation Summary:
  A total of 5 instances were transformed.
  LDCP => LDCP (GND, LDCE, LUT3(x2), VCC): 5 instances

WARNING: [Timing 38-313] There are no user specified timing constraints. Timing constraints are needed for proper timing analysis.
current_design rtl_1
refresh_design
INFO: [Synth 8-7079] Multithreading enabled for synth_design using a maximum of 2 processes.
---------------------------------------------------------------------------------
Starting RTL Elaboration : Time (s): cpu = 00:00:04 ; elapsed = 00:00:04 . Memory (MB): peak = 3718.551 ; gain = 179.609
---------------------------------------------------------------------------------
INFO: [Synth 8-638] synthesizing module 'full_assignment2' [C:/Users/liubo/Documents/GitHub projects/DDSP/Assignment2/stateMachine/stateMachine.srcs/sources_1/new/full_assignment2.vhd:42]
INFO: [Synth 8-638] synthesizing module 'stateMachine' [C:/Users/liubo/Documents/GitHub projects/DDSP/Assignment2/stateMachine/stateMachine.srcs/sources_1/new/stateMachine.vhd:53]
INFO: [Synth 8-256] done synthesizing module 'stateMachine' (0#1) [C:/Users/liubo/Documents/GitHub projects/DDSP/Assignment2/stateMachine/stateMachine.srcs/sources_1/new/stateMachine.vhd:53]
INFO: [Synth 8-638] synthesizing module 'Datapath' [C:/Users/liubo/Documents/GitHub projects/DDSP/Assignment2/Datapath/Datapath.srcs/sources_1/new/Datapath.vhd:53]
INFO: [Synth 8-226] default block is never used [C:/Users/liubo/Documents/GitHub projects/DDSP/Assignment2/Datapath/Datapath.srcs/sources_1/new/Datapath.vhd:108]
INFO: [Synth 8-226] default block is never used [C:/Users/liubo/Documents/GitHub projects/DDSP/Assignment2/Datapath/Datapath.srcs/sources_1/new/Datapath.vhd:121]
INFO: [Synth 8-3491] module 'ALU' declared at 'C:/Users/liubo/Documents/GitHub projects/DDSP/Assignment2/Datapath/Datapath.srcs/sources_1/new/ALU.vhd:34' bound to instance 'uALU' of component 'ALU' [C:/Users/liubo/Documents/GitHub projects/DDSP/Assignment2/Datapath/Datapath.srcs/sources_1/new/Datapath.vhd:143]
INFO: [Synth 8-638] synthesizing module 'ALU' [C:/Users/liubo/Documents/GitHub projects/DDSP/Assignment2/Datapath/Datapath.srcs/sources_1/new/ALU.vhd:43]
INFO: [Synth 8-3491] module 'adder' declared at 'C:/Users/liubo/Documents/GitHub projects/DDSP/Assignment2/Datapath/Datapath.srcs/sources_1/new/adder.vhd:34' bound to instance 'u1' of component 'adder' [C:/Users/liubo/Documents/GitHub projects/DDSP/Assignment2/Datapath/Datapath.srcs/sources_1/new/ALU.vhd:76]
INFO: [Synth 8-638] synthesizing module 'adder' [C:/Users/liubo/Documents/GitHub projects/DDSP/Assignment2/Datapath/Datapath.srcs/sources_1/new/adder.vhd:42]
INFO: [Synth 8-256] done synthesizing module 'adder' (0#1) [C:/Users/liubo/Documents/GitHub projects/DDSP/Assignment2/Datapath/Datapath.srcs/sources_1/new/adder.vhd:42]
INFO: [Synth 8-3491] module 'logic' declared at 'C:/Users/liubo/Documents/GitHub projects/DDSP/Assignment2/Datapath/Datapath.srcs/sources_1/new/logic.vhd:34' bound to instance 'u2' of component 'logic' [C:/Users/liubo/Documents/GitHub projects/DDSP/Assignment2/Datapath/Datapath.srcs/sources_1/new/ALU.vhd:77]
INFO: [Synth 8-638] synthesizing module 'logic' [C:/Users/liubo/Documents/GitHub projects/DDSP/Assignment2/Datapath/Datapath.srcs/sources_1/new/logic.vhd:42]
INFO: [Synth 8-256] done synthesizing module 'logic' (0#1) [C:/Users/liubo/Documents/GitHub projects/DDSP/Assignment2/Datapath/Datapath.srcs/sources_1/new/logic.vhd:42]
INFO: [Synth 8-3491] module 'mux' declared at 'C:/Users/liubo/Documents/GitHub projects/DDSP/Assignment2/Datapath/Datapath.srcs/sources_1/new/mux.vhd:34' bound to instance 'u3' of component 'mux' [C:/Users/liubo/Documents/GitHub projects/DDSP/Assignment2/Datapath/Datapath.srcs/sources_1/new/ALU.vhd:78]
INFO: [Synth 8-638] synthesizing module 'mux' [C:/Users/liubo/Documents/GitHub projects/DDSP/Assignment2/Datapath/Datapath.srcs/sources_1/new/mux.vhd:43]
INFO: [Synth 8-226] default block is never used [C:/Users/liubo/Documents/GitHub projects/DDSP/Assignment2/Datapath/Datapath.srcs/sources_1/new/mux.vhd:49]
INFO: [Synth 8-256] done synthesizing module 'mux' (0#1) [C:/Users/liubo/Documents/GitHub projects/DDSP/Assignment2/Datapath/Datapath.srcs/sources_1/new/mux.vhd:43]
INFO: [Synth 8-256] done synthesizing module 'ALU' (0#1) [C:/Users/liubo/Documents/GitHub projects/DDSP/Assignment2/Datapath/Datapath.srcs/sources_1/new/ALU.vhd:43]
INFO: [Synth 8-3491] module 'PIPO' declared at 'C:/Users/liubo/Documents/GitHub projects/DDSP/Assignment2/Datapath/Datapath.srcs/sources_1/new/PIPO.vhd:24' bound to instance 'uREG' of component 'PIPO' [C:/Users/liubo/Documents/GitHub projects/DDSP/Assignment2/Datapath/Datapath.srcs/sources_1/new/Datapath.vhd:159]
INFO: [Synth 8-638] synthesizing module 'PIPO' [C:/Users/liubo/Documents/GitHub projects/DDSP/Assignment2/Datapath/Datapath.srcs/sources_1/new/PIPO.vhd:48]
INFO: [Synth 8-3491] module 'A' declared at 'C:/Users/liubo/Documents/GitHub projects/DDSP/Assignment2/Datapath/Datapath.srcs/sources_1/new/A.vhd:34' bound to instance 'uA' of component 'A' [C:/Users/liubo/Documents/GitHub projects/DDSP/Assignment2/Datapath/Datapath.srcs/sources_1/new/PIPO.vhd:98]
INFO: [Synth 8-638] synthesizing module 'A' [C:/Users/liubo/Documents/GitHub projects/DDSP/Assignment2/Datapath/Datapath.srcs/sources_1/new/A.vhd:44]
INFO: [Synth 8-256] done synthesizing module 'A' (0#1) [C:/Users/liubo/Documents/GitHub projects/DDSP/Assignment2/Datapath/Datapath.srcs/sources_1/new/A.vhd:44]
INFO: [Synth 8-3491] module 'B' declared at 'C:/Users/liubo/Documents/GitHub projects/DDSP/Assignment2/Datapath/Datapath.srcs/sources_1/new/B.vhd:34' bound to instance 'uB' of component 'B' [C:/Users/liubo/Documents/GitHub projects/DDSP/Assignment2/Datapath/Datapath.srcs/sources_1/new/PIPO.vhd:100]
INFO: [Synth 8-638] synthesizing module 'B' [C:/Users/liubo/Documents/GitHub projects/DDSP/Assignment2/Datapath/Datapath.srcs/sources_1/new/B.vhd:44]
INFO: [Synth 8-256] done synthesizing module 'B' (0#1) [C:/Users/liubo/Documents/GitHub projects/DDSP/Assignment2/Datapath/Datapath.srcs/sources_1/new/B.vhd:44]
INFO: [Synth 8-3491] module 'C' declared at 'C:/Users/liubo/Documents/GitHub projects/DDSP/Assignment2/Datapath/Datapath.srcs/sources_1/new/C.vhd:34' bound to instance 'uC' of component 'C' [C:/Users/liubo/Documents/GitHub projects/DDSP/Assignment2/Datapath/Datapath.srcs/sources_1/new/PIPO.vhd:102]
INFO: [Synth 8-638] synthesizing module 'C' [C:/Users/liubo/Documents/GitHub projects/DDSP/Assignment2/Datapath/Datapath.srcs/sources_1/new/C.vhd:44]
INFO: [Synth 8-256] done synthesizing module 'C' (0#1) [C:/Users/liubo/Documents/GitHub projects/DDSP/Assignment2/Datapath/Datapath.srcs/sources_1/new/C.vhd:44]
INFO: [Synth 8-3491] module 'D' declared at 'C:/Users/liubo/Documents/GitHub projects/DDSP/Assignment2/Datapath/Datapath.srcs/sources_1/new/D.vhd:34' bound to instance 'uD' of component 'D' [C:/Users/liubo/Documents/GitHub projects/DDSP/Assignment2/Datapath/Datapath.srcs/sources_1/new/PIPO.vhd:104]
INFO: [Synth 8-638] synthesizing module 'D' [C:/Users/liubo/Documents/GitHub projects/DDSP/Assignment2/Datapath/Datapath.srcs/sources_1/new/D.vhd:44]
INFO: [Synth 8-256] done synthesizing module 'D' (0#1) [C:/Users/liubo/Documents/GitHub projects/DDSP/Assignment2/Datapath/Datapath.srcs/sources_1/new/D.vhd:44]
INFO: [Synth 8-256] done synthesizing module 'PIPO' (0#1) [C:/Users/liubo/Documents/GitHub projects/DDSP/Assignment2/Datapath/Datapath.srcs/sources_1/new/PIPO.vhd:48]
INFO: [Synth 8-256] done synthesizing module 'Datapath' (0#1) [C:/Users/liubo/Documents/GitHub projects/DDSP/Assignment2/Datapath/Datapath.srcs/sources_1/new/Datapath.vhd:53]
INFO: [Synth 8-256] done synthesizing module 'full_assignment2' (0#1) [C:/Users/liubo/Documents/GitHub projects/DDSP/Assignment2/stateMachine/stateMachine.srcs/sources_1/new/full_assignment2.vhd:42]
---------------------------------------------------------------------------------
Finished RTL Elaboration : Time (s): cpu = 00:00:06 ; elapsed = 00:00:05 . Memory (MB): peak = 3832.652 ; gain = 293.711
---------------------------------------------------------------------------------
---------------------------------------------------------------------------------
Start Handling Custom Attributes
---------------------------------------------------------------------------------
---------------------------------------------------------------------------------
Finished Handling Custom Attributes : Time (s): cpu = 00:00:06 ; elapsed = 00:00:05 . Memory (MB): peak = 3855.797 ; gain = 316.855
---------------------------------------------------------------------------------
---------------------------------------------------------------------------------
Finished RTL Optimization Phase 1 : Time (s): cpu = 00:00:06 ; elapsed = 00:00:05 . Memory (MB): peak = 3855.797 ; gain = 316.855
---------------------------------------------------------------------------------
Netlist sorting complete. Time (s): cpu = 00:00:00 ; elapsed = 00:00:00.003 . Memory (MB): peak = 3855.797 ; gain = 0.000
INFO: [Project 1-570] Preparing netlist for logic optimization

Processing XDC Constraints
Initializing timing engine
Completed Processing XDC Constraints

refresh_design: Time (s): cpu = 00:00:09 ; elapsed = 00:00:07 . Memory (MB): peak = 3855.797 ; gain = 316.855
refresh_design
INFO: [Synth 8-7079] Multithreading enabled for synth_design using a maximum of 2 processes.
---------------------------------------------------------------------------------
Starting RTL Elaboration : Time (s): cpu = 00:00:05 ; elapsed = 00:00:04 . Memory (MB): peak = 3855.797 ; gain = 0.000
---------------------------------------------------------------------------------
INFO: [Synth 8-638] synthesizing module 'full_assignment2' [C:/Users/liubo/Documents/GitHub projects/DDSP/Assignment2/stateMachine/stateMachine.srcs/sources_1/new/full_assignment2.vhd:30]
INFO: [Synth 8-638] synthesizing module 'stateMachine' [C:/Users/liubo/Documents/GitHub projects/DDSP/Assignment2/stateMachine/stateMachine.srcs/sources_1/new/stateMachine.vhd:53]
INFO: [Synth 8-256] done synthesizing module 'stateMachine' (0#1) [C:/Users/liubo/Documents/GitHub projects/DDSP/Assignment2/stateMachine/stateMachine.srcs/sources_1/new/stateMachine.vhd:53]
INFO: [Synth 8-638] synthesizing module 'Datapath' [C:/Users/liubo/Documents/GitHub projects/DDSP/Assignment2/Datapath/Datapath.srcs/sources_1/new/Datapath.vhd:53]
INFO: [Synth 8-226] default block is never used [C:/Users/liubo/Documents/GitHub projects/DDSP/Assignment2/Datapath/Datapath.srcs/sources_1/new/Datapath.vhd:108]
INFO: [Synth 8-226] default block is never used [C:/Users/liubo/Documents/GitHub projects/DDSP/Assignment2/Datapath/Datapath.srcs/sources_1/new/Datapath.vhd:121]
INFO: [Synth 8-3491] module 'ALU' declared at 'C:/Users/liubo/Documents/GitHub projects/DDSP/Assignment2/Datapath/Datapath.srcs/sources_1/new/ALU.vhd:34' bound to instance 'uALU' of component 'ALU' [C:/Users/liubo/Documents/GitHub projects/DDSP/Assignment2/Datapath/Datapath.srcs/sources_1/new/Datapath.vhd:143]
INFO: [Synth 8-638] synthesizing module 'ALU' [C:/Users/liubo/Documents/GitHub projects/DDSP/Assignment2/Datapath/Datapath.srcs/sources_1/new/ALU.vhd:43]
INFO: [Synth 8-3491] module 'adder' declared at 'C:/Users/liubo/Documents/GitHub projects/DDSP/Assignment2/Datapath/Datapath.srcs/sources_1/new/adder.vhd:34' bound to instance 'u1' of component 'adder' [C:/Users/liubo/Documents/GitHub projects/DDSP/Assignment2/Datapath/Datapath.srcs/sources_1/new/ALU.vhd:76]
INFO: [Synth 8-638] synthesizing module 'adder' [C:/Users/liubo/Documents/GitHub projects/DDSP/Assignment2/Datapath/Datapath.srcs/sources_1/new/adder.vhd:42]
INFO: [Synth 8-256] done synthesizing module 'adder' (0#1) [C:/Users/liubo/Documents/GitHub projects/DDSP/Assignment2/Datapath/Datapath.srcs/sources_1/new/adder.vhd:42]
INFO: [Synth 8-3491] module 'logic' declared at 'C:/Users/liubo/Documents/GitHub projects/DDSP/Assignment2/Datapath/Datapath.srcs/sources_1/new/logic.vhd:34' bound to instance 'u2' of component 'logic' [C:/Users/liubo/Documents/GitHub projects/DDSP/Assignment2/Datapath/Datapath.srcs/sources_1/new/ALU.vhd:77]
INFO: [Synth 8-638] synthesizing module 'logic' [C:/Users/liubo/Documents/GitHub projects/DDSP/Assignment2/Datapath/Datapath.srcs/sources_1/new/logic.vhd:42]
INFO: [Synth 8-256] done synthesizing module 'logic' (0#1) [C:/Users/liubo/Documents/GitHub projects/DDSP/Assignment2/Datapath/Datapath.srcs/sources_1/new/logic.vhd:42]
INFO: [Synth 8-3491] module 'mux' declared at 'C:/Users/liubo/Documents/GitHub projects/DDSP/Assignment2/Datapath/Datapath.srcs/sources_1/new/mux.vhd:34' bound to instance 'u3' of component 'mux' [C:/Users/liubo/Documents/GitHub projects/DDSP/Assignment2/Datapath/Datapath.srcs/sources_1/new/ALU.vhd:78]
INFO: [Synth 8-638] synthesizing module 'mux' [C:/Users/liubo/Documents/GitHub projects/DDSP/Assignment2/Datapath/Datapath.srcs/sources_1/new/mux.vhd:43]
INFO: [Synth 8-226] default block is never used [C:/Users/liubo/Documents/GitHub projects/DDSP/Assignment2/Datapath/Datapath.srcs/sources_1/new/mux.vhd:49]
INFO: [Synth 8-256] done synthesizing module 'mux' (0#1) [C:/Users/liubo/Documents/GitHub projects/DDSP/Assignment2/Datapath/Datapath.srcs/sources_1/new/mux.vhd:43]
INFO: [Synth 8-256] done synthesizing module 'ALU' (0#1) [C:/Users/liubo/Documents/GitHub projects/DDSP/Assignment2/Datapath/Datapath.srcs/sources_1/new/ALU.vhd:43]
INFO: [Synth 8-3491] module 'PIPO' declared at 'C:/Users/liubo/Documents/GitHub projects/DDSP/Assignment2/Datapath/Datapath.srcs/sources_1/new/PIPO.vhd:24' bound to instance 'uREG' of component 'PIPO' [C:/Users/liubo/Documents/GitHub projects/DDSP/Assignment2/Datapath/Datapath.srcs/sources_1/new/Datapath.vhd:159]
INFO: [Synth 8-638] synthesizing module 'PIPO' [C:/Users/liubo/Documents/GitHub projects/DDSP/Assignment2/Datapath/Datapath.srcs/sources_1/new/PIPO.vhd:48]
INFO: [Synth 8-3491] module 'A' declared at 'C:/Users/liubo/Documents/GitHub projects/DDSP/Assignment2/Datapath/Datapath.srcs/sources_1/new/A.vhd:34' bound to instance 'uA' of component 'A' [C:/Users/liubo/Documents/GitHub projects/DDSP/Assignment2/Datapath/Datapath.srcs/sources_1/new/PIPO.vhd:98]
INFO: [Synth 8-638] synthesizing module 'A' [C:/Users/liubo/Documents/GitHub projects/DDSP/Assignment2/Datapath/Datapath.srcs/sources_1/new/A.vhd:44]
INFO: [Synth 8-256] done synthesizing module 'A' (0#1) [C:/Users/liubo/Documents/GitHub projects/DDSP/Assignment2/Datapath/Datapath.srcs/sources_1/new/A.vhd:44]
INFO: [Synth 8-3491] module 'B' declared at 'C:/Users/liubo/Documents/GitHub projects/DDSP/Assignment2/Datapath/Datapath.srcs/sources_1/new/B.vhd:34' bound to instance 'uB' of component 'B' [C:/Users/liubo/Documents/GitHub projects/DDSP/Assignment2/Datapath/Datapath.srcs/sources_1/new/PIPO.vhd:100]
INFO: [Synth 8-638] synthesizing module 'B' [C:/Users/liubo/Documents/GitHub projects/DDSP/Assignment2/Datapath/Datapath.srcs/sources_1/new/B.vhd:44]
INFO: [Synth 8-256] done synthesizing module 'B' (0#1) [C:/Users/liubo/Documents/GitHub projects/DDSP/Assignment2/Datapath/Datapath.srcs/sources_1/new/B.vhd:44]
INFO: [Synth 8-3491] module 'C' declared at 'C:/Users/liubo/Documents/GitHub projects/DDSP/Assignment2/Datapath/Datapath.srcs/sources_1/new/C.vhd:34' bound to instance 'uC' of component 'C' [C:/Users/liubo/Documents/GitHub projects/DDSP/Assignment2/Datapath/Datapath.srcs/sources_1/new/PIPO.vhd:102]
INFO: [Synth 8-638] synthesizing module 'C' [C:/Users/liubo/Documents/GitHub projects/DDSP/Assignment2/Datapath/Datapath.srcs/sources_1/new/C.vhd:44]
INFO: [Synth 8-256] done synthesizing module 'C' (0#1) [C:/Users/liubo/Documents/GitHub projects/DDSP/Assignment2/Datapath/Datapath.srcs/sources_1/new/C.vhd:44]
INFO: [Synth 8-3491] module 'D' declared at 'C:/Users/liubo/Documents/GitHub projects/DDSP/Assignment2/Datapath/Datapath.srcs/sources_1/new/D.vhd:34' bound to instance 'uD' of component 'D' [C:/Users/liubo/Documents/GitHub projects/DDSP/Assignment2/Datapath/Datapath.srcs/sources_1/new/PIPO.vhd:104]
INFO: [Synth 8-638] synthesizing module 'D' [C:/Users/liubo/Documents/GitHub projects/DDSP/Assignment2/Datapath/Datapath.srcs/sources_1/new/D.vhd:44]
INFO: [Synth 8-256] done synthesizing module 'D' (0#1) [C:/Users/liubo/Documents/GitHub projects/DDSP/Assignment2/Datapath/Datapath.srcs/sources_1/new/D.vhd:44]
INFO: [Synth 8-256] done synthesizing module 'PIPO' (0#1) [C:/Users/liubo/Documents/GitHub projects/DDSP/Assignment2/Datapath/Datapath.srcs/sources_1/new/PIPO.vhd:48]
INFO: [Synth 8-256] done synthesizing module 'Datapath' (0#1) [C:/Users/liubo/Documents/GitHub projects/DDSP/Assignment2/Datapath/Datapath.srcs/sources_1/new/Datapath.vhd:53]
INFO: [Synth 8-256] done synthesizing module 'full_assignment2' (0#1) [C:/Users/liubo/Documents/GitHub projects/DDSP/Assignment2/stateMachine/stateMachine.srcs/sources_1/new/full_assignment2.vhd:30]
---------------------------------------------------------------------------------
Finished RTL Elaboration : Time (s): cpu = 00:00:06 ; elapsed = 00:00:06 . Memory (MB): peak = 3855.797 ; gain = 0.000
---------------------------------------------------------------------------------
---------------------------------------------------------------------------------
Start Handling Custom Attributes
---------------------------------------------------------------------------------
---------------------------------------------------------------------------------
Finished Handling Custom Attributes : Time (s): cpu = 00:00:06 ; elapsed = 00:00:06 . Memory (MB): peak = 3870.164 ; gain = 14.367
---------------------------------------------------------------------------------
---------------------------------------------------------------------------------
Finished RTL Optimization Phase 1 : Time (s): cpu = 00:00:06 ; elapsed = 00:00:06 . Memory (MB): peak = 3870.164 ; gain = 14.367
---------------------------------------------------------------------------------
Netlist sorting complete. Time (s): cpu = 00:00:00 ; elapsed = 00:00:00.004 . Memory (MB): peak = 3872.551 ; gain = 0.000
INFO: [Project 1-570] Preparing netlist for logic optimization

Processing XDC Constraints
Initializing timing engine
Completed Processing XDC Constraints

refresh_design: Time (s): cpu = 00:00:11 ; elapsed = 00:00:08 . Memory (MB): peak = 3874.590 ; gain = 18.793
reset_run synth_1
INFO: [Project 1-1161] Replacing file C:/Users/liubo/Documents/GitHub projects/DDSP/Assignment2/stateMachine/stateMachine.srcs/utils_1/imports/synth_1/stateMachine.dcp with file C:/Users/liubo/Documents/GitHub projects/DDSP/Assignment2/stateMachine/stateMachine.runs/synth_1/full_assignment2.dcp
launch_runs synth_1 -jobs 12
[Wed Mar 18 11:34:52 2026] Launched synth_1...
Run output will be captured here: C:/Users/liubo/Documents/GitHub projects/DDSP/Assignment2/stateMachine/stateMachine.runs/synth_1/runme.log
launch_runs impl_1 -jobs 12
[Wed Mar 18 11:36:30 2026] Launched impl_1...
Run output will be captured here: C:/Users/liubo/Documents/GitHub projects/DDSP/Assignment2/stateMachine/stateMachine.runs/impl_1/runme.log
current_design impl_1
refresh_design
Netlist sorting complete. Time (s): cpu = 00:00:00 ; elapsed = 00:00:00.001 . Memory (MB): peak = 3876.082 ; gain = 0.000
INFO: [Netlist 29-17] Analyzing 6 Unisim elements for replacement
INFO: [Netlist 29-28] Unisim Transformation completed in 0 CPU seconds
INFO: [Project 1-479] Netlist was created with Vivado 2025.2
INFO: [Project 1-570] Preparing netlist for logic optimization
Read ShapeDB Complete: Time (s): cpu = 00:00:00 ; elapsed = 00:00:00.001 . Memory (MB): peak = 3876.082 ; gain = 0.000
INFO: [Designutils 20-5722] Start Reading Physical Databases.
Reading placement.
Read Netlist Cache: Time (s): cpu = 00:00:00 ; elapsed = 00:00:00 . Memory (MB): peak = 3876.082 ; gain = 0.000
Reading placer database...
Read Device Cache: Time (s): cpu = 00:00:00 ; elapsed = 00:00:00.009 . Memory (MB): peak = 3876.082 ; gain = 0.000
Read PlaceDB: Time (s): cpu = 00:00:00 ; elapsed = 00:00:00 . Memory (MB): peak = 3876.082 ; gain = 0.000
Read placeStorage: Time (s): cpu = 00:00:00 ; elapsed = 00:00:00.004 . Memory (MB): peak = 3876.082 ; gain = 0.000
Read PulsedLatchDB: Time (s): cpu = 00:00:00 ; elapsed = 00:00:00 . Memory (MB): peak = 3876.082 ; gain = 0.000
Reading routing.
Read RouteStorage: Time (s): cpu = 00:00:00 ; elapsed = 00:00:00.008 . Memory (MB): peak = 3876.082 ; gain = 0.000
Read Physdb Files: Time (s): cpu = 00:00:00 ; elapsed = 00:00:00.029 . Memory (MB): peak = 3876.082 ; gain = 0.000
Restored from archive | CPU: 0.000000 secs | Memory: 0.000000 MB |
Finished XDEF File Restore: Time (s): cpu = 00:00:00 ; elapsed = 00:00:00.029 . Memory (MB): peak = 3876.082 ; gain = 0.000
WARNING: [Timing 38-313] There are no user specified timing constraints. Timing constraints are needed for proper timing analysis.
file mkdir C:/Users/liubo/Documents/GitHub projects/DDSP/Assignment2/stateMachine/stateMachine.srcs/sim_1/new
file mkdir C:/Users/liubo/Documents/GitHub projects/DDSP/Assignment2/stateMachine/stateMachine.srcs/sim_1/new
file mkdir C:/Users/liubo/Documents/GitHub projects/DDSP/Assignment2/stateMachine/stateMachine.srcs/sim_1/new
file mkdir C:/Users/liubo/Documents/GitHub projects/DDSP/Assignment2/stateMachine/stateMachine.srcs/sim_1/new
file mkdir C:/Users/liubo/Documents/GitHub projects/DDSP/Assignment2/stateMachine/stateMachine.srcs/sim_1/new
set_property SOURCE_SET sources_1 [get_filesets sim_1]
file mkdir C:/Users/liubo/Documents/GitHub projects/DDSP/Assignment2/stateMachine/stateMachine.srcs/sim_1/new
file mkdir {C:/Users/liubo/Documents/GitHub projects/DDSP/Assignment2/stateMachine/stateMachine.srcs/sim_1/new}
close [ open {C:/Users/liubo/Documents/GitHub projects/DDSP/Assignment2/stateMachine/stateMachine.srcs/sim_1/new/tb_full_assignment2.vhd} w ]
add_files -fileset sim_1 {{C:/Users/liubo/Documents/GitHub projects/DDSP/Assignment2/stateMachine/stateMachine.srcs/sim_1/new/tb_full_assignment2.vhd}}
update_compile_order -fileset sim_1
WARNING: [filemgmt 56-199] Attempt to get parsing info during refresh. "On-the-fly" syntax checking information may be incorrect. [C:\Users\liubo\Documents\GitHub projects\DDSP\Assignment2\stateMachine\stateMachine.srcs\sim_1\new\tb_full_assignment2.vhd:]
WARNING: [filemgmt 56-199] Attempt to get parsing info during refresh. "On-the-fly" syntax checking information may be incorrect. [C:\Users\liubo\Documents\GitHub projects\DDSP\Assignment2\stateMachine\stateMachine.srcs\sources_1\new\full_assignment2.vhd:]
WARNING: [filemgmt 56-199] Attempt to get parsing info during refresh. "On-the-fly" syntax checking information may be incorrect. [C:\Users\liubo\Documents\GitHub projects\DDSP\Assignment2\stateMachine\stateMachine.srcs\sim_1\new\tb_full_assignment2.vhd:]
WARNING: [filemgmt 56-199] Attempt to get parsing info during refresh. "On-the-fly" syntax checking information may be incorrect. [C:\Users\liubo\Documents\GitHub projects\DDSP\Assignment2\stateMachine\stateMachine.srcs\sim_1\new\tb_full_assignment2.vhd:]
ERROR: [Common 17-180] Spawn failed: The operation completed successfully.

WARNING: [filemgmt 56-199] Attempt to get parsing info during refresh. "On-the-fly" syntax checking information may be incorrect. [C:\Users\liubo\Documents\GitHub projects\DDSP\Assignment2\stateMachine\stateMachine.srcs\sim_1\new\tb_full_assignment2.vhd:]
WARNING: [filemgmt 56-199] Attempt to get parsing info during refresh. "On-the-fly" syntax checking information may be incorrect. [C:\Users\liubo\Documents\GitHub projects\DDSP\Assignment2\stateMachine\stateMachine.srcs\sources_1\new\full_assignment2.vhd:]
WARNING: [filemgmt 56-199] Attempt to get parsing info during refresh. "On-the-fly" syntax checking information may be incorrect. [C:\Users\liubo\Documents\GitHub projects\DDSP\Assignment2\stateMachine\stateMachine.srcs\sources_1\new\full_assignment2.vhd:]
WARNING: [filemgmt 56-199] Attempt to get parsing info during refresh. "On-the-fly" syntax checking information may be incorrect. [C:\Users\liubo\Documents\GitHub projects\DDSP\Assignment2\stateMachine\stateMachine.srcs\sources_1\new\full_assignment2.vhd:]
launch_simulation
Command: launch_simulation 
INFO: [Vivado 12-25911] Executing simulation for 'XSim' simulator
INFO: [Vivado 12-28535] Process started - Wed Mar 18 11:39:03 2026

INFO: [Vivado 12-12493] Simulation top is 'tb_full_assignment2'
INFO: [Vivado 12-5682] Launching behavioral simulation in 'C:/Users/liubo/Documents/GitHub projects/DDSP/Assignment2/stateMachine/stateMachine.sim/sim_1/behav/xsim'
INFO: [SIM-utils-51] Simulation object is 'sim_1'
INFO: [SIM-utils-72] Using boost library from 'C:/AMDDesignTools/2025.2/Vivado/tps/boost_1_72_0'
INFO: [SIM-utils-54] Inspecting design source files for 'tb_full_assignment2' in fileset 'sim_1'...
INFO: [USF-XSim-97] Finding global include files...
INFO: [USF-XSim-98] Fetching design files from 'sim_1'...
INFO: [USF-XSim-2] XSim::Compile design
INFO: [USF-XSim-61] Executing 'COMPILE and ANALYZE' step in 'C:/Users/liubo/Documents/GitHub projects/DDSP/Assignment2/stateMachine/stateMachine.sim/sim_1/behav/xsim'
"xvhdl --incr --relax -prj tb_full_assignment2_vhdl.prj"
INFO: [VRFC 10-163] Analyzing VHDL file "C:/Users/liubo/Documents/GitHub projects/DDSP/Assignment2/Datapath/Datapath.srcs/sources_1/new/A.vhd" into library xil_defaultlib
INFO: [VRFC 10-3107] analyzing entity 'A'
INFO: [VRFC 10-163] Analyzing VHDL file "C:/Users/liubo/Documents/GitHub projects/DDSP/Assignment2/Datapath/Datapath.srcs/sources_1/new/ALU.vhd" into library xil_defaultlib
INFO: [VRFC 10-3107] analyzing entity 'ALU'
INFO: [VRFC 10-163] Analyzing VHDL file "C:/Users/liubo/Documents/GitHub projects/DDSP/Assignment2/Datapath/Datapath.srcs/sources_1/new/B.vhd" into library xil_defaultlib
INFO: [VRFC 10-3107] analyzing entity 'B'
INFO: [VRFC 10-163] Analyzing VHDL file "C:/Users/liubo/Documents/GitHub projects/DDSP/Assignment2/Datapath/Datapath.srcs/sources_1/new/C.vhd" into library xil_defaultlib
INFO: [VRFC 10-3107] analyzing entity 'C'
INFO: [VRFC 10-163] Analyzing VHDL file "C:/Users/liubo/Documents/GitHub projects/DDSP/Assignment2/Datapath/Datapath.srcs/sources_1/new/D.vhd" into library xil_defaultlib
INFO: [VRFC 10-3107] analyzing entity 'D'
INFO: [VRFC 10-163] Analyzing VHDL file "C:/Users/liubo/Documents/GitHub projects/DDSP/Assignment2/Datapath/Datapath.srcs/sources_1/new/Datapath.vhd" into library xil_defaultlib
INFO: [VRFC 10-3107] analyzing entity 'Datapath'
INFO: [VRFC 10-163] Analyzing VHDL file "C:/Users/liubo/Documents/GitHub projects/DDSP/Assignment2/Datapath/Datapath.srcs/sources_1/new/PIPO.vhd" into library xil_defaultlib
INFO: [VRFC 10-3107] analyzing entity 'PIPO'
INFO: [VRFC 10-163] Analyzing VHDL file "C:/Users/liubo/Documents/GitHub projects/DDSP/Assignment2/Datapath/Datapath.srcs/sources_1/new/adder.vhd" into library xil_defaultlib
INFO: [VRFC 10-3107] analyzing entity 'adder'
INFO: [VRFC 10-163] Analyzing VHDL file "C:/Users/liubo/Documents/GitHub projects/DDSP/Assignment2/stateMachine/stateMachine.srcs/sources_1/new/stateMachine.vhd" into library xil_defaultlib
INFO: [VRFC 10-3107] analyzing entity 'stateMachine'
INFO: [VRFC 10-163] Analyzing VHDL file "C:/Users/liubo/Documents/GitHub projects/DDSP/Assignment2/stateMachine/stateMachine.srcs/sources_1/new/full_assignment2.vhd" into library xil_defaultlib
INFO: [VRFC 10-3107] analyzing entity 'full_assignment2'
INFO: [VRFC 10-163] Analyzing VHDL file "C:/Users/liubo/Documents/GitHub projects/DDSP/Assignment2/Datapath/Datapath.srcs/sources_1/new/logic.vhd" into library xil_defaultlib
INFO: [VRFC 10-3107] analyzing entity 'logic'
INFO: [VRFC 10-163] Analyzing VHDL file "C:/Users/liubo/Documents/GitHub projects/DDSP/Assignment2/Datapath/Datapath.srcs/sources_1/new/mux.vhd" into library xil_defaultlib
INFO: [VRFC 10-3107] analyzing entity 'mux'
INFO: [VRFC 10-163] Analyzing VHDL file "C:/Users/liubo/Documents/GitHub projects/DDSP/Assignment2/stateMachine/stateMachine.srcs/sim_1/new/tb_full_assignment2.vhd" into library xil_defaultlib
INFO: [VRFC 10-3107] analyzing entity 'tb_full_assignment2'
run_program: Time (s): cpu = 00:00:00 ; elapsed = 00:00:05 . Memory (MB): peak = 3878.129 ; gain = 0.000
INFO: [USF-XSim-69] 'compile' step finished in '5' seconds
INFO: [USF-XSim-3] XSim::Elaborate design
INFO: [USF-XSim-61] Executing 'ELABORATE' step in 'C:/Users/liubo/Documents/GitHub projects/DDSP/Assignment2/stateMachine/stateMachine.sim/sim_1/behav/xsim'
"xelab --incr --debug typical --relax --mt 2 -L xil_defaultlib -L secureip --snapshot tb_full_assignment2_behav xil_defaultlib.tb_full_assignment2 -log elaborate.log"
Vivado Simulator v2025.2
Copyright 1986-2022 Xilinx, Inc. All Rights Reserved.
Copyright 2022-2025 Advanced Micro Devices, Inc. All Rights Reserved.
Running: C:/AMDDesignTools/2025.2/Vivado/bin/unwrapped/win64.o/xelab.exe --incr --debug typical --relax --mt 2 -L xil_defaultlib -L secureip --snapshot tb_full_assignment2_behav xil_defaultlib.tb_full_assignment2 -log elaborate.log 
Using 2 slave threads.
Starting static elaboration
Completed static elaboration
Starting simulation data flow analysis
Completed simulation data flow analysis
Time Resolution for simulation is 1ps
Compiling package std.standard
Compiling package std.textio
Compiling package ieee.std_logic_1164
Compiling package ieee.std_logic_arith
Compiling package ieee.std_logic_unsigned
Compiling architecture behavioral of entity xil_defaultlib.stateMachine [statemachine_default]
Compiling architecture behavioral of entity xil_defaultlib.adder [adder_default]
Compiling architecture behavioral of entity xil_defaultlib.logic [logic_default]
Compiling architecture behavioral of entity xil_defaultlib.mux [mux_default]
Compiling architecture structural of entity xil_defaultlib.ALU [alu_default]
Compiling architecture behavioral of entity xil_defaultlib.A [a_default]
Compiling architecture behavioral of entity xil_defaultlib.B [b_default]
Compiling architecture behavioral of entity xil_defaultlib.C [c_default]
Compiling architecture behavioral of entity xil_defaultlib.D [d_default]
Compiling architecture structural of entity xil_defaultlib.PIPO [pipo_default]
Compiling architecture structural of entity xil_defaultlib.Datapath [datapath_default]
Compiling architecture structural of entity xil_defaultlib.full_assignment2 [full_assignment2_default]
Compiling architecture behavioral of entity xil_defaultlib.tb_full_assignment2
Built simulation snapshot tb_full_assignment2_behav
run_program: Time (s): cpu = 00:00:01 ; elapsed = 00:00:06 . Memory (MB): peak = 3878.129 ; gain = 0.000
INFO: [USF-XSim-69] 'elaborate' step finished in '7' seconds
INFO: [USF-XSim-4] XSim::Simulate design
INFO: [USF-XSim-61] Executing 'SIMULATE' step in 'C:/Users/liubo/Documents/GitHub projects/DDSP/Assignment2/stateMachine/stateMachine.sim/sim_1/behav/xsim'
INFO: [USF-XSim-98] *** Running xsim
   with args "tb_full_assignment2_behav -key {Behavioral:sim_1:Functional:tb_full_assignment2} -tclbatch {tb_full_assignment2.tcl} -log {simulate.log}"
INFO: [USF-XSim-8] Loading simulator feature
Time resolution is 1 ps
source tb_full_assignment2.tcl
# set curr_wave [current_wave_config]
# if { [string length $curr_wave] == 0 } {
#   if { [llength [get_objects]] > 0} {
#     add_wave /
#     set_property needs_save false [current_wave_config]
#   } else {
#      send_msg_id Add_Wave-1 WARNING "No top level signals found. Simulator will start without a wave window. If you want to open a wave window go to 'File->New Waveform Configuration' or type 'create_wave_config' in the TCL console."
#   }
# }
# run 1000ns
INFO: [USF-XSim-96] XSim completed. Design snapshot 'tb_full_assignment2_behav' loaded.
INFO: [USF-XSim-97] XSim simulation ran for 1000ns
launch_simulation: Time (s): cpu = 00:00:06 ; elapsed = 00:00:16 . Memory (MB): peak = 3908.141 ; gain = 30.012
update_compile_order -fileset sim_1
WARNING: [filemgmt 56-199] Attempt to get parsing info during refresh. "On-the-fly" syntax checking information may be incorrect. [C:\Users\liubo\Documents\GitHub projects\DDSP\Assignment2\stateMachine\stateMachine.srcs\sim_1\new\tb_full_assignment2.vhd:]
WARNING: [filemgmt 56-199] Attempt to get parsing info during refresh. "On-the-fly" syntax checking information may be incorrect. [C:\Users\liubo\Documents\GitHub projects\DDSP\Assignment2\stateMachine\stateMachine.srcs\sources_1\new\full_assignment2.vhd:]
WARNING: [filemgmt 56-199] Attempt to get parsing info during refresh. "On-the-fly" syntax checking information may be incorrect. [C:\Users\liubo\Documents\GitHub projects\DDSP\Assignment2\stateMachine\stateMachine.srcs\sources_1\new\stateMachine.vhd:]
WARNING: [filemgmt 56-199] Attempt to get parsing info during refresh. "On-the-fly" syntax checking information may be incorrect. [C:\Users\liubo\Documents\GitHub projects\DDSP\Assignment2\stateMachine\stateMachine.srcs\sources_1\new\full_assignment2.vhd:]
WARNING: [filemgmt 56-199] Attempt to get parsing info during refresh. "On-the-fly" syntax checking information may be incorrect. [C:\Users\liubo\Documents\GitHub projects\DDSP\Assignment2\stateMachine\stateMachine.srcs\sources_1\new\full_assignment2.vhd:]
WARNING: [filemgmt 56-199] Attempt to get parsing info during refresh. "On-the-fly" syntax checking information may be incorrect. [C:\Users\liubo\Documents\GitHub projects\DDSP\Assignment2\stateMachine\stateMachine.srcs\sim_1\new\tb_full_assignment2.vhd:]
WARNING: [filemgmt 56-199] Attempt to get parsing info during refresh. "On-the-fly" syntax checking information may be incorrect. [C:\Users\liubo\Documents\GitHub projects\DDSP\Assignment2\stateMachine\stateMachine.srcs\sources_1\new\full_assignment2.vhd:]
WARNING: [filemgmt 56-199] Attempt to get parsing info during refresh. "On-the-fly" syntax checking information may be incorrect. [C:\Users\liubo\Documents\GitHub projects\DDSP\Assignment2\stateMachine\stateMachine.srcs\sources_1\new\stateMachine.vhd:]
WARNING: [filemgmt 56-199] Attempt to get parsing info during refresh. "On-the-fly" syntax checking information may be incorrect. [C:\Users\liubo\Documents\GitHub projects\DDSP\Assignment2\stateMachine\stateMachine.srcs\sources_1\new\stateMachine.vhd:]
WARNING: [filemgmt 56-199] Attempt to get parsing info during refresh. "On-the-fly" syntax checking information may be incorrect. [C:\Users\liubo\Documents\GitHub projects\DDSP\Assignment2\stateMachine\stateMachine.srcs\sources_1\new\stateMachine.vhd:]
reset_run synth_1
INFO: [Project 1-1161] Replacing file C:/Users/liubo/Documents/GitHub projects/DDSP/Assignment2/stateMachine/stateMachine.srcs/utils_1/imports/synth_1/stateMachine.dcp with file C:/Users/liubo/Documents/GitHub projects/DDSP/Assignment2/stateMachine/stateMachine.runs/synth_1/full_assignment2.dcp
WARNING: [Vivado 12-1017] Problems encountered:
1. Failed to delete one or more files in run directory C:/Users/liubo/Documents/GitHub projects/DDSP/Assignment2/stateMachine/stateMachine.runs/synth_1

launch_runs synth_1 -jobs 12
[Wed Mar 18 11:45:04 2026] Launched synth_1...
Run output will be captured here: C:/Users/liubo/Documents/GitHub projects/DDSP/Assignment2/stateMachine/stateMachine.runs/synth_1/runme.log
WARNING: [filemgmt 56-199] Attempt to get parsing info during refresh. "On-the-fly" syntax checking information may be incorrect. [C:\Users\liubo\Documents\GitHub projects\DDSP\Assignment2\stateMachine\stateMachine.srcs\sim_1\new\tb_full_assignment2.vhd:]
WARNING: [filemgmt 56-199] Attempt to get parsing info during refresh. "On-the-fly" syntax checking information may be incorrect. [C:\Users\liubo\Documents\GitHub projects\DDSP\Assignment2\stateMachine\stateMachine.srcs\sources_1\new\full_assignment2.vhd:]
WARNING: [filemgmt 56-199] Attempt to get parsing info during refresh. "On-the-fly" syntax checking information may be incorrect. [C:\Users\liubo\Documents\GitHub projects\DDSP\Assignment2\stateMachine\stateMachine.srcs\sources_1\new\stateMachine.vhd:]
WARNING: [filemgmt 56-199] Attempt to get parsing info during refresh. "On-the-fly" syntax checking information may be incorrect. [C:\Users\liubo\Documents\GitHub projects\DDSP\Assignment2\stateMachine\stateMachine.srcs\sources_1\new\full_assignment2.vhd:]
WARNING: [filemgmt 56-199] Attempt to get parsing info during refresh. "On-the-fly" syntax checking information may be incorrect. [C:\Users\liubo\Documents\GitHub projects\DDSP\Assignment2\stateMachine\stateMachine.srcs\sources_1\new\full_assignment2.vhd:]
WARNING: [filemgmt 56-199] Attempt to get parsing info during refresh. "On-the-fly" syntax checking information may be incorrect. [C:\Users\liubo\Documents\GitHub projects\DDSP\Assignment2\stateMachine\stateMachine.srcs\sim_1\new\tb_full_assignment2.vhd:]
WARNING: [filemgmt 56-199] Attempt to get parsing info during refresh. "On-the-fly" syntax checking information may be incorrect. [C:\Users\liubo\Documents\GitHub projects\DDSP\Assignment2\stateMachine\stateMachine.srcs\sources_1\new\full_assignment2.vhd:]
WARNING: [filemgmt 56-199] Attempt to get parsing info during refresh. "On-the-fly" syntax checking information may be incorrect. [C:\Users\liubo\Documents\GitHub projects\DDSP\Assignment2\stateMachine\stateMachine.srcs\sources_1\new\stateMachine.vhd:]
WARNING: [filemgmt 56-199] Attempt to get parsing info during refresh. "On-the-fly" syntax checking information may be incorrect. [C:\Users\liubo\Documents\GitHub projects\DDSP\Assignment2\stateMachine\stateMachine.srcs\sources_1\new\stateMachine.vhd:]
WARNING: [filemgmt 56-199] Attempt to get parsing info during refresh. "On-the-fly" syntax checking information may be incorrect. [C:\Users\liubo\Documents\GitHub projects\DDSP\Assignment2\stateMachine\stateMachine.srcs\sources_1\new\stateMachine.vhd:]
launch_runs impl_1 -jobs 12
[Wed Mar 18 11:45:35 2026] Launched impl_1...
Run output will be captured here: C:/Users/liubo/Documents/GitHub projects/DDSP/Assignment2/stateMachine/stateMachine.runs/impl_1/runme.log
refresh_design
Netlist sorting complete. Time (s): cpu = 00:00:00 ; elapsed = 00:00:00.001 . Memory (MB): peak = 5568.023 ; gain = 0.000
INFO: [Project 1-479] Netlist was created with Vivado 2025.2
INFO: [Project 1-570] Preparing netlist for logic optimization
Read ShapeDB Complete: Time (s): cpu = 00:00:00 ; elapsed = 00:00:00.002 . Memory (MB): peak = 5568.023 ; gain = 0.000
INFO: [Designutils 20-5722] Start Reading Physical Databases.
Reading placement.
Read Netlist Cache: Time (s): cpu = 00:00:00 ; elapsed = 00:00:00 . Memory (MB): peak = 5568.023 ; gain = 0.000
Reading placer database...
Read Device Cache: Time (s): cpu = 00:00:00 ; elapsed = 00:00:00.009 . Memory (MB): peak = 5568.023 ; gain = 0.000
Read PlaceDB: Time (s): cpu = 00:00:00 ; elapsed = 00:00:00 . Memory (MB): peak = 5568.023 ; gain = 0.000
Read placeStorage: Time (s): cpu = 00:00:00 ; elapsed = 00:00:00.002 . Memory (MB): peak = 5568.023 ; gain = 0.000
Read PulsedLatchDB: Time (s): cpu = 00:00:00 ; elapsed = 00:00:00 . Memory (MB): peak = 5568.023 ; gain = 0.000
Reading routing.
Read RouteStorage: Time (s): cpu = 00:00:00 ; elapsed = 00:00:00.007 . Memory (MB): peak = 5568.023 ; gain = 0.000
Read Physdb Files: Time (s): cpu = 00:00:00 ; elapsed = 00:00:00.027 . Memory (MB): peak = 5568.023 ; gain = 0.000
Restored from archive | CPU: 0.000000 secs | Memory: 0.000000 MB |
Finished XDEF File Restore: Time (s): cpu = 00:00:00 ; elapsed = 00:00:00.027 . Memory (MB): peak = 5568.023 ; gain = 0.000
WARNING: [Timing 38-313] There are no user specified timing constraints. Timing constraints are needed for proper timing analysis.
close_sim
INFO: [Simtcl 6-16] Simulation closed
launch_simulation
Command: launch_simulation 
INFO: [Vivado 12-25911] Executing simulation for 'XSim' simulator
INFO: [Vivado 12-28535] Process started - Wed Mar 18 11:46:59 2026

INFO: [Vivado 12-12493] Simulation top is 'tb_full_assignment2'
INFO: [Vivado 12-5682] Launching behavioral simulation in 'C:/Users/liubo/Documents/GitHub projects/DDSP/Assignment2/stateMachine/stateMachine.sim/sim_1/behav/xsim'
INFO: [SIM-utils-51] Simulation object is 'sim_1'
INFO: [SIM-utils-72] Using boost library from 'C:/AMDDesignTools/2025.2/Vivado/tps/boost_1_72_0'
INFO: [SIM-utils-54] Inspecting design source files for 'tb_full_assignment2' in fileset 'sim_1'...
INFO: [USF-XSim-97] Finding global include files...
INFO: [USF-XSim-98] Fetching design files from 'sim_1'...
INFO: [USF-XSim-2] XSim::Compile design
INFO: [USF-XSim-61] Executing 'COMPILE and ANALYZE' step in 'C:/Users/liubo/Documents/GitHub projects/DDSP/Assignment2/stateMachine/stateMachine.sim/sim_1/behav/xsim'
"xvhdl --incr --relax -prj tb_full_assignment2_vhdl.prj"
INFO: [VRFC 10-163] Analyzing VHDL file "C:/Users/liubo/Documents/GitHub projects/DDSP/Assignment2/stateMachine/stateMachine.srcs/sources_1/new/stateMachine.vhd" into library xil_defaultlib
INFO: [VRFC 10-3107] analyzing entity 'stateMachine'
INFO: [VRFC 10-163] Analyzing VHDL file "C:/Users/liubo/Documents/GitHub projects/DDSP/Assignment2/stateMachine/stateMachine.srcs/sources_1/new/full_assignment2.vhd" into library xil_defaultlib
INFO: [VRFC 10-3107] analyzing entity 'full_assignment2'
INFO: [USF-XSim-69] 'compile' step finished in '2' seconds
INFO: [USF-XSim-3] XSim::Elaborate design
INFO: [USF-XSim-61] Executing 'ELABORATE' step in 'C:/Users/liubo/Documents/GitHub projects/DDSP/Assignment2/stateMachine/stateMachine.sim/sim_1/behav/xsim'
"xelab --incr --debug typical --relax --mt 2 -L xil_defaultlib -L secureip --snapshot tb_full_assignment2_behav xil_defaultlib.tb_full_assignment2 -log elaborate.log"
Vivado Simulator v2025.2
Copyright 1986-2022 Xilinx, Inc. All Rights Reserved.
Copyright 2022-2025 Advanced Micro Devices, Inc. All Rights Reserved.
Running: C:/AMDDesignTools/2025.2/Vivado/bin/unwrapped/win64.o/xelab.exe --incr --debug typical --relax --mt 2 -L xil_defaultlib -L secureip --snapshot tb_full_assignment2_behav xil_defaultlib.tb_full_assignment2 -log elaborate.log 
Using 2 slave threads.
Starting static elaboration
Completed static elaboration
Starting simulation data flow analysis
Completed simulation data flow analysis
Time Resolution for simulation is 1ps
Compiling package std.standard
Compiling package std.textio
Compiling package ieee.std_logic_1164
Compiling package ieee.std_logic_arith
Compiling package ieee.std_logic_unsigned
Compiling architecture behavioral of entity xil_defaultlib.stateMachine [statemachine_default]
Compiling architecture behavioral of entity xil_defaultlib.adder [adder_default]
Compiling architecture behavioral of entity xil_defaultlib.logic [logic_default]
Compiling architecture behavioral of entity xil_defaultlib.mux [mux_default]
Compiling architecture structural of entity xil_defaultlib.ALU [alu_default]
Compiling architecture behavioral of entity xil_defaultlib.A [a_default]
Compiling architecture behavioral of entity xil_defaultlib.B [b_default]
Compiling architecture behavioral of entity xil_defaultlib.C [c_default]
Compiling architecture behavioral of entity xil_defaultlib.D [d_default]
Compiling architecture structural of entity xil_defaultlib.PIPO [pipo_default]
Compiling architecture structural of entity xil_defaultlib.Datapath [datapath_default]
Compiling architecture structural of entity xil_defaultlib.full_assignment2 [full_assignment2_default]
Compiling architecture behavioral of entity xil_defaultlib.tb_full_assignment2
Built simulation snapshot tb_full_assignment2_behav
INFO: [USF-XSim-69] 'elaborate' step finished in '1' seconds
INFO: [USF-XSim-4] XSim::Simulate design
INFO: [USF-XSim-61] Executing 'SIMULATE' step in 'C:/Users/liubo/Documents/GitHub projects/DDSP/Assignment2/stateMachine/stateMachine.sim/sim_1/behav/xsim'
INFO: [USF-XSim-98] *** Running xsim
   with args "tb_full_assignment2_behav -key {Behavioral:sim_1:Functional:tb_full_assignment2} -tclbatch {tb_full_assignment2.tcl} -log {simulate.log}"
INFO: [USF-XSim-8] Loading simulator feature
Time resolution is 1 ps
source tb_full_assignment2.tcl
# set curr_wave [current_wave_config]
# if { [string length $curr_wave] == 0 } {
#   if { [llength [get_objects]] > 0} {
#     add_wave /
#     set_property needs_save false [current_wave_config]
#   } else {
#      send_msg_id Add_Wave-1 WARNING "No top level signals found. Simulator will start without a wave window. If you want to open a wave window go to 'File->New Waveform Configuration' or type 'create_wave_config' in the TCL console."
#   }
# }
# run 1000ns
INFO: [USF-XSim-96] XSim completed. Design snapshot 'tb_full_assignment2_behav' loaded.
INFO: [USF-XSim-97] XSim simulation ran for 1000ns
close_sim
INFO: [Simtcl 6-16] Simulation closed
exit
INFO: [Common 17-206] Exiting Vivado at Wed Mar 18 11:47:19 2026...
