#-----------------------------------------------------------
# Vivado v2025.2 (64-bit)
# SW Build 6299465 on Fri Nov 14 19:35:11 GMT 2025
# IP Build 6300035 on Fri Nov 14 10:48:45 MST 2025
# SharedData Build 6298862 on Thu Nov 13 04:50:51 MST 2025
# Start of session at: Fri Mar 20 15:41:03 2026
# Process ID         : 12032
# Current directory  : C:/Users/vikip/Desktop/GitHub Repos/DDSP/Assignment2/stateMachine
# Command line       : vivado.exe -gui_launcher_event rodinguilauncherevent19988 C:\Users\vikip\Desktop\GitHub Repos\DDSP\Assignment2\stateMachine\stateMachine.xpr
# Log file           : C:/Users/vikip/Desktop/GitHub Repos/DDSP/Assignment2/stateMachine/vivado.log
# Journal file       : C:/Users/vikip/Desktop/GitHub Repos/DDSP/Assignment2/stateMachine\vivado.jou
# Running On         : VITKO
# Platform           : Windows Server 2016 or Windows 10
# Operating System   : 26200
# Processor Detail   : 12th Gen Intel(R) Core(TM) i5-12500H
# CPU Frequency      : 3110 MHz
# CPU Physical cores : 12
# CPU Logical cores  : 16
# Host memory        : 16886 MB
# Swap memory        : 6442 MB
# Total Virtual      : 23329 MB
# Available Virtual  : 6467 MB
#-----------------------------------------------------------
start_gui
open_project {C:/Users/vikip/Desktop/GitHub Repos/DDSP/Assignment2/stateMachine/stateMachine.xpr}
WARNING: [Board 49-26] cannot add Board Part xilinx.com:ac701:part0:1.4 available at D:/Apps/Vivado/2025.2/data/xhub/boards\XilinxBoardStore\boards\Xilinx\ac701\1.4\board.xml as part xc7a200tfbg676-2 specified in board_part file is either invalid or not available
WARNING: [Board 49-26] cannot add Board Part xilinx.com:emb-plus-vpr-4616:part0:1.0 available at D:/Apps/Vivado/2025.2/data/xhub/boards\XilinxBoardStore\boards\Xilinx\emb-plus-vpr-4616\1.0\board.xml as part xcve2302-sfva784-2mp-e-s specified in board_part file is either invalid or not available
WARNING: [Board 49-26] cannot add Board Part xilinx.com:emb-plus-vpr-4616:part0:1.1 available at D:/Apps/Vivado/2025.2/data/xhub/boards\XilinxBoardStore\boards\Xilinx\emb-plus-vpr-4616\1.1\board.xml as part xcve2302-sfva784-2mp-e-s specified in board_part file is either invalid or not available
WARNING: [Board 49-26] cannot add Board Part xilinx.com:k24c:part0:1.0 available at D:/Apps/Vivado/2025.2/data/xhub/boards\XilinxBoardStore\boards\Xilinx\k24c\1.0\board.xml as part xck24-ubva530-2lv-c specified in board_part file is either invalid or not available
WARNING: [Board 49-26] cannot add Board Part xilinx.com:k24c:part0:1.1 available at D:/Apps/Vivado/2025.2/data/xhub/boards\XilinxBoardStore\boards\Xilinx\k24c\1.1\board.xml as part xck24-ubva530-2lv-c specified in board_part file is either invalid or not available
WARNING: [Board 49-26] cannot add Board Part xilinx.com:k24i:part0:1.0 available at D:/Apps/Vivado/2025.2/data/xhub/boards\XilinxBoardStore\boards\Xilinx\k24i\1.0\board.xml as part xck24-ubva530-2lvi-i specified in board_part file is either invalid or not available
WARNING: [Board 49-26] cannot add Board Part xilinx.com:k26c:part0:1.2 available at D:/Apps/Vivado/2025.2/data/xhub/boards\XilinxBoardStore\boards\Xilinx\k26c\1.2\board.xml as part xck26-sfvc784-2lv-c specified in board_part file is either invalid or not available
WARNING: [Board 49-26] cannot add Board Part xilinx.com:k26c:part0:1.3 available at D:/Apps/Vivado/2025.2/data/xhub/boards\XilinxBoardStore\boards\Xilinx\k26c\1.3\board.xml as part xck26-sfvc784-2lv-c specified in board_part file is either invalid or not available
WARNING: [Board 49-26] cannot add Board Part xilinx.com:k26c:part0:1.4 available at D:/Apps/Vivado/2025.2/data/xhub/boards\XilinxBoardStore\boards\Xilinx\k26c\1.4\board.xml as part xck26-sfvc784-2lv-c specified in board_part file is either invalid or not available
WARNING: [Board 49-26] cannot add Board Part xilinx.com:k26i:part0:1.2 available at D:/Apps/Vivado/2025.2/data/xhub/boards\XilinxBoardStore\boards\Xilinx\k26i\1.2\board.xml as part xck26-sfvc784-2lvi-i specified in board_part file is either invalid or not available
WARNING: [Board 49-26] cannot add Board Part xilinx.com:k26i:part0:1.3 available at D:/Apps/Vivado/2025.2/data/xhub/boards\XilinxBoardStore\boards\Xilinx\k26i\1.3\board.xml as part xck26-sfvc784-2lvi-i specified in board_part file is either invalid or not available
WARNING: [Board 49-26] cannot add Board Part xilinx.com:k26i:part0:1.4 available at D:/Apps/Vivado/2025.2/data/xhub/boards\XilinxBoardStore\boards\Xilinx\k26i\1.4\board.xml as part xck26-sfvc784-2lvi-i specified in board_part file is either invalid or not available
WARNING: [Board 49-26] cannot add Board Part xilinx.com:kc705:part0:1.6 available at D:/Apps/Vivado/2025.2/data/xhub/boards\XilinxBoardStore\boards\Xilinx\kc705\1.6\board.xml as part xc7k325tffg900-2 specified in board_part file is either invalid or not available
WARNING: [Board 49-26] cannot add Board Part xilinx.com:kc705:part0:1.7 available at D:/Apps/Vivado/2025.2/data/xhub/boards\XilinxBoardStore\boards\Xilinx\kc705\1.7\board.xml as part xc7k325tffg900-2 specified in board_part file is either invalid or not available
WARNING: [Board 49-26] cannot add Board Part xilinx.com:kcu105:part0:1.6 available at D:/Apps/Vivado/2025.2/data/xhub/boards\XilinxBoardStore\boards\Xilinx\kcu105\1.6\board.xml as part xcku040-ffva1156-2-e specified in board_part file is either invalid or not available
WARNING: [Board 49-26] cannot add Board Part xilinx.com:kcu105:part0:1.7 available at D:/Apps/Vivado/2025.2/data/xhub/boards\XilinxBoardStore\boards\Xilinx\kcu105\1.7\board.xml as part xcku040-ffva1156-2-e specified in board_part file is either invalid or not available
WARNING: [Board 49-26] cannot add Board Part xilinx.com:kcu116:part0:1.4 available at D:/Apps/Vivado/2025.2/data/xhub/boards\XilinxBoardStore\boards\Xilinx\kcu116\1.4\board.xml as part xcku5p-ffvb676-2-e specified in board_part file is either invalid or not available
WARNING: [Board 49-26] cannot add Board Part xilinx.com:kcu116:part0:1.5 available at D:/Apps/Vivado/2025.2/data/xhub/boards\XilinxBoardStore\boards\Xilinx\kcu116\1.5\board.xml as part xcku5p-ffvb676-2-e specified in board_part file is either invalid or not available
WARNING: [Board 49-26] cannot add Board Part xilinx.com:kcu1500:part0:1.2 available at D:/Apps/Vivado/2025.2/data/xhub/boards\XilinxBoardStore\boards\Xilinx\kcu1500\1.2\board.xml as part xcku115-flvb2104-2-e specified in board_part file is either invalid or not available
WARNING: [Board 49-26] cannot add Board Part xilinx.com:kd240_som:part0:1.0 available at D:/Apps/Vivado/2025.2/data/xhub/boards\XilinxBoardStore\boards\Xilinx\kd240_som\1.0\board.xml as part xck24-ubva530-2lv-c specified in board_part file is either invalid or not available
WARNING: [Board 49-26] cannot add Board Part xilinx.com:kd240_som:part0:1.1 available at D:/Apps/Vivado/2025.2/data/xhub/boards\XilinxBoardStore\boards\Xilinx\kd240_som\1.1\board.xml as part xck24-ubva530-2lv-c specified in board_part file is either invalid or not available
WARNING: [Board 49-26] cannot add Board Part xilinx.com:kr260_som:part0:1.0 available at D:/Apps/Vivado/2025.2/data/xhub/boards\XilinxBoardStore\boards\Xilinx\kr260_som\1.0\board.xml as part xck26-sfvc784-2lv-c specified in board_part file is either invalid or not available
WARNING: [Board 49-26] cannot add Board Part xilinx.com:kr260_som:part0:1.1 available at D:/Apps/Vivado/2025.2/data/xhub/boards\XilinxBoardStore\boards\Xilinx\kr260_som\1.1\board.xml as part xck26-sfvc784-2lv-c specified in board_part file is either invalid or not available
WARNING: [Board 49-26] cannot add Board Part xilinx.com:kv260_som:part0:1.2 available at D:/Apps/Vivado/2025.2/data/xhub/boards\XilinxBoardStore\boards\Xilinx\kv260_som\1.2\board.xml as part xck26-sfvc784-2lv-c specified in board_part file is either invalid or not available
WARNING: [Board 49-26] cannot add Board Part xilinx.com:kv260_som:part0:1.3 available at D:/Apps/Vivado/2025.2/data/xhub/boards\XilinxBoardStore\boards\Xilinx\kv260_som\1.3\board.xml as part xck26-sfvc784-2lv-c specified in board_part file is either invalid or not available
WARNING: [Board 49-26] cannot add Board Part xilinx.com:kv260_som:part0:1.4 available at D:/Apps/Vivado/2025.2/data/xhub/boards\XilinxBoardStore\boards\Xilinx\kv260_som\1.4\board.xml as part xck26-sfvc784-2lv-c specified in board_part file is either invalid or not available
WARNING: [Board 49-26] cannot add Board Part xilinx.com:scu35:part0:1.0 available at D:/Apps/Vivado/2025.2/data/xhub/boards\XilinxBoardStore\boards\Xilinx\scu35\1.0\board.xml as part xcsu35p-sbvb625-2-e specified in board_part file is either invalid or not available
WARNING: [Board 49-26] cannot add Board Part xilinx.com:sp701:part0:1.0 available at D:/Apps/Vivado/2025.2/data/xhub/boards\XilinxBoardStore\boards\Xilinx\sp701\1.0\board.xml as part xc7s100fgga676-2 specified in board_part file is either invalid or not available
WARNING: [Board 49-26] cannot add Board Part xilinx.com:sp701:part0:1.1 available at D:/Apps/Vivado/2025.2/data/xhub/boards\XilinxBoardStore\boards\Xilinx\sp701\1.1\board.xml as part xc7s100fgga676-2 specified in board_part file is either invalid or not available
WARNING: [Board 49-26] cannot add Board Part xilinx.com:v80:part0:1.0 available at D:/Apps/Vivado/2025.2/data/xhub/boards\XilinxBoardStore\boards\Xilinx\v80\1.0\board.xml as part xcv80-lsva4737-2mhp-e-s specified in board_part file is either invalid or not available
WARNING: [Board 49-26] cannot add Board Part xilinx.com:vc707:part0:1.4 available at D:/Apps/Vivado/2025.2/data/xhub/boards\XilinxBoardStore\boards\Xilinx\vc707\1.4\board.xml as part xc7vx485tffg1761-2 specified in board_part file is either invalid or not available
WARNING: [Board 49-26] cannot add Board Part xilinx.com:vc707:part0:1.5 available at D:/Apps/Vivado/2025.2/data/xhub/boards\XilinxBoardStore\boards\Xilinx\vc707\1.5\board.xml as part xc7vx485tffg1761-2 specified in board_part file is either invalid or not available
WARNING: [Board 49-26] cannot add Board Part xilinx.com:vc709:part0:1.8 available at D:/Apps/Vivado/2025.2/data/xhub/boards\XilinxBoardStore\boards\Xilinx\vc709\1.8\board.xml as part xc7vx690tffg1761-2 specified in board_part file is either invalid or not available
WARNING: [Board 49-26] cannot add Board Part xilinx.com:vck190:part0:2.2 available at D:/Apps/Vivado/2025.2/data/xhub/boards\XilinxBoardStore\boards\Xilinx\vck190\production\2.2\board.xml as part xcvc1902-vsva2197-2mp-e-s specified in board_part file is either invalid or not available
WARNING: [Board 49-26] cannot add Board Part xilinx.com:vck190:part0:3.0 available at D:/Apps/Vivado/2025.2/data/xhub/boards\XilinxBoardStore\boards\Xilinx\vck190\production\3.0\board.xml as part xcvc1902-vsva2197-2mp-e-s specified in board_part file is either invalid or not available
WARNING: [Board 49-26] cannot add Board Part xilinx.com:vck190:part0:3.1 available at D:/Apps/Vivado/2025.2/data/xhub/boards\XilinxBoardStore\boards\Xilinx\vck190\production\3.1\board.xml as part xcvc1902-vsva2197-2mp-e-s specified in board_part file is either invalid or not available
WARNING: [Board 49-26] cannot add Board Part xilinx.com:vck190:part0:3.2 available at D:/Apps/Vivado/2025.2/data/xhub/boards\XilinxBoardStore\boards\Xilinx\vck190\production\3.2\board.xml as part xcvc1902-vsva2197-2mp-e-s specified in board_part file is either invalid or not available
WARNING: [Board 49-26] cannot add Board Part xilinx.com:vck190:part0:3.3 available at D:/Apps/Vivado/2025.2/data/xhub/boards\XilinxBoardStore\boards\Xilinx\vck190\production\3.3\board.xml as part xcvc1902-vsva2197-2mp-e-s specified in board_part file is either invalid or not available
WARNING: [Board 49-26] cannot add Board Part xilinx.com:vck190:part0:3.4 available at D:/Apps/Vivado/2025.2/data/xhub/boards\XilinxBoardStore\boards\Xilinx\vck190\production\3.4\board.xml as part xcvc1902-vsva2197-2mp-e-s specified in board_part file is either invalid or not available
WARNING: [Board 49-26] cannot add Board Part xilinx.com:vck190_newl:part0:1.0 available at D:/Apps/Vivado/2025.2/data/xhub/boards\XilinxBoardStore\boards\Xilinx\vck190_newl\production\1.0\board.xml as part xcvc1902-vsva2197-2mp-e-s specified in board_part file is either invalid or not available
WARNING: [Board 49-26] cannot add Board Part xilinx.com:vck190_newl:part0:1.1 available at D:/Apps/Vivado/2025.2/data/xhub/boards\XilinxBoardStore\boards\Xilinx\vck190_newl\production\1.1\board.xml as part xcvc1902-vsva2197-2mp-e-s specified in board_part file is either invalid or not available
WARNING: [Board 49-26] cannot add Board Part xilinx.com:vck190_newl:part0:1.2 available at D:/Apps/Vivado/2025.2/data/xhub/boards\XilinxBoardStore\boards\Xilinx\vck190_newl\production\1.2\board.xml as part xcvc1902-vsva2197-2mp-e-s specified in board_part file is either invalid or not available
WARNING: [Board 49-26] cannot add Board Part xilinx.com:vck190_newl:part0:1.3 available at D:/Apps/Vivado/2025.2/data/xhub/boards\XilinxBoardStore\boards\Xilinx\vck190_newl\production\1.3\board.xml as part xcvc1902-vsva2197-2mp-e-s specified in board_part file is either invalid or not available
WARNING: [Board 49-26] cannot add Board Part xilinx.com:vcu108:part0:1.6 available at D:/Apps/Vivado/2025.2/data/xhub/boards\XilinxBoardStore\boards\Xilinx\vcu108\1.6\board.xml as part xcvu095-ffva2104-2-e specified in board_part file is either invalid or not available
WARNING: [Board 49-26] cannot add Board Part xilinx.com:vcu108:part0:1.7 available at D:/Apps/Vivado/2025.2/data/xhub/boards\XilinxBoardStore\boards\Xilinx\vcu108\1.7\board.xml as part xcvu095-ffva2104-2-e specified in board_part file is either invalid or not available
WARNING: [Board 49-26] cannot add Board Part xilinx.com:vcu110:part0:1.4 available at D:/Apps/Vivado/2025.2/data/xhub/boards\XilinxBoardStore\boards\Xilinx\vcu110\1.4\board.xml as part xcvu190-flgc2104-2-e specified in board_part file is either invalid or not available
WARNING: [Board 49-26] cannot add Board Part xilinx.com:vcu118:part0:2.0 available at D:/Apps/Vivado/2025.2/data/xhub/boards\XilinxBoardStore\boards\Xilinx\vcu118\2.0\board.xml as part xcvu9p-flga2104-2l-e specified in board_part file is either invalid or not available
WARNING: [Board 49-26] cannot add Board Part xilinx.com:vcu118:part0:2.3 available at D:/Apps/Vivado/2025.2/data/xhub/boards\XilinxBoardStore\boards\Xilinx\vcu118\2.3\board.xml as part xcvu9p-flga2104-2l-e specified in board_part file is either invalid or not available
WARNING: [Board 49-26] cannot add Board Part xilinx.com:vcu118:part0:2.4 available at D:/Apps/Vivado/2025.2/data/xhub/boards\XilinxBoardStore\boards\Xilinx\vcu118\2.4\board.xml as part xcvu9p-flga2104-2l-e specified in board_part file is either invalid or not available
WARNING: [Board 49-26] cannot add Board Part xilinx.com:vcu128:part0:1.0 available at D:/Apps/Vivado/2025.2/data/xhub/boards\XilinxBoardStore\boards\Xilinx\vcu128\production\1.0\board.xml as part xcvu37p-fsvh2892-2l-e specified in board_part file is either invalid or not available
WARNING: [Board 49-26] cannot add Board Part xilinx.com:vcu129:part0:1.0 available at D:/Apps/Vivado/2025.2/data/xhub/boards\XilinxBoardStore\boards\Xilinx\vcu129\production\1.0\board.xml as part xcvu29p-fsga2577-2l-e specified in board_part file is either invalid or not available
WARNING: [Board 49-26] cannot add Board Part xilinx.com:vcu1525:part0:1.3 available at D:/Apps/Vivado/2025.2/data/xhub/boards\XilinxBoardStore\boards\Xilinx\vcu1525\1.3\board.xml as part xcvu9p-fsgd2104-2l-e specified in board_part file is either invalid or not available
WARNING: [Board 49-26] cannot add Board Part xilinx.com:vek280:part0:1.0 available at D:/Apps/Vivado/2025.2/data/xhub/boards\XilinxBoardStore\boards\Xilinx\vek280\production\1.0\board.xml as part xcve2802-vsvh1760-2mp-e-s specified in board_part file is either invalid or not available
WARNING: [Board 49-26] cannot add Board Part xilinx.com:vek280:part0:1.1 available at D:/Apps/Vivado/2025.2/data/xhub/boards\XilinxBoardStore\boards\Xilinx\vek280\production\1.1\board.xml as part xcve2802-vsvh1760-2mp-e-s specified in board_part file is either invalid or not available
WARNING: [Board 49-26] cannot add Board Part xilinx.com:vek280:part0:1.2 available at D:/Apps/Vivado/2025.2/data/xhub/boards\XilinxBoardStore\boards\Xilinx\vek280\production\1.2\board.xml as part xcve2802-vsvh1760-2mp-e-s specified in board_part file is either invalid or not available
WARNING: [Board 49-26] cannot add Board Part xilinx.com:vek385:part0:1.0 available at D:/Apps/Vivado/2025.2/data/xhub/boards\XilinxBoardStore\boards\Xilinx\vek385\1.0\board.xml as part xc2ve3858-ssva2112-2mp-e-s specified in board_part file is either invalid or not available
WARNING: [Board 49-26] cannot add Board Part xilinx.com:vek385:part0:1.1 available at D:/Apps/Vivado/2025.2/data/xhub/boards\XilinxBoardStore\boards\Xilinx\vek385\1.1\board.xml as part xc2ve3858-ssva2112-2mp-e-s specified in board_part file is either invalid or not available
WARNING: [Board 49-26] cannot add Board Part xilinx.com:vek385_1:part0:1.0 available at D:/Apps/Vivado/2025.2/data/xhub/boards\XilinxBoardStore\boards\Xilinx\vek385_2\1.0\board.xml as part xc2ve3858-ssva2112-2mp-e-s specified in board_part file is either invalid or not available
WARNING: [Board 49-26] cannot add Board Part xilinx.com:vermeo_t1_mpsoc:part0:1.0 available at D:/Apps/Vivado/2025.2/data/xhub/boards\XilinxBoardStore\boards\Xilinx\vermeo_t1_mpsoc\1.0\board.xml as part xczu19eg-ffvd1760-2l-e specified in board_part file is either invalid or not available
WARNING: [Board 49-26] cannot add Board Part xilinx.com:vermeo_t1_rfsoc:part0:1.0 available at D:/Apps/Vivado/2025.2/data/xhub/boards\XilinxBoardStore\boards\Xilinx\vermeo_t1_rfsoc\1.0\board.xml as part xczu21dr-ffvd1156-2l-e specified in board_part file is either invalid or not available
WARNING: [Board 49-26] cannot add Board Part xilinx.com:vhk158:part0:1.0 available at D:/Apps/Vivado/2025.2/data/xhub/boards\XilinxBoardStore\boards\Xilinx\vhk158\production\1.0\board.xml as part xcvh1582-vsva3697-2mp-e-s specified in board_part file is either invalid or not available
WARNING: [Board 49-26] cannot add Board Part xilinx.com:vhk158:part0:1.1 available at D:/Apps/Vivado/2025.2/data/xhub/boards\XilinxBoardStore\boards\Xilinx\vhk158\production\1.1\board.xml as part xcvh1582-vsva3697-2mp-e-s specified in board_part file is either invalid or not available
WARNING: [Board 49-26] cannot add Board Part xilinx.com:vhk158:part0:1.2 available at D:/Apps/Vivado/2025.2/data/xhub/boards\XilinxBoardStore\boards\Xilinx\vhk158\production\1.2\board.xml as part xcvh1582-vsva3697-2mp-e-s specified in board_part file is either invalid or not available
WARNING: [Board 49-26] cannot add Board Part xilinx.com:vmk180:part0:2.2 available at D:/Apps/Vivado/2025.2/data/xhub/boards\XilinxBoardStore\boards\Xilinx\vmk180\production\2.2\board.xml as part xcvm1802-vsva2197-2mp-e-s specified in board_part file is either invalid or not available
WARNING: [Board 49-26] cannot add Board Part xilinx.com:vmk180:part0:3.0 available at D:/Apps/Vivado/2025.2/data/xhub/boards\XilinxBoardStore\boards\Xilinx\vmk180\production\3.0\board.xml as part xcvm1802-vsva2197-2mp-e-s specified in board_part file is either invalid or not available
WARNING: [Board 49-26] cannot add Board Part xilinx.com:vmk180:part0:3.1 available at D:/Apps/Vivado/2025.2/data/xhub/boards\XilinxBoardStore\boards\Xilinx\vmk180\production\3.1\board.xml as part xcvm1802-vsva2197-2mp-e-s specified in board_part file is either invalid or not available
WARNING: [Board 49-26] cannot add Board Part xilinx.com:vmk180:part0:3.2 available at D:/Apps/Vivado/2025.2/data/xhub/boards\XilinxBoardStore\boards\Xilinx\vmk180\production\3.2\board.xml as part xcvm1802-vsva2197-2mp-e-s specified in board_part file is either invalid or not available
WARNING: [Board 49-26] cannot add Board Part xilinx.com:vmk180:part0:3.3 available at D:/Apps/Vivado/2025.2/data/xhub/boards\XilinxBoardStore\boards\Xilinx\vmk180\production\3.3\board.xml as part xcvm1802-vsva2197-2mp-e-s specified in board_part file is either invalid or not available
WARNING: [Board 49-26] cannot add Board Part xilinx.com:vmk180_newl:part0:1.0 available at D:/Apps/Vivado/2025.2/data/xhub/boards\XilinxBoardStore\boards\Xilinx\vmk180_newl\production\1.0\board.xml as part xcvm1802-vsva2197-2mp-e-s specified in board_part file is either invalid or not available
WARNING: [Board 49-26] cannot add Board Part xilinx.com:vmk180_newl:part0:1.1 available at D:/Apps/Vivado/2025.2/data/xhub/boards\XilinxBoardStore\boards\Xilinx\vmk180_newl\production\1.1\board.xml as part xcvm1802-vsva2197-2mp-e-s specified in board_part file is either invalid or not available
WARNING: [Board 49-26] cannot add Board Part xilinx.com:vpk120:part0:1.0 available at D:/Apps/Vivado/2025.2/data/xhub/boards\XilinxBoardStore\boards\Xilinx\vpk120\production\1.0\board.xml as part xcvp1202-vsva2785-2mp-e-s specified in board_part file is either invalid or not available
WARNING: [Board 49-26] cannot add Board Part xilinx.com:vpk120:part0:1.1 available at D:/Apps/Vivado/2025.2/data/xhub/boards\XilinxBoardStore\boards\Xilinx\vpk120\production\1.1\board.xml as part xcvp1202-vsva2785-2mp-e-s specified in board_part file is either invalid or not available
WARNING: [Board 49-26] cannot add Board Part xilinx.com:vpk120:part0:1.2 available at D:/Apps/Vivado/2025.2/data/xhub/boards\XilinxBoardStore\boards\Xilinx\vpk120\production\1.2\board.xml as part xcvp1202-vsva2785-2mp-e-s specified in board_part file is either invalid or not available
WARNING: [Board 49-26] cannot add Board Part xilinx.com:vpk180:part0:1.0 available at D:/Apps/Vivado/2025.2/data/xhub/boards\XilinxBoardStore\boards\Xilinx\vpk180\production\1.0\board.xml as part xcvp1802-lsvc4072-2mp-e-s specified in board_part file is either invalid or not available
WARNING: [Board 49-26] cannot add Board Part xilinx.com:vpk180:part0:1.1 available at D:/Apps/Vivado/2025.2/data/xhub/boards\XilinxBoardStore\boards\Xilinx\vpk180\production\1.1\board.xml as part xcvp1802-lsvc4072-2mp-e-s specified in board_part file is either invalid or not available
WARNING: [Board 49-26] cannot add Board Part xilinx.com:vpk180:part0:1.2 available at D:/Apps/Vivado/2025.2/data/xhub/boards\XilinxBoardStore\boards\Xilinx\vpk180\production\1.2\board.xml as part xcvp1802-lsvc4072-2mp-e-s specified in board_part file is either invalid or not available
WARNING: [Board 49-26] cannot add Board Part xilinx.com:vrk160:part0:1.0 available at D:/Apps/Vivado/2025.2/data/xhub/boards\XilinxBoardStore\boards\Xilinx\vrk160\1.0\board.xml as part xcvr1602-vsva2488-2mp-e-s-es1 specified in board_part file is either invalid or not available
WARNING: [Board 49-26] cannot add Board Part xilinx.com:vrk160:part0:1.1 available at D:/Apps/Vivado/2025.2/data/xhub/boards\XilinxBoardStore\boards\Xilinx\vrk160\1.1\board.xml as part xcvr1602-vsva2488-2mp-e-s-es1 specified in board_part file is either invalid or not available
WARNING: [Board 49-26] cannot add Board Part xilinx.com:zc706:part0:1.4 available at D:/Apps/Vivado/2025.2/data/xhub/boards\XilinxBoardStore\boards\Xilinx\zc706\1.4\board.xml as part xc7z045ffg900-2 specified in board_part file is either invalid or not available
WARNING: [Board 49-26] cannot add Board Part xilinx.com:zc706:part0:1.5 available at D:/Apps/Vivado/2025.2/data/xhub/boards\XilinxBoardStore\boards\Xilinx\zc706\1.5\board.xml as part xc7z045ffg900-2 specified in board_part file is either invalid or not available
WARNING: [Board 49-26] cannot add Board Part xilinx.com:zcu102:part0:3.3 available at D:/Apps/Vivado/2025.2/data/xhub/boards\XilinxBoardStore\boards\Xilinx\zcu102\3.3\board.xml as part xczu9eg-ffvb1156-2-e specified in board_part file is either invalid or not available
WARNING: [Board 49-26] cannot add Board Part xilinx.com:zcu102:part0:3.4 available at D:/Apps/Vivado/2025.2/data/xhub/boards\XilinxBoardStore\boards\Xilinx\zcu102\3.4\board.xml as part xczu9eg-ffvb1156-2-e specified in board_part file is either invalid or not available
WARNING: [Board 49-26] cannot add Board Part xilinx.com:zcu104:part0:1.1 available at D:/Apps/Vivado/2025.2/data/xhub/boards\XilinxBoardStore\boards\Xilinx\zcu104\1.1\board.xml as part xczu7ev-ffvc1156-2-e specified in board_part file is either invalid or not available
WARNING: [Board 49-26] cannot add Board Part xilinx.com:zcu106:part0:2.4 available at D:/Apps/Vivado/2025.2/data/xhub/boards\XilinxBoardStore\boards\Xilinx\zcu106\2.4\board.xml as part xczu7ev-ffvc1156-2-e specified in board_part file is either invalid or not available
WARNING: [Board 49-26] cannot add Board Part xilinx.com:zcu106:part0:2.5 available at D:/Apps/Vivado/2025.2/data/xhub/boards\XilinxBoardStore\boards\Xilinx\zcu106\2.5\board.xml as part xczu7ev-ffvc1156-2-e specified in board_part file is either invalid or not available
WARNING: [Board 49-26] cannot add Board Part xilinx.com:zcu106:part0:2.6 available at D:/Apps/Vivado/2025.2/data/xhub/boards\XilinxBoardStore\boards\Xilinx\zcu106\2.6\board.xml as part xczu7ev-ffvc1156-2-e specified in board_part file is either invalid or not available
WARNING: [Board 49-26] cannot add Board Part xilinx.com:zcu111:part0:1.2 available at D:/Apps/Vivado/2025.2/data/xhub/boards\XilinxBoardStore\boards\Xilinx\zcu111\1.2\board.xml as part xczu28dr-ffvg1517-2-e specified in board_part file is either invalid or not available
WARNING: [Board 49-26] cannot add Board Part xilinx.com:zcu111:part0:1.3 available at D:/Apps/Vivado/2025.2/data/xhub/boards\XilinxBoardStore\boards\Xilinx\zcu111\1.3\board.xml as part xczu28dr-ffvg1517-2-e specified in board_part file is either invalid or not available
WARNING: [Board 49-26] cannot add Board Part xilinx.com:zcu111:part0:1.4 available at D:/Apps/Vivado/2025.2/data/xhub/boards\XilinxBoardStore\boards\Xilinx\zcu111\1.4\board.xml as part xczu28dr-ffvg1517-2-e specified in board_part file is either invalid or not available
WARNING: [Board 49-26] cannot add Board Part xilinx.com:zcu1275:part0:1.0 available at D:/Apps/Vivado/2025.2/data/xhub/boards\XilinxBoardStore\boards\Xilinx\zcu1275\1.0\board.xml as part xczu29dr-ffvf1760-2-e specified in board_part file is either invalid or not available
WARNING: [Board 49-26] cannot add Board Part xilinx.com:zcu1285:part0:1.0 available at D:/Apps/Vivado/2025.2/data/xhub/boards\XilinxBoardStore\boards\Xilinx\zcu1285\1.0\board.xml as part xczu39dr-ffvf1760-2-i specified in board_part file is either invalid or not available
WARNING: [Board 49-26] cannot add Board Part xilinx.com:zcu208:part0:2.0 available at D:/Apps/Vivado/2025.2/data/xhub/boards\XilinxBoardStore\boards\Xilinx\zcu208\production\2.0\board.xml as part xczu48dr-fsvg1517-2-e specified in board_part file is either invalid or not available
WARNING: [Board 49-26] cannot add Board Part xilinx.com:zcu208ld:part0:2.0 available at D:/Apps/Vivado/2025.2/data/xhub/boards\XilinxBoardStore\boards\Xilinx\zcu208ld\production\2.0\board.xml as part xczu58dr-fsvg1517-2-i specified in board_part file is either invalid or not available
WARNING: [Board 49-26] cannot add Board Part xilinx.com:zcu216:part0:2.0 available at D:/Apps/Vivado/2025.2/data/xhub/boards\XilinxBoardStore\boards\Xilinx\zcu216\production\2.0\board.xml as part xczu49dr-ffvf1760-2-e specified in board_part file is either invalid or not available
WARNING: [Board 49-26] cannot add Board Part xilinx.com:zcu216ld:part0:2.0 available at D:/Apps/Vivado/2025.2/data/xhub/boards\XilinxBoardStore\boards\Xilinx\zcu216ld\production\2.0\board.xml as part xczu59dr-ffvf1760-2-i specified in board_part file is either invalid or not available
WARNING: [Board 49-26] cannot add Board Part xilinx.com:zcu670:part0:2.0 available at D:/Apps/Vivado/2025.2/data/xhub/boards\XilinxBoardStore\boards\Xilinx\zcu670\2.0\board.xml as part xczu67dr-fsve1156-2-i specified in board_part file is either invalid or not available
WARNING: [Board 49-26] cannot add Board Part xilinx.com:zcu670ld:part0:1.0 available at D:/Apps/Vivado/2025.2/data/xhub/boards\XilinxBoardStore\boards\Xilinx\zcu670ld\1.0\board.xml as part xczu57dr-fsve1156-2-i specified in board_part file is either invalid or not available
INFO: [filemgmt 56-3] Default IP Output Path : Could not find the directory 'C:/Users/vikip/Desktop/GitHub Repos/DDSP/Assignment2/stateMachine/stateMachine.gen/sources_1'.
Scanning sources...
Finished scanning sources
WARNING: [Board 49-26] cannot add Board Part xilinx.com:ac701:part0:1.4 available at D:/Apps/Vivado/2025.2/data/xhub/boards\XilinxBoardStore\boards\Xilinx\ac701\1.4\board.xml as part xc7a200tfbg676-2 specified in board_part file is either invalid or not available
WARNING: [Board 49-26] cannot add Board Part xilinx.com:emb-plus-vpr-4616:part0:1.0 available at D:/Apps/Vivado/2025.2/data/xhub/boards\XilinxBoardStore\boards\Xilinx\emb-plus-vpr-4616\1.0\board.xml as part xcve2302-sfva784-2mp-e-s specified in board_part file is either invalid or not available
WARNING: [Board 49-26] cannot add Board Part xilinx.com:emb-plus-vpr-4616:part0:1.1 available at D:/Apps/Vivado/2025.2/data/xhub/boards\XilinxBoardStore\boards\Xilinx\emb-plus-vpr-4616\1.1\board.xml as part xcve2302-sfva784-2mp-e-s specified in board_part file is either invalid or not available
INFO: [Common 17-14] Message 'Board 49-26' appears 100 times and further instances of the messages will be disabled. Use the Tcl command set_msg_config to change the current settings.
INFO: [IP_Flow 19-234] Refreshing IP repositories
INFO: [IP_Flow 19-1704] No user IP repositories specified
INFO: [IP_Flow 19-2313] Loaded Vivado IP repository 'D:/Apps/Vivado/2025.2/Vivado/data/ip'.
open_project: Time (s): cpu = 00:00:19 ; elapsed = 00:00:08 . Memory (MB): peak = 1680.488 ; gain = 240.090
reset_run synth_1
INFO: [Project 1-1161] Replacing file C:/Users/vikip/Desktop/GitHub Repos/DDSP/Assignment2/stateMachine/stateMachine.srcs/utils_1/imports/synth_1/stateMachine.dcp with file C:/Users/vikip/Desktop/GitHub Repos/DDSP/Assignment2/stateMachine/stateMachine.runs/synth_1/full_assignment2.dcp
launch_runs synth_1 -jobs 12
[Fri Mar 20 15:41:54 2026] Launched synth_1...
Run output will be captured here: C:/Users/vikip/Desktop/GitHub Repos/DDSP/Assignment2/stateMachine/stateMachine.runs/synth_1/runme.log
launch_runs impl_1 -jobs 12
[Fri Mar 20 15:42:27 2026] Launched impl_1...
Run output will be captured here: C:/Users/vikip/Desktop/GitHub Repos/DDSP/Assignment2/stateMachine/stateMachine.runs/impl_1/runme.log
open_run impl_1
INFO: [Device 21-403] Loading part xc7z020clg484-1
Netlist sorting complete. Time (s): cpu = 00:00:00 ; elapsed = 00:00:00.001 . Memory (MB): peak = 1903.293 ; gain = 0.000
INFO: [Project 1-479] Netlist was created with Vivado 2025.2
INFO: [Project 1-570] Preparing netlist for logic optimization
Read ShapeDB Complete: Time (s): cpu = 00:00:00 ; elapsed = 00:00:00.002 . Memory (MB): peak = 1998.414 ; gain = 0.129
INFO: [Designutils 20-5722] Start Reading Physical Databases.
Reading placement.
Read Netlist Cache: Time (s): cpu = 00:00:00 ; elapsed = 00:00:00 . Memory (MB): peak = 1998.871 ; gain = 0.000
Reading placer database...
Read Device Cache: Time (s): cpu = 00:00:00 ; elapsed = 00:00:00.010 . Memory (MB): peak = 2003.812 ; gain = 4.941
Read PlaceDB: Time (s): cpu = 00:00:00 ; elapsed = 00:00:00.001 . Memory (MB): peak = 2004.172 ; gain = 0.000
Read placeStorage: Time (s): cpu = 00:00:00 ; elapsed = 00:00:00.003 . Memory (MB): peak = 2004.531 ; gain = 0.039
Read PulsedLatchDB: Time (s): cpu = 00:00:00 ; elapsed = 00:00:00 . Memory (MB): peak = 2004.531 ; gain = 0.000
Reading routing.
Read RouteStorage: Time (s): cpu = 00:00:00 ; elapsed = 00:00:00.007 . Memory (MB): peak = 2007.297 ; gain = 2.766
Read Physdb Files: Time (s): cpu = 00:00:00 ; elapsed = 00:00:00.029 . Memory (MB): peak = 2007.297 ; gain = 8.520
Restored from archive | CPU: 0.000000 secs | Memory: 0.000000 MB |
Finished XDEF File Restore: Time (s): cpu = 00:00:00 ; elapsed = 00:00:00.029 . Memory (MB): peak = 2007.297 ; gain = 8.520
Netlist sorting complete. Time (s): cpu = 00:00:00 ; elapsed = 00:00:00 . Memory (MB): peak = 2407.230 ; gain = 0.000
INFO: [Project 1-111] Unisim Transformation Summary:
No Unisim elements were transformed.

open_run: Time (s): cpu = 00:00:13 ; elapsed = 00:00:08 . Memory (MB): peak = 2807.043 ; gain = 1116.848
WARNING: [Timing 38-313] There are no user specified timing constraints. Timing constraints are needed for proper timing analysis.
close_design
synth_design -rtl -rtl_skip_mlo -name rtl_1
Command: synth_design -rtl -rtl_skip_mlo -name rtl_1
Starting synth_design
Using part: xc7z020clg484-1
Top: full_assignment2
INFO: [Synth 8-7079] Multithreading enabled for synth_design using a maximum of 2 processes.
INFO: [Synth 8-7078] Launching helper process for spawning children vivado processes
INFO: [Synth 8-7075] Helper process launched with PID 12700
---------------------------------------------------------------------------------
Starting RTL Elaboration : Time (s): cpu = 00:00:04 ; elapsed = 00:00:04 . Memory (MB): peak = 2925.957 ; gain = 0.000
---------------------------------------------------------------------------------
INFO: [Synth 8-638] synthesizing module 'full_assignment2' [C:/Users/vikip/Desktop/GitHub Repos/DDSP/Assignment2/stateMachine/stateMachine.srcs/sources_1/new/full_assignment2.vhd:30]
INFO: [Synth 8-638] synthesizing module 'stateMachine' [C:/Users/vikip/Desktop/GitHub Repos/DDSP/Assignment2/stateMachine/stateMachine.srcs/sources_1/new/stateMachine.vhd:53]
INFO: [Synth 8-256] done synthesizing module 'stateMachine' (0#1) [C:/Users/vikip/Desktop/GitHub Repos/DDSP/Assignment2/stateMachine/stateMachine.srcs/sources_1/new/stateMachine.vhd:53]
INFO: [Synth 8-638] synthesizing module 'Datapath' [C:/Users/vikip/Desktop/GitHub Repos/DDSP/Assignment2/Datapath/Datapath.srcs/sources_1/new/Datapath.vhd:53]
INFO: [Synth 8-226] default block is never used [C:/Users/vikip/Desktop/GitHub Repos/DDSP/Assignment2/Datapath/Datapath.srcs/sources_1/new/Datapath.vhd:108]
INFO: [Synth 8-226] default block is never used [C:/Users/vikip/Desktop/GitHub Repos/DDSP/Assignment2/Datapath/Datapath.srcs/sources_1/new/Datapath.vhd:121]
INFO: [Synth 8-3491] module 'ALU' declared at 'C:/Users/vikip/Desktop/GitHub Repos/DDSP/Assignment2/Datapath/Datapath.srcs/sources_1/new/ALU.vhd:34' bound to instance 'uALU' of component 'ALU' [C:/Users/vikip/Desktop/GitHub Repos/DDSP/Assignment2/Datapath/Datapath.srcs/sources_1/new/Datapath.vhd:144]
INFO: [Synth 8-638] synthesizing module 'ALU' [C:/Users/vikip/Desktop/GitHub Repos/DDSP/Assignment2/Datapath/Datapath.srcs/sources_1/new/ALU.vhd:43]
INFO: [Synth 8-3491] module 'adder' declared at 'C:/Users/vikip/Desktop/GitHub Repos/DDSP/Assignment2/Datapath/Datapath.srcs/sources_1/new/adder.vhd:34' bound to instance 'u1' of component 'adder' [C:/Users/vikip/Desktop/GitHub Repos/DDSP/Assignment2/Datapath/Datapath.srcs/sources_1/new/ALU.vhd:76]
INFO: [Synth 8-638] synthesizing module 'adder' [C:/Users/vikip/Desktop/GitHub Repos/DDSP/Assignment2/Datapath/Datapath.srcs/sources_1/new/adder.vhd:42]
INFO: [Synth 8-256] done synthesizing module 'adder' (0#1) [C:/Users/vikip/Desktop/GitHub Repos/DDSP/Assignment2/Datapath/Datapath.srcs/sources_1/new/adder.vhd:42]
INFO: [Synth 8-3491] module 'logic' declared at 'C:/Users/vikip/Desktop/GitHub Repos/DDSP/Assignment2/Datapath/Datapath.srcs/sources_1/new/logic.vhd:34' bound to instance 'u2' of component 'logic' [C:/Users/vikip/Desktop/GitHub Repos/DDSP/Assignment2/Datapath/Datapath.srcs/sources_1/new/ALU.vhd:77]
INFO: [Synth 8-638] synthesizing module 'logic' [C:/Users/vikip/Desktop/GitHub Repos/DDSP/Assignment2/Datapath/Datapath.srcs/sources_1/new/logic.vhd:42]
INFO: [Synth 8-256] done synthesizing module 'logic' (0#1) [C:/Users/vikip/Desktop/GitHub Repos/DDSP/Assignment2/Datapath/Datapath.srcs/sources_1/new/logic.vhd:42]
INFO: [Synth 8-3491] module 'mux' declared at 'C:/Users/vikip/Desktop/GitHub Repos/DDSP/Assignment2/Datapath/Datapath.srcs/sources_1/new/mux.vhd:34' bound to instance 'u3' of component 'mux' [C:/Users/vikip/Desktop/GitHub Repos/DDSP/Assignment2/Datapath/Datapath.srcs/sources_1/new/ALU.vhd:78]
INFO: [Synth 8-638] synthesizing module 'mux' [C:/Users/vikip/Desktop/GitHub Repos/DDSP/Assignment2/Datapath/Datapath.srcs/sources_1/new/mux.vhd:43]
INFO: [Synth 8-226] default block is never used [C:/Users/vikip/Desktop/GitHub Repos/DDSP/Assignment2/Datapath/Datapath.srcs/sources_1/new/mux.vhd:49]
INFO: [Synth 8-256] done synthesizing module 'mux' (0#1) [C:/Users/vikip/Desktop/GitHub Repos/DDSP/Assignment2/Datapath/Datapath.srcs/sources_1/new/mux.vhd:43]
INFO: [Synth 8-256] done synthesizing module 'ALU' (0#1) [C:/Users/vikip/Desktop/GitHub Repos/DDSP/Assignment2/Datapath/Datapath.srcs/sources_1/new/ALU.vhd:43]
INFO: [Synth 8-3491] module 'PIPO' declared at 'C:/Users/vikip/Desktop/GitHub Repos/DDSP/Assignment2/Datapath/Datapath.srcs/sources_1/new/PIPO.vhd:24' bound to instance 'uREG' of component 'PIPO' [C:/Users/vikip/Desktop/GitHub Repos/DDSP/Assignment2/Datapath/Datapath.srcs/sources_1/new/Datapath.vhd:160]
INFO: [Synth 8-638] synthesizing module 'PIPO' [C:/Users/vikip/Desktop/GitHub Repos/DDSP/Assignment2/Datapath/Datapath.srcs/sources_1/new/PIPO.vhd:48]
INFO: [Synth 8-3491] module 'A' declared at 'C:/Users/vikip/Desktop/GitHub Repos/DDSP/Assignment2/Datapath/Datapath.srcs/sources_1/new/A.vhd:34' bound to instance 'uA' of component 'A' [C:/Users/vikip/Desktop/GitHub Repos/DDSP/Assignment2/Datapath/Datapath.srcs/sources_1/new/PIPO.vhd:98]
INFO: [Synth 8-638] synthesizing module 'A' [C:/Users/vikip/Desktop/GitHub Repos/DDSP/Assignment2/Datapath/Datapath.srcs/sources_1/new/A.vhd:44]
INFO: [Synth 8-256] done synthesizing module 'A' (0#1) [C:/Users/vikip/Desktop/GitHub Repos/DDSP/Assignment2/Datapath/Datapath.srcs/sources_1/new/A.vhd:44]
INFO: [Synth 8-3491] module 'B' declared at 'C:/Users/vikip/Desktop/GitHub Repos/DDSP/Assignment2/Datapath/Datapath.srcs/sources_1/new/B.vhd:34' bound to instance 'uB' of component 'B' [C:/Users/vikip/Desktop/GitHub Repos/DDSP/Assignment2/Datapath/Datapath.srcs/sources_1/new/PIPO.vhd:100]
INFO: [Synth 8-638] synthesizing module 'B' [C:/Users/vikip/Desktop/GitHub Repos/DDSP/Assignment2/Datapath/Datapath.srcs/sources_1/new/B.vhd:44]
INFO: [Synth 8-256] done synthesizing module 'B' (0#1) [C:/Users/vikip/Desktop/GitHub Repos/DDSP/Assignment2/Datapath/Datapath.srcs/sources_1/new/B.vhd:44]
INFO: [Synth 8-3491] module 'C' declared at 'C:/Users/vikip/Desktop/GitHub Repos/DDSP/Assignment2/Datapath/Datapath.srcs/sources_1/new/C.vhd:34' bound to instance 'uC' of component 'C' [C:/Users/vikip/Desktop/GitHub Repos/DDSP/Assignment2/Datapath/Datapath.srcs/sources_1/new/PIPO.vhd:102]
INFO: [Synth 8-638] synthesizing module 'C' [C:/Users/vikip/Desktop/GitHub Repos/DDSP/Assignment2/Datapath/Datapath.srcs/sources_1/new/C.vhd:44]
INFO: [Synth 8-256] done synthesizing module 'C' (0#1) [C:/Users/vikip/Desktop/GitHub Repos/DDSP/Assignment2/Datapath/Datapath.srcs/sources_1/new/C.vhd:44]
INFO: [Synth 8-3491] module 'D' declared at 'C:/Users/vikip/Desktop/GitHub Repos/DDSP/Assignment2/Datapath/Datapath.srcs/sources_1/new/D.vhd:34' bound to instance 'uD' of component 'D' [C:/Users/vikip/Desktop/GitHub Repos/DDSP/Assignment2/Datapath/Datapath.srcs/sources_1/new/PIPO.vhd:104]
INFO: [Synth 8-638] synthesizing module 'D' [C:/Users/vikip/Desktop/GitHub Repos/DDSP/Assignment2/Datapath/Datapath.srcs/sources_1/new/D.vhd:44]
INFO: [Synth 8-256] done synthesizing module 'D' (0#1) [C:/Users/vikip/Desktop/GitHub Repos/DDSP/Assignment2/Datapath/Datapath.srcs/sources_1/new/D.vhd:44]
INFO: [Synth 8-256] done synthesizing module 'PIPO' (0#1) [C:/Users/vikip/Desktop/GitHub Repos/DDSP/Assignment2/Datapath/Datapath.srcs/sources_1/new/PIPO.vhd:48]
INFO: [Synth 8-256] done synthesizing module 'Datapath' (0#1) [C:/Users/vikip/Desktop/GitHub Repos/DDSP/Assignment2/Datapath/Datapath.srcs/sources_1/new/Datapath.vhd:53]
INFO: [Synth 8-256] done synthesizing module 'full_assignment2' (0#1) [C:/Users/vikip/Desktop/GitHub Repos/DDSP/Assignment2/stateMachine/stateMachine.srcs/sources_1/new/full_assignment2.vhd:30]
---------------------------------------------------------------------------------
Finished RTL Elaboration : Time (s): cpu = 00:00:06 ; elapsed = 00:00:05 . Memory (MB): peak = 2925.957 ; gain = 0.000
---------------------------------------------------------------------------------
---------------------------------------------------------------------------------
Start Handling Custom Attributes
---------------------------------------------------------------------------------
---------------------------------------------------------------------------------
Finished Handling Custom Attributes : Time (s): cpu = 00:00:06 ; elapsed = 00:00:05 . Memory (MB): peak = 2925.957 ; gain = 0.000
---------------------------------------------------------------------------------
---------------------------------------------------------------------------------
Finished RTL Optimization Phase 1 : Time (s): cpu = 00:00:06 ; elapsed = 00:00:05 . Memory (MB): peak = 2925.957 ; gain = 0.000
---------------------------------------------------------------------------------
Netlist sorting complete. Time (s): cpu = 00:00:00 ; elapsed = 00:00:00.002 . Memory (MB): peak = 2925.957 ; gain = 0.000
INFO: [Project 1-570] Preparing netlist for logic optimization

Processing XDC Constraints
Initializing timing engine
Completed Processing XDC Constraints

Netlist sorting complete. Time (s): cpu = 00:00:00 ; elapsed = 00:00:00 . Memory (MB): peak = 2978.715 ; gain = 0.000
INFO: [Project 1-111] Unisim Transformation Summary:
No Unisim elements were transformed.

RTL Elaboration Complete:  : Time (s): cpu = 00:00:09 ; elapsed = 00:00:08 . Memory (MB): peak = 2984.906 ; gain = 58.949
41 Infos, 0 Warnings, 0 Critical Warnings and 0 Errors encountered.
synth_design completed successfully
synth_design: Time (s): cpu = 00:00:09 ; elapsed = 00:00:08 . Memory (MB): peak = 2984.906 ; gain = 58.949
close_design
WARNING: [filemgmt 56-199] Attempt to get parsing info during refresh. "On-the-fly" syntax checking information may be incorrect. [C:\Users\vikip\Desktop\GitHub Repos\DDSP\Assignment2\Datapath\Datapath.srcs\sources_1\new\PIPO.vhd:]
WARNING: [filemgmt 56-199] Attempt to get parsing info during refresh. "On-the-fly" syntax checking information may be incorrect. [C:\Users\vikip\Desktop\GitHub Repos\DDSP\Assignment2\Datapath\Datapath.srcs\sources_1\new\Datapath.vhd:]
WARNING: [filemgmt 56-199] Attempt to get parsing info during refresh. "On-the-fly" syntax checking information may be incorrect. [C:\Users\vikip\Desktop\GitHub Repos\DDSP\Assignment2\Datapath\Datapath.srcs\sources_1\new\ALU.vhd:]
WARNING: [filemgmt 56-199] Attempt to get parsing info during refresh. "On-the-fly" syntax checking information may be incorrect. [C:\Users\vikip\Desktop\GitHub Repos\DDSP\Assignment2\Datapath\Datapath.srcs\sources_1\new\ALU.vhd:]
WARNING: [filemgmt 56-199] Attempt to get parsing info during refresh. "On-the-fly" syntax checking information may be incorrect. [C:\Users\vikip\Desktop\GitHub Repos\DDSP\Assignment2\Datapath\Datapath.srcs\sources_1\new\ALU.vhd:]
WARNING: [filemgmt 56-199] Attempt to get parsing info during refresh. "On-the-fly" syntax checking information may be incorrect. [C:\Users\vikip\Desktop\GitHub Repos\DDSP\Assignment2\Datapath\Datapath.srcs\sources_1\new\PIPO.vhd:]
WARNING: [filemgmt 56-199] Attempt to get parsing info during refresh. "On-the-fly" syntax checking information may be incorrect. [C:\Users\vikip\Desktop\GitHub Repos\DDSP\Assignment2\Datapath\Datapath.srcs\sources_1\new\Datapath.vhd:]
WARNING: [filemgmt 56-199] Attempt to get parsing info during refresh. "On-the-fly" syntax checking information may be incorrect. [C:\Users\vikip\Desktop\GitHub Repos\DDSP\Assignment2\Datapath\Datapath.srcs\sources_1\new\ALU.vhd:]
WARNING: [filemgmt 56-199] Attempt to get parsing info during refresh. "On-the-fly" syntax checking information may be incorrect. [C:\Users\vikip\Desktop\GitHub Repos\DDSP\Assignment2\Datapath\Datapath.srcs\sources_1\new\Datapath.vhd:]
WARNING: [filemgmt 56-199] Attempt to get parsing info during refresh. "On-the-fly" syntax checking information may be incorrect. [C:\Users\vikip\Desktop\GitHub Repos\DDSP\Assignment2\Datapath\Datapath.srcs\sources_1\new\Datapath.vhd:]
reset_run synth_1
INFO: [Project 1-1161] Replacing file C:/Users/vikip/Desktop/GitHub Repos/DDSP/Assignment2/stateMachine/stateMachine.srcs/utils_1/imports/synth_1/stateMachine.dcp with file C:/Users/vikip/Desktop/GitHub Repos/DDSP/Assignment2/stateMachine/stateMachine.runs/synth_1/full_assignment2.dcp
launch_runs synth_1 -jobs 12
[Fri Mar 20 16:36:12 2026] Launched synth_1...
Run output will be captured here: C:/Users/vikip/Desktop/GitHub Repos/DDSP/Assignment2/stateMachine/stateMachine.runs/synth_1/runme.log
launch_runs impl_1 -jobs 12
[Fri Mar 20 16:39:14 2026] Launched impl_1...
Run output will be captured here: C:/Users/vikip/Desktop/GitHub Repos/DDSP/Assignment2/stateMachine/stateMachine.runs/impl_1/runme.log
open_run impl_1
Netlist sorting complete. Time (s): cpu = 00:00:00 ; elapsed = 00:00:00.001 . Memory (MB): peak = 3155.582 ; gain = 0.000
INFO: [Project 1-479] Netlist was created with Vivado 2025.2
INFO: [Project 1-570] Preparing netlist for logic optimization
Read ShapeDB Complete: Time (s): cpu = 00:00:00 ; elapsed = 00:00:00.001 . Memory (MB): peak = 3155.582 ; gain = 0.000
INFO: [Designutils 20-5722] Start Reading Physical Databases.
Reading placement.
Read Netlist Cache: Time (s): cpu = 00:00:00 ; elapsed = 00:00:00.001 . Memory (MB): peak = 3155.582 ; gain = 0.000
Reading placer database...
Read Device Cache: Time (s): cpu = 00:00:00 ; elapsed = 00:00:00.009 . Memory (MB): peak = 3155.582 ; gain = 0.000
Read PlaceDB: Time (s): cpu = 00:00:00 ; elapsed = 00:00:00 . Memory (MB): peak = 3155.582 ; gain = 0.000
Read placeStorage: Time (s): cpu = 00:00:00 ; elapsed = 00:00:00.004 . Memory (MB): peak = 3155.582 ; gain = 0.000
Read PulsedLatchDB: Time (s): cpu = 00:00:00 ; elapsed = 00:00:00 . Memory (MB): peak = 3155.582 ; gain = 0.000
Reading routing.
Read RouteStorage: Time (s): cpu = 00:00:00 ; elapsed = 00:00:00.017 . Memory (MB): peak = 3155.582 ; gain = 0.000
Read Physdb Files: Time (s): cpu = 00:00:00 ; elapsed = 00:00:00.040 . Memory (MB): peak = 3155.582 ; gain = 0.000
Restored from archive | CPU: 0.000000 secs | Memory: 0.000000 MB |
Finished XDEF File Restore: Time (s): cpu = 00:00:00 ; elapsed = 00:00:00.042 . Memory (MB): peak = 3155.582 ; gain = 0.000
Netlist sorting complete. Time (s): cpu = 00:00:00 ; elapsed = 00:00:00 . Memory (MB): peak = 3164.680 ; gain = 0.000
INFO: [Project 1-111] Unisim Transformation Summary:
No Unisim elements were transformed.

open_run: Time (s): cpu = 00:00:14 ; elapsed = 00:00:07 . Memory (MB): peak = 3233.121 ; gain = 77.539
WARNING: [Timing 38-313] There are no user specified timing constraints. Timing constraints are needed for proper timing analysis.
close_design
synth_design -rtl -rtl_skip_mlo -name rtl_1
Command: synth_design -rtl -rtl_skip_mlo -name rtl_1
Starting synth_design
Using part: xc7z020clg484-1
Top: full_assignment2
INFO: [Synth 8-7079] Multithreading enabled for synth_design using a maximum of 2 processes.
---------------------------------------------------------------------------------
Starting RTL Elaboration : Time (s): cpu = 00:00:04 ; elapsed = 00:00:05 . Memory (MB): peak = 3298.613 ; gain = 0.000
---------------------------------------------------------------------------------
INFO: [Synth 8-638] synthesizing module 'full_assignment2' [C:/Users/vikip/Desktop/GitHub Repos/DDSP/Assignment2/stateMachine/stateMachine.srcs/sources_1/new/full_assignment2.vhd:30]
INFO: [Synth 8-638] synthesizing module 'stateMachine' [C:/Users/vikip/Desktop/GitHub Repos/DDSP/Assignment2/stateMachine/stateMachine.srcs/sources_1/new/stateMachine.vhd:53]
INFO: [Synth 8-256] done synthesizing module 'stateMachine' (0#1) [C:/Users/vikip/Desktop/GitHub Repos/DDSP/Assignment2/stateMachine/stateMachine.srcs/sources_1/new/stateMachine.vhd:53]
INFO: [Synth 8-638] synthesizing module 'Datapath' [C:/Users/vikip/Desktop/GitHub Repos/DDSP/Assignment2/Datapath/Datapath.srcs/sources_1/new/Datapath.vhd:53]
INFO: [Synth 8-226] default block is never used [C:/Users/vikip/Desktop/GitHub Repos/DDSP/Assignment2/Datapath/Datapath.srcs/sources_1/new/Datapath.vhd:108]
INFO: [Synth 8-226] default block is never used [C:/Users/vikip/Desktop/GitHub Repos/DDSP/Assignment2/Datapath/Datapath.srcs/sources_1/new/Datapath.vhd:121]
INFO: [Synth 8-3491] module 'ALU' declared at 'C:/Users/vikip/Desktop/GitHub Repos/DDSP/Assignment2/Datapath/Datapath.srcs/sources_1/new/ALU.vhd:34' bound to instance 'uALU' of component 'ALU' [C:/Users/vikip/Desktop/GitHub Repos/DDSP/Assignment2/Datapath/Datapath.srcs/sources_1/new/Datapath.vhd:144]
INFO: [Synth 8-638] synthesizing module 'ALU' [C:/Users/vikip/Desktop/GitHub Repos/DDSP/Assignment2/Datapath/Datapath.srcs/sources_1/new/ALU.vhd:43]
INFO: [Synth 8-3491] module 'adder' declared at 'C:/Users/vikip/Desktop/GitHub Repos/DDSP/Assignment2/Datapath/Datapath.srcs/sources_1/new/adder.vhd:34' bound to instance 'u1' of component 'adder' [C:/Users/vikip/Desktop/GitHub Repos/DDSP/Assignment2/Datapath/Datapath.srcs/sources_1/new/ALU.vhd:76]
INFO: [Synth 8-638] synthesizing module 'adder' [C:/Users/vikip/Desktop/GitHub Repos/DDSP/Assignment2/Datapath/Datapath.srcs/sources_1/new/adder.vhd:42]
INFO: [Synth 8-256] done synthesizing module 'adder' (0#1) [C:/Users/vikip/Desktop/GitHub Repos/DDSP/Assignment2/Datapath/Datapath.srcs/sources_1/new/adder.vhd:42]
INFO: [Synth 8-3491] module 'logic' declared at 'C:/Users/vikip/Desktop/GitHub Repos/DDSP/Assignment2/Datapath/Datapath.srcs/sources_1/new/logic.vhd:34' bound to instance 'u2' of component 'logic' [C:/Users/vikip/Desktop/GitHub Repos/DDSP/Assignment2/Datapath/Datapath.srcs/sources_1/new/ALU.vhd:77]
INFO: [Synth 8-638] synthesizing module 'logic' [C:/Users/vikip/Desktop/GitHub Repos/DDSP/Assignment2/Datapath/Datapath.srcs/sources_1/new/logic.vhd:42]
INFO: [Synth 8-256] done synthesizing module 'logic' (0#1) [C:/Users/vikip/Desktop/GitHub Repos/DDSP/Assignment2/Datapath/Datapath.srcs/sources_1/new/logic.vhd:42]
INFO: [Synth 8-3491] module 'mux' declared at 'C:/Users/vikip/Desktop/GitHub Repos/DDSP/Assignment2/Datapath/Datapath.srcs/sources_1/new/mux.vhd:34' bound to instance 'u3' of component 'mux' [C:/Users/vikip/Desktop/GitHub Repos/DDSP/Assignment2/Datapath/Datapath.srcs/sources_1/new/ALU.vhd:78]
INFO: [Synth 8-638] synthesizing module 'mux' [C:/Users/vikip/Desktop/GitHub Repos/DDSP/Assignment2/Datapath/Datapath.srcs/sources_1/new/mux.vhd:43]
INFO: [Synth 8-226] default block is never used [C:/Users/vikip/Desktop/GitHub Repos/DDSP/Assignment2/Datapath/Datapath.srcs/sources_1/new/mux.vhd:49]
INFO: [Synth 8-256] done synthesizing module 'mux' (0#1) [C:/Users/vikip/Desktop/GitHub Repos/DDSP/Assignment2/Datapath/Datapath.srcs/sources_1/new/mux.vhd:43]
INFO: [Synth 8-256] done synthesizing module 'ALU' (0#1) [C:/Users/vikip/Desktop/GitHub Repos/DDSP/Assignment2/Datapath/Datapath.srcs/sources_1/new/ALU.vhd:43]
INFO: [Synth 8-3491] module 'PIPO' declared at 'C:/Users/vikip/Desktop/GitHub Repos/DDSP/Assignment2/Datapath/Datapath.srcs/sources_1/new/PIPO.vhd:24' bound to instance 'uREG' of component 'PIPO' [C:/Users/vikip/Desktop/GitHub Repos/DDSP/Assignment2/Datapath/Datapath.srcs/sources_1/new/Datapath.vhd:160]
INFO: [Synth 8-638] synthesizing module 'PIPO' [C:/Users/vikip/Desktop/GitHub Repos/DDSP/Assignment2/Datapath/Datapath.srcs/sources_1/new/PIPO.vhd:48]
INFO: [Synth 8-3491] module 'A' declared at 'C:/Users/vikip/Desktop/GitHub Repos/DDSP/Assignment2/Datapath/Datapath.srcs/sources_1/new/A.vhd:34' bound to instance 'uA' of component 'A' [C:/Users/vikip/Desktop/GitHub Repos/DDSP/Assignment2/Datapath/Datapath.srcs/sources_1/new/PIPO.vhd:98]
INFO: [Synth 8-638] synthesizing module 'A' [C:/Users/vikip/Desktop/GitHub Repos/DDSP/Assignment2/Datapath/Datapath.srcs/sources_1/new/A.vhd:44]
INFO: [Synth 8-256] done synthesizing module 'A' (0#1) [C:/Users/vikip/Desktop/GitHub Repos/DDSP/Assignment2/Datapath/Datapath.srcs/sources_1/new/A.vhd:44]
INFO: [Synth 8-3491] module 'B' declared at 'C:/Users/vikip/Desktop/GitHub Repos/DDSP/Assignment2/Datapath/Datapath.srcs/sources_1/new/B.vhd:34' bound to instance 'uB' of component 'B' [C:/Users/vikip/Desktop/GitHub Repos/DDSP/Assignment2/Datapath/Datapath.srcs/sources_1/new/PIPO.vhd:100]
INFO: [Synth 8-638] synthesizing module 'B' [C:/Users/vikip/Desktop/GitHub Repos/DDSP/Assignment2/Datapath/Datapath.srcs/sources_1/new/B.vhd:44]
INFO: [Synth 8-256] done synthesizing module 'B' (0#1) [C:/Users/vikip/Desktop/GitHub Repos/DDSP/Assignment2/Datapath/Datapath.srcs/sources_1/new/B.vhd:44]
INFO: [Synth 8-3491] module 'C' declared at 'C:/Users/vikip/Desktop/GitHub Repos/DDSP/Assignment2/Datapath/Datapath.srcs/sources_1/new/C.vhd:34' bound to instance 'uC' of component 'C' [C:/Users/vikip/Desktop/GitHub Repos/DDSP/Assignment2/Datapath/Datapath.srcs/sources_1/new/PIPO.vhd:102]
INFO: [Synth 8-638] synthesizing module 'C' [C:/Users/vikip/Desktop/GitHub Repos/DDSP/Assignment2/Datapath/Datapath.srcs/sources_1/new/C.vhd:44]
INFO: [Synth 8-256] done synthesizing module 'C' (0#1) [C:/Users/vikip/Desktop/GitHub Repos/DDSP/Assignment2/Datapath/Datapath.srcs/sources_1/new/C.vhd:44]
INFO: [Synth 8-3491] module 'D' declared at 'C:/Users/vikip/Desktop/GitHub Repos/DDSP/Assignment2/Datapath/Datapath.srcs/sources_1/new/D.vhd:34' bound to instance 'uD' of component 'D' [C:/Users/vikip/Desktop/GitHub Repos/DDSP/Assignment2/Datapath/Datapath.srcs/sources_1/new/PIPO.vhd:104]
INFO: [Synth 8-638] synthesizing module 'D' [C:/Users/vikip/Desktop/GitHub Repos/DDSP/Assignment2/Datapath/Datapath.srcs/sources_1/new/D.vhd:44]
INFO: [Synth 8-256] done synthesizing module 'D' (0#1) [C:/Users/vikip/Desktop/GitHub Repos/DDSP/Assignment2/Datapath/Datapath.srcs/sources_1/new/D.vhd:44]
INFO: [Synth 8-256] done synthesizing module 'PIPO' (0#1) [C:/Users/vikip/Desktop/GitHub Repos/DDSP/Assignment2/Datapath/Datapath.srcs/sources_1/new/PIPO.vhd:48]
INFO: [Synth 8-256] done synthesizing module 'Datapath' (0#1) [C:/Users/vikip/Desktop/GitHub Repos/DDSP/Assignment2/Datapath/Datapath.srcs/sources_1/new/Datapath.vhd:53]
INFO: [Synth 8-256] done synthesizing module 'full_assignment2' (0#1) [C:/Users/vikip/Desktop/GitHub Repos/DDSP/Assignment2/stateMachine/stateMachine.srcs/sources_1/new/full_assignment2.vhd:30]
---------------------------------------------------------------------------------
Finished RTL Elaboration : Time (s): cpu = 00:00:06 ; elapsed = 00:00:06 . Memory (MB): peak = 3298.613 ; gain = 0.000
---------------------------------------------------------------------------------
---------------------------------------------------------------------------------
Start Handling Custom Attributes
---------------------------------------------------------------------------------
---------------------------------------------------------------------------------
Finished Handling Custom Attributes : Time (s): cpu = 00:00:06 ; elapsed = 00:00:06 . Memory (MB): peak = 3298.613 ; gain = 0.000
---------------------------------------------------------------------------------
---------------------------------------------------------------------------------
Finished RTL Optimization Phase 1 : Time (s): cpu = 00:00:06 ; elapsed = 00:00:06 . Memory (MB): peak = 3298.613 ; gain = 0.000
---------------------------------------------------------------------------------
Netlist sorting complete. Time (s): cpu = 00:00:00 ; elapsed = 00:00:00.002 . Memory (MB): peak = 3298.613 ; gain = 0.000
INFO: [Project 1-570] Preparing netlist for logic optimization

Processing XDC Constraints
Initializing timing engine
Completed Processing XDC Constraints

Netlist sorting complete. Time (s): cpu = 00:00:00 ; elapsed = 00:00:00 . Memory (MB): peak = 3298.613 ; gain = 0.000
INFO: [Project 1-111] Unisim Transformation Summary:
No Unisim elements were transformed.

RTL Elaboration Complete:  : Time (s): cpu = 00:00:09 ; elapsed = 00:00:08 . Memory (MB): peak = 3298.613 ; gain = 0.000
39 Infos, 0 Warnings, 0 Critical Warnings and 0 Errors encountered.
synth_design completed successfully
synth_design: Time (s): cpu = 00:00:10 ; elapsed = 00:00:08 . Memory (MB): peak = 3298.613 ; gain = 0.000
close_design
launch_simulation
Command: launch_simulation 
INFO: [Vivado 12-25911] Executing simulation for 'XSim' simulator
INFO: [Vivado 12-28535] Process started - Fri Mar 20 16:47:01 2026

INFO: [Vivado 12-12493] Simulation top is 'tb_full_assignment2'
INFO: [Vivado 12-5682] Launching behavioral simulation in 'C:/Users/vikip/Desktop/GitHub Repos/DDSP/Assignment2/stateMachine/stateMachine.sim/sim_1/behav/xsim'
INFO: [SIM-utils-51] Simulation object is 'sim_1'
INFO: [SIM-utils-72] Using boost library from 'D:/Apps/Vivado/2025.2/Vivado/tps/boost_1_72_0'
INFO: [SIM-utils-54] Inspecting design source files for 'tb_full_assignment2' in fileset 'sim_1'...
INFO: [USF-XSim-97] Finding global include files...
INFO: [USF-XSim-100] Fetching design files from 'sources_1'...(this may take a while)...
INFO: [USF-XSim-101] Fetching design files from 'sim_1'...
INFO: [USF-XSim-2] XSim::Compile design
INFO: [USF-XSim-61] Executing 'COMPILE and ANALYZE' step in 'C:/Users/vikip/Desktop/GitHub Repos/DDSP/Assignment2/stateMachine/stateMachine.sim/sim_1/behav/xsim'
"xvhdl --incr --relax -prj tb_full_assignment2_vhdl.prj"
INFO: [VRFC 10-163] Analyzing VHDL file "C:/Users/vikip/Desktop/GitHub Repos/DDSP/Assignment2/Datapath/Datapath.srcs/sources_1/new/A.vhd" into library xil_defaultlib
INFO: [VRFC 10-3107] analyzing entity 'A'
INFO: [VRFC 10-163] Analyzing VHDL file "C:/Users/vikip/Desktop/GitHub Repos/DDSP/Assignment2/Datapath/Datapath.srcs/sources_1/new/ALU.vhd" into library xil_defaultlib
INFO: [VRFC 10-3107] analyzing entity 'ALU'
INFO: [VRFC 10-163] Analyzing VHDL file "C:/Users/vikip/Desktop/GitHub Repos/DDSP/Assignment2/Datapath/Datapath.srcs/sources_1/new/B.vhd" into library xil_defaultlib
INFO: [VRFC 10-3107] analyzing entity 'B'
INFO: [VRFC 10-163] Analyzing VHDL file "C:/Users/vikip/Desktop/GitHub Repos/DDSP/Assignment2/Datapath/Datapath.srcs/sources_1/new/C.vhd" into library xil_defaultlib
INFO: [VRFC 10-3107] analyzing entity 'C'
INFO: [VRFC 10-163] Analyzing VHDL file "C:/Users/vikip/Desktop/GitHub Repos/DDSP/Assignment2/Datapath/Datapath.srcs/sources_1/new/D.vhd" into library xil_defaultlib
INFO: [VRFC 10-3107] analyzing entity 'D'
INFO: [VRFC 10-163] Analyzing VHDL file "C:/Users/vikip/Desktop/GitHub Repos/DDSP/Assignment2/Datapath/Datapath.srcs/sources_1/new/Datapath.vhd" into library xil_defaultlib
INFO: [VRFC 10-3107] analyzing entity 'Datapath'
INFO: [VRFC 10-163] Analyzing VHDL file "C:/Users/vikip/Desktop/GitHub Repos/DDSP/Assignment2/Datapath/Datapath.srcs/sources_1/new/PIPO.vhd" into library xil_defaultlib
INFO: [VRFC 10-3107] analyzing entity 'PIPO'
INFO: [VRFC 10-163] Analyzing VHDL file "C:/Users/vikip/Desktop/GitHub Repos/DDSP/Assignment2/Datapath/Datapath.srcs/sources_1/new/adder.vhd" into library xil_defaultlib
INFO: [VRFC 10-3107] analyzing entity 'adder'
INFO: [VRFC 10-163] Analyzing VHDL file "C:/Users/vikip/Desktop/GitHub Repos/DDSP/Assignment2/stateMachine/stateMachine.srcs/sources_1/new/stateMachine.vhd" into library xil_defaultlib
INFO: [VRFC 10-3107] analyzing entity 'stateMachine'
INFO: [VRFC 10-163] Analyzing VHDL file "C:/Users/vikip/Desktop/GitHub Repos/DDSP/Assignment2/Datapath/Datapath.srcs/sources_1/new/logic.vhd" into library xil_defaultlib
INFO: [VRFC 10-3107] analyzing entity 'logic'
INFO: [VRFC 10-163] Analyzing VHDL file "C:/Users/vikip/Desktop/GitHub Repos/DDSP/Assignment2/Datapath/Datapath.srcs/sources_1/new/mux.vhd" into library xil_defaultlib
INFO: [VRFC 10-3107] analyzing entity 'mux'
INFO: [VRFC 10-163] Analyzing VHDL file "C:/Users/vikip/Desktop/GitHub Repos/DDSP/Assignment2/stateMachine/stateMachine.srcs/sources_1/new/full_assignment2.vhd" into library xil_defaultlib
INFO: [VRFC 10-3107] analyzing entity 'full_assignment2'
INFO: [VRFC 10-163] Analyzing VHDL file "C:/Users/vikip/Desktop/GitHub Repos/DDSP/Assignment2/stateMachine/stateMachine.srcs/sim_1/new/tb_full_assignment2.vhd" into library xil_defaultlib
INFO: [VRFC 10-3107] analyzing entity 'tb_full_assignment2'
INFO: [USF-XSim-69] 'compile' step finished in '4' seconds
INFO: [USF-XSim-3] XSim::Elaborate design
INFO: [USF-XSim-61] Executing 'ELABORATE' step in 'C:/Users/vikip/Desktop/GitHub Repos/DDSP/Assignment2/stateMachine/stateMachine.sim/sim_1/behav/xsim'
"xelab --incr --debug typical --relax --mt 2 -L xil_defaultlib -L secureip --snapshot tb_full_assignment2_behav xil_defaultlib.tb_full_assignment2 -log elaborate.log"
Vivado Simulator v2025.2
Copyright 1986-2022 Xilinx, Inc. All Rights Reserved.
Copyright 2022-2025 Advanced Micro Devices, Inc. All Rights Reserved.
Running: D:/Apps/Vivado/2025.2/Vivado/bin/unwrapped/win64.o/xelab.exe --incr --debug typical --relax --mt 2 -L xil_defaultlib -L secureip --snapshot tb_full_assignment2_behav xil_defaultlib.tb_full_assignment2 -log elaborate.log 
Using 2 slave threads.
Starting static elaboration
Completed static elaboration
Starting simulation data flow analysis
Completed simulation data flow analysis
Time Resolution for simulation is 1ps
Compiling package std.standard
Compiling package std.textio
Compiling package ieee.std_logic_1164
Compiling package ieee.std_logic_arith
Compiling package ieee.std_logic_unsigned
Compiling architecture behavioral of entity xil_defaultlib.stateMachine [statemachine_default]
Compiling architecture behavioral of entity xil_defaultlib.adder [adder_default]
Compiling architecture behavioral of entity xil_defaultlib.logic [logic_default]
Compiling architecture behavioral of entity xil_defaultlib.mux [mux_default]
Compiling architecture structural of entity xil_defaultlib.ALU [alu_default]
Compiling architecture behavioral of entity xil_defaultlib.A [a_default]
Compiling architecture behavioral of entity xil_defaultlib.B [b_default]
Compiling architecture behavioral of entity xil_defaultlib.C [c_default]
Compiling architecture behavioral of entity xil_defaultlib.D [d_default]
Compiling architecture structural of entity xil_defaultlib.PIPO [pipo_default]
Compiling architecture structural of entity xil_defaultlib.Datapath [datapath_default]
Compiling architecture structural of entity xil_defaultlib.full_assignment2 [full_assignment2_default]
Compiling architecture behavioral of entity xil_defaultlib.tb_full_assignment2
Built simulation snapshot tb_full_assignment2_behav
INFO: [USF-XSim-69] 'elaborate' step finished in '4' seconds
INFO: [USF-XSim-4] XSim::Simulate design
INFO: [USF-XSim-61] Executing 'SIMULATE' step in 'C:/Users/vikip/Desktop/GitHub Repos/DDSP/Assignment2/stateMachine/stateMachine.sim/sim_1/behav/xsim'
INFO: [USF-XSim-98] *** Running xsim
   with args "tb_full_assignment2_behav -key {Behavioral:sim_1:Functional:tb_full_assignment2} -tclbatch {tb_full_assignment2.tcl} -log {simulate.log}"
INFO: [USF-XSim-8] Loading simulator feature
Time resolution is 1 ps
source tb_full_assignment2.tcl
# set curr_wave [current_wave_config]
# if { [string length $curr_wave] == 0 } {
#   if { [llength [get_objects]] > 0} {
#     add_wave /
#     set_property needs_save false [current_wave_config]
#   } else {
#      send_msg_id Add_Wave-1 WARNING "No top level signals found. Simulator will start without a wave window. If you want to open a wave window go to 'File->New Waveform Configuration' or type 'create_wave_config' in the TCL console."
#   }
# }
# run 1000ns
INFO: [USF-XSim-96] XSim completed. Design snapshot 'tb_full_assignment2_behav' loaded.
INFO: [USF-XSim-97] XSim simulation ran for 1000ns
launch_simulation: Time (s): cpu = 00:00:05 ; elapsed = 00:00:13 . Memory (MB): peak = 4651.168 ; gain = 0.000
