INFO: [VRFC 10-163] Analyzing VHDL file "C:/Users/usnam/Documents/GitHub/DDSP/Assignment2/Datapath/Datapath.srcs/sources_1/new/A.vhd" into library xil_defaultlib
INFO: [VRFC 10-3107] analyzing entity 'A'
INFO: [VRFC 10-163] Analyzing VHDL file "C:/Users/usnam/Documents/GitHub/DDSP/Assignment2/Datapath/Datapath.srcs/sources_1/new/ALU.vhd" into library xil_defaultlib
INFO: [VRFC 10-3107] analyzing entity 'ALU'
INFO: [VRFC 10-163] Analyzing VHDL file "C:/Users/usnam/Documents/GitHub/DDSP/Assignment2/Datapath/Datapath.srcs/sources_1/new/B.vhd" into library xil_defaultlib
INFO: [VRFC 10-3107] analyzing entity 'B'
INFO: [VRFC 10-163] Analyzing VHDL file "C:/Users/usnam/Documents/GitHub/DDSP/Assignment2/Datapath/Datapath.srcs/sources_1/new/C.vhd" into library xil_defaultlib
INFO: [VRFC 10-3107] analyzing entity 'C'
INFO: [VRFC 10-163] Analyzing VHDL file "C:/Users/usnam/Documents/GitHub/DDSP/Assignment2/Datapath/Datapath.srcs/sources_1/new/D.vhd" into library xil_defaultlib
INFO: [VRFC 10-3107] analyzing entity 'D'
INFO: [VRFC 10-163] Analyzing VHDL file "C:/Users/usnam/Documents/GitHub/DDSP/Assignment2/Datapath/Datapath.srcs/sources_1/new/Datapath.vhd" into library xil_defaultlib
INFO: [VRFC 10-3107] analyzing entity 'Datapath'
INFO: [VRFC 10-163] Analyzing VHDL file "C:/Users/usnam/Documents/GitHub/DDSP/Assignment2/Datapath/Datapath.srcs/sources_1/new/PIPO.vhd" into library xil_defaultlib
INFO: [VRFC 10-3107] analyzing entity 'PIPO'
INFO: [VRFC 10-163] Analyzing VHDL file "C:/Users/usnam/Documents/GitHub/DDSP/Assignment2/Datapath/Datapath.srcs/sources_1/new/adder.vhd" into library xil_defaultlib
INFO: [VRFC 10-3107] analyzing entity 'adder'
INFO: [VRFC 10-163] Analyzing VHDL file "C:/Users/usnam/Documents/GitHub/DDSP/Assignment2/Datapath/Datapath.srcs/sources_1/new/logic.vhd" into library xil_defaultlib
INFO: [VRFC 10-3107] analyzing entity 'logic'
INFO: [VRFC 10-163] Analyzing VHDL file "C:/Users/usnam/Documents/GitHub/DDSP/Assignment2/Datapath/Datapath.srcs/sources_1/new/mux.vhd" into library xil_defaultlib
INFO: [VRFC 10-3107] analyzing entity 'mux'
INFO: [VRFC 10-163] Analyzing VHDL file "C:/Users/usnam/Documents/GitHub/DDSP/Assignment2/Datapath/Datapath.srcs/sim_1/new/testbenchDatapath.vhd" into library xil_defaultlib
INFO: [VRFC 10-3107] analyzing entity 'testbenchDatapath'
