Copyright 1986-2022 Xilinx, Inc. All Rights Reserved. Copyright 2022-2025 Advanced Micro Devices, Inc. All Rights Reserved.
------------------------------------------------------------------------------------------------------------------------------------------------------------------------------------------------------------------------------------
| Tool Version : Vivado v.2025.2 (win64) Build 6299465 Fri Nov 14 19:35:11 GMT 2025
| Date         : Mon Mar 16 18:24:12 2026
| Host         : DESKTOP-QU8QVCL running 64-bit major release  (build 9200)
| Command      : report_timing_summary -max_paths 10 -routable_nets -report_unconstrained -file Datapath_timing_summary_routed.rpt -pb Datapath_timing_summary_routed.pb -rpx Datapath_timing_summary_routed.rpx -warn_on_violation
| Design       : Datapath
| Device       : 7z020-clg484
| Speed File   : -1  PRODUCTION 1.12 2019-11-22
| Design State : Routed
------------------------------------------------------------------------------------------------------------------------------------------------------------------------------------------------------------------------------------

Timing Summary Report

------------------------------------------------------------------------------------------------
| Timer Settings
| --------------
------------------------------------------------------------------------------------------------

  Enable Multi Corner Analysis               :  Yes
  Enable Pessimism Removal                   :  Yes
  Pessimism Removal Resolution               :  Nearest Common Node
  Enable Input Delay Default Clock           :  No
  Enable Preset / Clear Arcs                 :  No
  Disable Flight Delays                      :  No
  Ignore I/O Paths                           :  No
  Timing Early Launch at Borrowing Latches   :  No
  Borrow Time for Max Delay Exceptions       :  Yes
  Merge Timing Exceptions                    :  Yes
  Inter-SLR Compensation                     :  Conservative

  Corner  Analyze    Analyze    
  Name    Max Paths  Min Paths  
  ------  ---------  ---------  
  Slow    Yes        Yes        
  Fast    Yes        Yes        


------------------------------------------------------------------------------------------------
| Report Methodology
| ------------------
------------------------------------------------------------------------------------------------

Rule       Severity          Description                  Violations  
---------  ----------------  ---------------------------  ----------  
TIMING-17  Critical Warning  Non-clocked sequential cell  32          

Note: This report is based on the most recent report_methodology run and may not be up-to-date. Run report_methodology on the current design for the latest report.



check_timing report

Table of Contents
-----------------
1. checking no_clock (32)
2. checking constant_clock (0)
3. checking pulse_width_clock (0)
4. checking unconstrained_internal_endpoints (96)
5. checking no_input_delay (21)
6. checking no_output_delay (17)
7. checking multiple_clock (0)
8. checking generated_clocks (0)
9. checking loops (0)
10. checking partial_input_delay (0)
11. checking partial_output_delay (0)
12. checking latch_loops (0)

1. checking no_clock (32)
-------------------------
 There are 32 register/latch pins with no clock driven by root clock pin: clk (HIGH)


2. checking constant_clock (0)
------------------------------
 There are 0 register/latch pins with constant_clock.


3. checking pulse_width_clock (0)
---------------------------------
 There are 0 register/latch pins which need pulse_width check


4. checking unconstrained_internal_endpoints (96)
-------------------------------------------------
 There are 96 pins that are not constrained for maximum delay. (HIGH)

 There are 0 pins that are not constrained for maximum delay due to constant clock.


5. checking no_input_delay (21)
-------------------------------
 There are 21 input ports with no input delay specified. (HIGH)

 There are 0 input ports with no input delay but user has a false path constraint.


6. checking no_output_delay (17)
--------------------------------
 There are 17 ports with no output delay specified. (HIGH)

 There are 0 ports with no output delay but user has a false path constraint

 There are 0 ports with no output delay but with a timing clock defined on it or propagating through it


7. checking multiple_clock (0)
------------------------------
 There are 0 register/latch pins with multiple clocks.


8. checking generated_clocks (0)
--------------------------------
 There are 0 generated clocks that are not connected to a clock source.


9. checking loops (0)
---------------------
 There are 0 combinational loops in the design.


10. checking partial_input_delay (0)
------------------------------------
 There are 0 input ports with partial input delay specified.


11. checking partial_output_delay (0)
-------------------------------------
 There are 0 ports with partial output delay specified.


12. checking latch_loops (0)
----------------------------
 There are 0 combinational latch loops in the design through latch input



------------------------------------------------------------------------------------------------
| Design Timing Summary
| ---------------------
------------------------------------------------------------------------------------------------

    WNS(ns)      TNS(ns)  TNS Failing Endpoints  TNS Total Endpoints      WHS(ns)      THS(ns)  THS Failing Endpoints  THS Total Endpoints     WPWS(ns)     TPWS(ns)  TPWS Failing Endpoints  TPWS Total Endpoints  
    -------      -------  ---------------------  -------------------      -------      -------  ---------------------  -------------------     --------     --------  ----------------------  --------------------  
        inf        0.000                      0                  113          inf        0.000                      0                  113           NA           NA                      NA                    NA  


There are no user specified timing constraints.


------------------------------------------------------------------------------------------------
| Clock Summary
| -------------
------------------------------------------------------------------------------------------------


------------------------------------------------------------------------------------------------
| Intra Clock Table
| -----------------
------------------------------------------------------------------------------------------------

Clock             WNS(ns)      TNS(ns)  TNS Failing Endpoints  TNS Total Endpoints      WHS(ns)      THS(ns)  THS Failing Endpoints  THS Total Endpoints     WPWS(ns)     TPWS(ns)  TPWS Failing Endpoints  TPWS Total Endpoints  
-----             -------      -------  ---------------------  -------------------      -------      -------  ---------------------  -------------------     --------     --------  ----------------------  --------------------  


------------------------------------------------------------------------------------------------
| Inter Clock Table
| -----------------
------------------------------------------------------------------------------------------------

From Clock    To Clock          WNS(ns)      TNS(ns)  TNS Failing Endpoints  TNS Total Endpoints      WHS(ns)      THS(ns)  THS Failing Endpoints  THS Total Endpoints  
----------    --------          -------      -------  ---------------------  -------------------      -------      -------  ---------------------  -------------------  


------------------------------------------------------------------------------------------------
| Other Path Groups Table
| -----------------------
------------------------------------------------------------------------------------------------

Path Group    From Clock    To Clock          WNS(ns)      TNS(ns)  TNS Failing Endpoints  TNS Total Endpoints      WHS(ns)      THS(ns)  THS Failing Endpoints  THS Total Endpoints  
----------    ----------    --------          -------      -------  ---------------------  -------------------      -------      -------  ---------------------  -------------------  


------------------------------------------------------------------------------------------------
| User Ignored Path Table
| -----------------------
------------------------------------------------------------------------------------------------

Path Group    From Clock    To Clock    
----------    ----------    --------    


------------------------------------------------------------------------------------------------
| Unconstrained Path Table
| ------------------------
------------------------------------------------------------------------------------------------

Path Group    From Clock    To Clock    
----------    ----------    --------    
(none)                                    


------------------------------------------------------------------------------------------------
| Timing Details
| --------------
------------------------------------------------------------------------------------------------


--------------------------------------------------------------------------------------
Path Group:  (none)
From Clock:  
  To Clock:  

Max Delay           113 Endpoints
Min Delay           113 Endpoints
--------------------------------------------------------------------------------------


Max Delay Paths
--------------------------------------------------------------------------------------
Slack:                    inf
  Source:                 Sel_A[0]
                            (input port)
  Destination:            CarryOut
                            (output port)
  Path Group:             (none)
  Path Type:              Max at Slow Process Corner
  Data Path Delay:        12.292ns  (logic 4.403ns (35.818%)  route 7.889ns (64.182%))
  Logic Levels:           7  (IBUF=1 LUT5=4 LUT6=1 OBUF=1)

    Location             Delay type                Incr(ns)  Path(ns)    Netlist Resource(s)
  -------------------------------------------------------------------    -------------------
    V5                                                0.000     0.000 r  Sel_A[0] (IN)
                         net (fo=0)                   0.000     0.000    Sel_A[0]
    V5                   IBUF (Prop_ibuf_I_O)         0.920     0.920 r  Sel_A_IBUF[0]_inst/O
                         net (fo=8, routed)           2.351     3.271    uREG/uC/Sel_A_IBUF[0]
    SLICE_X0Y20          LUT6 (Prop_lut6_I4_O)        0.124     3.395 r  uREG/uC/internalBit[1]_i_5/O
                         net (fo=2, routed)           0.817     4.213    uREG/uC/Ain[1]
    SLICE_X0Y17          LUT5 (Prop_lut5_I4_O)        0.124     4.337 r  uREG/uC/internalBit[2]_i_6/O
                         net (fo=4, routed)           0.825     5.162    uREG/uC/uALU/u1/C_int_1__1
    SLICE_X2Y18          LUT5 (Prop_lut5_I0_O)        0.124     5.286 r  uREG/uC/CarryOut_OBUF_inst_i_7/O
                         net (fo=3, routed)           0.495     5.781    uREG/uC/uALU/u1/C_int_3__1
    SLICE_X2Y18          LUT5 (Prop_lut5_I0_O)        0.124     5.905 r  uREG/uC/CarryOut_OBUF_inst_i_4/O
                         net (fo=2, routed)           1.110     7.015    uREG/uC/uALU/u1/C_int_5__1
    SLICE_X1Y20          LUT5 (Prop_lut5_I2_O)        0.152     7.167 r  uREG/uC/CarryOut_OBUF_inst_i_1/O
                         net (fo=1, routed)           2.291     9.458    CarryOut_OBUF
    U10                  OBUF (Prop_obuf_I_O)         2.834    12.292 r  CarryOut_OBUF_inst/O
                         net (fo=0)                   0.000    12.292    CarryOut
    U10                                                               r  CarryOut (OUT)
  -------------------------------------------------------------------    -------------------

Slack:                    inf
  Source:                 Sel_A[0]
                            (input port)
  Destination:            uREG/uC/internalBit_reg[5]/D
  Path Group:             (none)
  Path Type:              Max at Slow Process Corner
  Data Path Delay:        8.309ns  (logic 1.770ns (21.309%)  route 6.538ns (78.691%))
  Logic Levels:           6  (IBUF=1 LUT3=1 LUT5=2 LUT6=2)

    Location             Delay type                Incr(ns)  Path(ns)    Netlist Resource(s)
  -------------------------------------------------------------------    -------------------
    V5                                                0.000     0.000 r  Sel_A[0] (IN)
                         net (fo=0)                   0.000     0.000    Sel_A[0]
    V5                   IBUF (Prop_ibuf_I_O)         0.920     0.920 r  Sel_A_IBUF[0]_inst/O
                         net (fo=8, routed)           2.351     3.271    uREG/uC/Sel_A_IBUF[0]
    SLICE_X0Y20          LUT6 (Prop_lut6_I4_O)        0.124     3.395 r  uREG/uC/internalBit[1]_i_5/O
                         net (fo=2, routed)           0.817     4.213    uREG/uC/Ain[1]
    SLICE_X0Y17          LUT5 (Prop_lut5_I4_O)        0.124     4.337 r  uREG/uC/internalBit[2]_i_6/O
                         net (fo=4, routed)           0.825     5.162    uREG/uC/uALU/u1/C_int_1__1
    SLICE_X2Y18          LUT5 (Prop_lut5_I0_O)        0.124     5.286 r  uREG/uC/CarryOut_OBUF_inst_i_7/O
                         net (fo=3, routed)           0.798     6.084    uREG/uC/uALU/u1/C_int_3__1
    SLICE_X1Y18          LUT3 (Prop_lut3_I0_O)        0.152     6.236 r  uREG/uC/internalBit[5]_i_5/O
                         net (fo=1, routed)           0.801     7.036    uREG/uC/uALU/u1/C_int_4__1
    SLICE_X1Y17          LUT6 (Prop_lut6_I5_O)        0.326     7.362 r  uREG/uC/internalBit[5]_i_1/O
                         net (fo=4, routed)           0.946     8.309    uREG/uC/D[5]
    SLICE_X1Y19          FDCE                                         r  uREG/uC/internalBit_reg[5]/D
  -------------------------------------------------------------------    -------------------

Slack:                    inf
  Source:                 Sel_A[0]
                            (input port)
  Destination:            uREG/uA/internalBit_reg[5]/D
  Path Group:             (none)
  Path Type:              Max at Slow Process Corner
  Data Path Delay:        7.902ns  (logic 1.770ns (22.406%)  route 6.131ns (77.594%))
  Logic Levels:           6  (IBUF=1 LUT3=1 LUT5=2 LUT6=2)

    Location             Delay type                Incr(ns)  Path(ns)    Netlist Resource(s)
  -------------------------------------------------------------------    -------------------
    V5                                                0.000     0.000 r  Sel_A[0] (IN)
                         net (fo=0)                   0.000     0.000    Sel_A[0]
    V5                   IBUF (Prop_ibuf_I_O)         0.920     0.920 r  Sel_A_IBUF[0]_inst/O
                         net (fo=8, routed)           2.351     3.271    uREG/uC/Sel_A_IBUF[0]
    SLICE_X0Y20          LUT6 (Prop_lut6_I4_O)        0.124     3.395 r  uREG/uC/internalBit[1]_i_5/O
                         net (fo=2, routed)           0.817     4.213    uREG/uC/Ain[1]
    SLICE_X0Y17          LUT5 (Prop_lut5_I4_O)        0.124     4.337 r  uREG/uC/internalBit[2]_i_6/O
                         net (fo=4, routed)           0.825     5.162    uREG/uC/uALU/u1/C_int_1__1
    SLICE_X2Y18          LUT5 (Prop_lut5_I0_O)        0.124     5.286 r  uREG/uC/CarryOut_OBUF_inst_i_7/O
                         net (fo=3, routed)           0.798     6.084    uREG/uC/uALU/u1/C_int_3__1
    SLICE_X1Y18          LUT3 (Prop_lut3_I0_O)        0.152     6.236 r  uREG/uC/internalBit[5]_i_5/O
                         net (fo=1, routed)           0.801     7.036    uREG/uC/uALU/u1/C_int_4__1
    SLICE_X1Y17          LUT6 (Prop_lut6_I5_O)        0.326     7.362 r  uREG/uC/internalBit[5]_i_1/O
                         net (fo=4, routed)           0.539     7.902    uREG/uA/D[5]
    SLICE_X1Y18          FDCE                                         r  uREG/uA/internalBit_reg[5]/D
  -------------------------------------------------------------------    -------------------

Slack:                    inf
  Source:                 Sel_A[0]
                            (input port)
  Destination:            uREG/uB/internalBit_reg[4]/D
  Path Group:             (none)
  Path Type:              Max at Slow Process Corner
  Data Path Delay:        7.864ns  (logic 1.540ns (19.588%)  route 6.324ns (80.412%))
  Logic Levels:           6  (IBUF=1 LUT3=1 LUT5=3 LUT6=1)

    Location             Delay type                Incr(ns)  Path(ns)    Netlist Resource(s)
  -------------------------------------------------------------------    -------------------
    V5                                                0.000     0.000 r  Sel_A[0] (IN)
                         net (fo=0)                   0.000     0.000    Sel_A[0]
    V5                   IBUF (Prop_ibuf_I_O)         0.920     0.920 r  Sel_A_IBUF[0]_inst/O
                         net (fo=8, routed)           2.351     3.271    uREG/uC/Sel_A_IBUF[0]
    SLICE_X0Y20          LUT6 (Prop_lut6_I4_O)        0.124     3.395 r  uREG/uC/internalBit[1]_i_5/O
                         net (fo=2, routed)           0.817     4.213    uREG/uC/Ain[1]
    SLICE_X0Y17          LUT5 (Prop_lut5_I4_O)        0.124     4.337 r  uREG/uC/internalBit[2]_i_6/O
                         net (fo=4, routed)           0.825     5.162    uREG/uC/uALU/u1/C_int_1__1
    SLICE_X2Y18          LUT5 (Prop_lut5_I0_O)        0.124     5.286 r  uREG/uC/CarryOut_OBUF_inst_i_7/O
                         net (fo=3, routed)           0.798     6.084    uREG/uC/uALU/u1/C_int_3__1
    SLICE_X1Y18          LUT5 (Prop_lut5_I4_O)        0.124     6.208 r  uREG/uC/internalBit[4]_i_3/O
                         net (fo=1, routed)           0.660     6.868    uREG/uC/ALU_RESULT[4]
    SLICE_X0Y19          LUT3 (Prop_lut3_I2_O)        0.124     6.992 r  uREG/uC/internalBit[4]_i_1/O
                         net (fo=4, routed)           0.872     7.864    uREG/uB/D[4]
    SLICE_X0Y19          FDCE                                         r  uREG/uB/internalBit_reg[4]/D
  -------------------------------------------------------------------    -------------------

Slack:                    inf
  Source:                 Sel_A[0]
                            (input port)
  Destination:            uREG/uB/internalBit_reg[5]/D
  Path Group:             (none)
  Path Type:              Max at Slow Process Corner
  Data Path Delay:        7.861ns  (logic 1.770ns (22.522%)  route 6.091ns (77.478%))
  Logic Levels:           6  (IBUF=1 LUT3=1 LUT5=2 LUT6=2)

    Location             Delay type                Incr(ns)  Path(ns)    Netlist Resource(s)
  -------------------------------------------------------------------    -------------------
    V5                                                0.000     0.000 r  Sel_A[0] (IN)
                         net (fo=0)                   0.000     0.000    Sel_A[0]
    V5                   IBUF (Prop_ibuf_I_O)         0.920     0.920 r  Sel_A_IBUF[0]_inst/O
                         net (fo=8, routed)           2.351     3.271    uREG/uC/Sel_A_IBUF[0]
    SLICE_X0Y20          LUT6 (Prop_lut6_I4_O)        0.124     3.395 r  uREG/uC/internalBit[1]_i_5/O
                         net (fo=2, routed)           0.817     4.213    uREG/uC/Ain[1]
    SLICE_X0Y17          LUT5 (Prop_lut5_I4_O)        0.124     4.337 r  uREG/uC/internalBit[2]_i_6/O
                         net (fo=4, routed)           0.825     5.162    uREG/uC/uALU/u1/C_int_1__1
    SLICE_X2Y18          LUT5 (Prop_lut5_I0_O)        0.124     5.286 r  uREG/uC/CarryOut_OBUF_inst_i_7/O
                         net (fo=3, routed)           0.798     6.084    uREG/uC/uALU/u1/C_int_3__1
    SLICE_X1Y18          LUT3 (Prop_lut3_I0_O)        0.152     6.236 r  uREG/uC/internalBit[5]_i_5/O
                         net (fo=1, routed)           0.801     7.036    uREG/uC/uALU/u1/C_int_4__1
    SLICE_X1Y17          LUT6 (Prop_lut6_I5_O)        0.326     7.362 r  uREG/uC/internalBit[5]_i_1/O
                         net (fo=4, routed)           0.499     7.861    uREG/uB/D[5]
    SLICE_X0Y19          FDCE                                         r  uREG/uB/internalBit_reg[5]/D
  -------------------------------------------------------------------    -------------------

Slack:                    inf
  Source:                 Sel_A[0]
                            (input port)
  Destination:            uREG/uD/internalBit_reg[5]/D
  Path Group:             (none)
  Path Type:              Max at Slow Process Corner
  Data Path Delay:        7.712ns  (logic 1.770ns (22.956%)  route 5.942ns (77.044%))
  Logic Levels:           6  (IBUF=1 LUT3=1 LUT5=2 LUT6=2)

    Location             Delay type                Incr(ns)  Path(ns)    Netlist Resource(s)
  -------------------------------------------------------------------    -------------------
    V5                                                0.000     0.000 r  Sel_A[0] (IN)
                         net (fo=0)                   0.000     0.000    Sel_A[0]
    V5                   IBUF (Prop_ibuf_I_O)         0.920     0.920 r  Sel_A_IBUF[0]_inst/O
                         net (fo=8, routed)           2.351     3.271    uREG/uC/Sel_A_IBUF[0]
    SLICE_X0Y20          LUT6 (Prop_lut6_I4_O)        0.124     3.395 r  uREG/uC/internalBit[1]_i_5/O
                         net (fo=2, routed)           0.817     4.213    uREG/uC/Ain[1]
    SLICE_X0Y17          LUT5 (Prop_lut5_I4_O)        0.124     4.337 r  uREG/uC/internalBit[2]_i_6/O
                         net (fo=4, routed)           0.825     5.162    uREG/uC/uALU/u1/C_int_1__1
    SLICE_X2Y18          LUT5 (Prop_lut5_I0_O)        0.124     5.286 r  uREG/uC/CarryOut_OBUF_inst_i_7/O
                         net (fo=3, routed)           0.798     6.084    uREG/uC/uALU/u1/C_int_3__1
    SLICE_X1Y18          LUT3 (Prop_lut3_I0_O)        0.152     6.236 r  uREG/uC/internalBit[5]_i_5/O
                         net (fo=1, routed)           0.801     7.036    uREG/uC/uALU/u1/C_int_4__1
    SLICE_X1Y17          LUT6 (Prop_lut6_I5_O)        0.326     7.362 r  uREG/uC/internalBit[5]_i_1/O
                         net (fo=4, routed)           0.350     7.712    uREG/uD/D[5]
    SLICE_X0Y18          FDCE                                         r  uREG/uD/internalBit_reg[5]/D
  -------------------------------------------------------------------    -------------------

Slack:                    inf
  Source:                 Sel_A[0]
                            (input port)
  Destination:            uREG/uC/internalBit_reg[4]/D
  Path Group:             (none)
  Path Type:              Max at Slow Process Corner
  Data Path Delay:        7.675ns  (logic 1.540ns (20.071%)  route 6.135ns (79.929%))
  Logic Levels:           6  (IBUF=1 LUT3=1 LUT5=3 LUT6=1)

    Location             Delay type                Incr(ns)  Path(ns)    Netlist Resource(s)
  -------------------------------------------------------------------    -------------------
    V5                                                0.000     0.000 r  Sel_A[0] (IN)
                         net (fo=0)                   0.000     0.000    Sel_A[0]
    V5                   IBUF (Prop_ibuf_I_O)         0.920     0.920 r  Sel_A_IBUF[0]_inst/O
                         net (fo=8, routed)           2.351     3.271    uREG/uC/Sel_A_IBUF[0]
    SLICE_X0Y20          LUT6 (Prop_lut6_I4_O)        0.124     3.395 r  uREG/uC/internalBit[1]_i_5/O
                         net (fo=2, routed)           0.817     4.213    uREG/uC/Ain[1]
    SLICE_X0Y17          LUT5 (Prop_lut5_I4_O)        0.124     4.337 r  uREG/uC/internalBit[2]_i_6/O
                         net (fo=4, routed)           0.825     5.162    uREG/uC/uALU/u1/C_int_1__1
    SLICE_X2Y18          LUT5 (Prop_lut5_I0_O)        0.124     5.286 r  uREG/uC/CarryOut_OBUF_inst_i_7/O
                         net (fo=3, routed)           0.798     6.084    uREG/uC/uALU/u1/C_int_3__1
    SLICE_X1Y18          LUT5 (Prop_lut5_I4_O)        0.124     6.208 r  uREG/uC/internalBit[4]_i_3/O
                         net (fo=1, routed)           0.660     6.868    uREG/uC/ALU_RESULT[4]
    SLICE_X0Y19          LUT3 (Prop_lut3_I2_O)        0.124     6.992 r  uREG/uC/internalBit[4]_i_1/O
                         net (fo=4, routed)           0.683     7.675    uREG/uC/D[4]
    SLICE_X1Y19          FDCE                                         r  uREG/uC/internalBit_reg[4]/D
  -------------------------------------------------------------------    -------------------

Slack:                    inf
  Source:                 Sel_A[0]
                            (input port)
  Destination:            uREG/uA/internalBit_reg[4]/D
  Path Group:             (none)
  Path Type:              Max at Slow Process Corner
  Data Path Delay:        7.529ns  (logic 1.540ns (20.462%)  route 5.988ns (79.538%))
  Logic Levels:           6  (IBUF=1 LUT3=1 LUT5=3 LUT6=1)

    Location             Delay type                Incr(ns)  Path(ns)    Netlist Resource(s)
  -------------------------------------------------------------------    -------------------
    V5                                                0.000     0.000 r  Sel_A[0] (IN)
                         net (fo=0)                   0.000     0.000    Sel_A[0]
    V5                   IBUF (Prop_ibuf_I_O)         0.920     0.920 r  Sel_A_IBUF[0]_inst/O
                         net (fo=8, routed)           2.351     3.271    uREG/uC/Sel_A_IBUF[0]
    SLICE_X0Y20          LUT6 (Prop_lut6_I4_O)        0.124     3.395 r  uREG/uC/internalBit[1]_i_5/O
                         net (fo=2, routed)           0.817     4.213    uREG/uC/Ain[1]
    SLICE_X0Y17          LUT5 (Prop_lut5_I4_O)        0.124     4.337 r  uREG/uC/internalBit[2]_i_6/O
                         net (fo=4, routed)           0.825     5.162    uREG/uC/uALU/u1/C_int_1__1
    SLICE_X2Y18          LUT5 (Prop_lut5_I0_O)        0.124     5.286 r  uREG/uC/CarryOut_OBUF_inst_i_7/O
                         net (fo=3, routed)           0.798     6.084    uREG/uC/uALU/u1/C_int_3__1
    SLICE_X1Y18          LUT5 (Prop_lut5_I4_O)        0.124     6.208 r  uREG/uC/internalBit[4]_i_3/O
                         net (fo=1, routed)           0.660     6.868    uREG/uC/ALU_RESULT[4]
    SLICE_X0Y19          LUT3 (Prop_lut3_I2_O)        0.124     6.992 r  uREG/uC/internalBit[4]_i_1/O
                         net (fo=4, routed)           0.537     7.529    uREG/uA/D[4]
    SLICE_X0Y17          FDCE                                         r  uREG/uA/internalBit_reg[4]/D
  -------------------------------------------------------------------    -------------------

Slack:                    inf
  Source:                 Sel_A[0]
                            (input port)
  Destination:            uREG/uC/internalBit_reg[7]/D
  Path Group:             (none)
  Path Type:              Max at Slow Process Corner
  Data Path Delay:        7.504ns  (logic 1.540ns (20.529%)  route 5.963ns (79.471%))
  Logic Levels:           6  (IBUF=1 LUT5=1 LUT6=4)

    Location             Delay type                Incr(ns)  Path(ns)    Netlist Resource(s)
  -------------------------------------------------------------------    -------------------
    V5                                                0.000     0.000 r  Sel_A[0] (IN)
                         net (fo=0)                   0.000     0.000    Sel_A[0]
    V5                   IBUF (Prop_ibuf_I_O)         0.920     0.920 r  Sel_A_IBUF[0]_inst/O
                         net (fo=8, routed)           2.351     3.271    uREG/uC/Sel_A_IBUF[0]
    SLICE_X0Y20          LUT6 (Prop_lut6_I4_O)        0.124     3.395 r  uREG/uC/internalBit[1]_i_5/O
                         net (fo=2, routed)           0.817     4.213    uREG/uC/Ain[1]
    SLICE_X0Y17          LUT5 (Prop_lut5_I4_O)        0.124     4.337 r  uREG/uC/internalBit[2]_i_6/O
                         net (fo=4, routed)           0.441     4.778    uREG/uC/uALU/u1/C_int_1__1
    SLICE_X2Y18          LUT6 (Prop_lut6_I4_O)        0.124     4.902 r  uREG/uC/internalBit[7]_i_7/O
                         net (fo=1, routed)           1.100     6.002    uREG/uC/internalBit[7]_i_7_n_0
    SLICE_X1Y18          LUT6 (Prop_lut6_I0_O)        0.124     6.126 r  uREG/uC/internalBit[7]_i_6/O
                         net (fo=1, routed)           0.606     6.732    uREG/uC/uALU/u1/C_int_6__1
    SLICE_X1Y19          LUT6 (Prop_lut6_I5_O)        0.124     6.856 r  uREG/uC/internalBit[7]_i_1/O
                         net (fo=4, routed)           0.648     7.504    uREG/uC/D[7]
    SLICE_X0Y20          FDCE                                         r  uREG/uC/internalBit_reg[7]/D
  -------------------------------------------------------------------    -------------------

Slack:                    inf
  Source:                 Sel_A[0]
                            (input port)
  Destination:            uREG/uC/internalBit_reg[6]/D
  Path Group:             (none)
  Path Type:              Max at Slow Process Corner
  Data Path Delay:        7.358ns  (logic 1.540ns (20.935%)  route 5.818ns (79.065%))
  Logic Levels:           6  (IBUF=1 LUT5=3 LUT6=2)

    Location             Delay type                Incr(ns)  Path(ns)    Netlist Resource(s)
  -------------------------------------------------------------------    -------------------
    V5                                                0.000     0.000 r  Sel_A[0] (IN)
                         net (fo=0)                   0.000     0.000    Sel_A[0]
    V5                   IBUF (Prop_ibuf_I_O)         0.920     0.920 r  Sel_A_IBUF[0]_inst/O
                         net (fo=8, routed)           2.351     3.271    uREG/uC/Sel_A_IBUF[0]
    SLICE_X0Y20          LUT6 (Prop_lut6_I4_O)        0.124     3.395 r  uREG/uC/internalBit[1]_i_5/O
                         net (fo=2, routed)           0.817     4.213    uREG/uC/Ain[1]
    SLICE_X0Y17          LUT5 (Prop_lut5_I4_O)        0.124     4.337 r  uREG/uC/internalBit[2]_i_6/O
                         net (fo=4, routed)           0.825     5.162    uREG/uC/uALU/u1/C_int_1__1
    SLICE_X2Y18          LUT5 (Prop_lut5_I0_O)        0.124     5.286 r  uREG/uC/CarryOut_OBUF_inst_i_7/O
                         net (fo=3, routed)           0.495     5.781    uREG/uC/uALU/u1/C_int_3__1
    SLICE_X2Y18          LUT5 (Prop_lut5_I0_O)        0.124     5.905 r  uREG/uC/CarryOut_OBUF_inst_i_4/O
                         net (fo=2, routed)           0.446     6.351    uREG/uC/uALU/u1/C_int_5__1
    SLICE_X0Y18          LUT6 (Prop_lut6_I5_O)        0.124     6.475 r  uREG/uC/internalBit[6]_i_1/O
                         net (fo=4, routed)           0.883     7.358    uREG/uC/D[6]
    SLICE_X1Y20          FDCE                                         r  uREG/uC/internalBit_reg[6]/D
  -------------------------------------------------------------------    -------------------





Min Delay Paths
--------------------------------------------------------------------------------------
Slack:                    inf
  Source:                 loadA
                            (input port)
  Destination:            uREG/uA/internalBit_reg[1]/CE
  Path Group:             (none)
  Path Type:              Min at Fast Process Corner
  Data Path Delay:        0.574ns  (logic 0.195ns (34.015%)  route 0.379ns (65.985%))
  Logic Levels:           1  (IBUF=1)

    Location             Delay type                Incr(ns)  Path(ns)    Netlist Resource(s)
  -------------------------------------------------------------------    -------------------
    AB4                                               0.000     0.000 r  loadA (IN)
                         net (fo=0)                   0.000     0.000    loadA
    AB4                  IBUF (Prop_ibuf_I_O)         0.195     0.195 r  loadA_IBUF_inst/O
                         net (fo=8, routed)           0.379     0.574    uREG/uA/internalBit_reg[7]_1[0]
    SLICE_X0Y17          FDCE                                         r  uREG/uA/internalBit_reg[1]/CE
  -------------------------------------------------------------------    -------------------

Slack:                    inf
  Source:                 loadA
                            (input port)
  Destination:            uREG/uA/internalBit_reg[2]/CE
  Path Group:             (none)
  Path Type:              Min at Fast Process Corner
  Data Path Delay:        0.574ns  (logic 0.195ns (34.015%)  route 0.379ns (65.985%))
  Logic Levels:           1  (IBUF=1)

    Location             Delay type                Incr(ns)  Path(ns)    Netlist Resource(s)
  -------------------------------------------------------------------    -------------------
    AB4                                               0.000     0.000 r  loadA (IN)
                         net (fo=0)                   0.000     0.000    loadA
    AB4                  IBUF (Prop_ibuf_I_O)         0.195     0.195 r  loadA_IBUF_inst/O
                         net (fo=8, routed)           0.379     0.574    uREG/uA/internalBit_reg[7]_1[0]
    SLICE_X0Y17          FDCE                                         r  uREG/uA/internalBit_reg[2]/CE
  -------------------------------------------------------------------    -------------------

Slack:                    inf
  Source:                 loadA
                            (input port)
  Destination:            uREG/uA/internalBit_reg[3]/CE
  Path Group:             (none)
  Path Type:              Min at Fast Process Corner
  Data Path Delay:        0.574ns  (logic 0.195ns (34.015%)  route 0.379ns (65.985%))
  Logic Levels:           1  (IBUF=1)

    Location             Delay type                Incr(ns)  Path(ns)    Netlist Resource(s)
  -------------------------------------------------------------------    -------------------
    AB4                                               0.000     0.000 r  loadA (IN)
                         net (fo=0)                   0.000     0.000    loadA
    AB4                  IBUF (Prop_ibuf_I_O)         0.195     0.195 r  loadA_IBUF_inst/O
                         net (fo=8, routed)           0.379     0.574    uREG/uA/internalBit_reg[7]_1[0]
    SLICE_X0Y17          FDCE                                         r  uREG/uA/internalBit_reg[3]/CE
  -------------------------------------------------------------------    -------------------

Slack:                    inf
  Source:                 loadA
                            (input port)
  Destination:            uREG/uA/internalBit_reg[4]/CE
  Path Group:             (none)
  Path Type:              Min at Fast Process Corner
  Data Path Delay:        0.574ns  (logic 0.195ns (34.015%)  route 0.379ns (65.985%))
  Logic Levels:           1  (IBUF=1)

    Location             Delay type                Incr(ns)  Path(ns)    Netlist Resource(s)
  -------------------------------------------------------------------    -------------------
    AB4                                               0.000     0.000 r  loadA (IN)
                         net (fo=0)                   0.000     0.000    loadA
    AB4                  IBUF (Prop_ibuf_I_O)         0.195     0.195 r  loadA_IBUF_inst/O
                         net (fo=8, routed)           0.379     0.574    uREG/uA/internalBit_reg[7]_1[0]
    SLICE_X0Y17          FDCE                                         r  uREG/uA/internalBit_reg[4]/CE
  -------------------------------------------------------------------    -------------------

Slack:                    inf
  Source:                 loadB
                            (input port)
  Destination:            uREG/uB/internalBit_reg[0]/CE
  Path Group:             (none)
  Path Type:              Min at Fast Process Corner
  Data Path Delay:        0.581ns  (logic 0.195ns (33.476%)  route 0.387ns (66.524%))
  Logic Levels:           1  (IBUF=1)

    Location             Delay type                Incr(ns)  Path(ns)    Netlist Resource(s)
  -------------------------------------------------------------------    -------------------
    AB5                                               0.000     0.000 r  loadB (IN)
                         net (fo=0)                   0.000     0.000    loadB
    AB5                  IBUF (Prop_ibuf_I_O)         0.195     0.195 r  loadB_IBUF_inst/O
                         net (fo=8, routed)           0.387     0.581    uREG/uB/internalBit_reg[7]_0[0]
    SLICE_X0Y19          FDCE                                         r  uREG/uB/internalBit_reg[0]/CE
  -------------------------------------------------------------------    -------------------

Slack:                    inf
  Source:                 loadB
                            (input port)
  Destination:            uREG/uB/internalBit_reg[1]/CE
  Path Group:             (none)
  Path Type:              Min at Fast Process Corner
  Data Path Delay:        0.581ns  (logic 0.195ns (33.476%)  route 0.387ns (66.524%))
  Logic Levels:           1  (IBUF=1)

    Location             Delay type                Incr(ns)  Path(ns)    Netlist Resource(s)
  -------------------------------------------------------------------    -------------------
    AB5                                               0.000     0.000 r  loadB (IN)
                         net (fo=0)                   0.000     0.000    loadB
    AB5                  IBUF (Prop_ibuf_I_O)         0.195     0.195 r  loadB_IBUF_inst/O
                         net (fo=8, routed)           0.387     0.581    uREG/uB/internalBit_reg[7]_0[0]
    SLICE_X0Y19          FDCE                                         r  uREG/uB/internalBit_reg[1]/CE
  -------------------------------------------------------------------    -------------------

Slack:                    inf
  Source:                 loadB
                            (input port)
  Destination:            uREG/uB/internalBit_reg[2]/CE
  Path Group:             (none)
  Path Type:              Min at Fast Process Corner
  Data Path Delay:        0.581ns  (logic 0.195ns (33.476%)  route 0.387ns (66.524%))
  Logic Levels:           1  (IBUF=1)

    Location             Delay type                Incr(ns)  Path(ns)    Netlist Resource(s)
  -------------------------------------------------------------------    -------------------
    AB5                                               0.000     0.000 r  loadB (IN)
                         net (fo=0)                   0.000     0.000    loadB
    AB5                  IBUF (Prop_ibuf_I_O)         0.195     0.195 r  loadB_IBUF_inst/O
                         net (fo=8, routed)           0.387     0.581    uREG/uB/internalBit_reg[7]_0[0]
    SLICE_X0Y19          FDCE                                         r  uREG/uB/internalBit_reg[2]/CE
  -------------------------------------------------------------------    -------------------

Slack:                    inf
  Source:                 loadB
                            (input port)
  Destination:            uREG/uB/internalBit_reg[3]/CE
  Path Group:             (none)
  Path Type:              Min at Fast Process Corner
  Data Path Delay:        0.581ns  (logic 0.195ns (33.476%)  route 0.387ns (66.524%))
  Logic Levels:           1  (IBUF=1)

    Location             Delay type                Incr(ns)  Path(ns)    Netlist Resource(s)
  -------------------------------------------------------------------    -------------------
    AB5                                               0.000     0.000 r  loadB (IN)
                         net (fo=0)                   0.000     0.000    loadB
    AB5                  IBUF (Prop_ibuf_I_O)         0.195     0.195 r  loadB_IBUF_inst/O
                         net (fo=8, routed)           0.387     0.581    uREG/uB/internalBit_reg[7]_0[0]
    SLICE_X0Y19          FDCE                                         r  uREG/uB/internalBit_reg[3]/CE
  -------------------------------------------------------------------    -------------------

Slack:                    inf
  Source:                 loadB
                            (input port)
  Destination:            uREG/uB/internalBit_reg[4]/CE
  Path Group:             (none)
  Path Type:              Min at Fast Process Corner
  Data Path Delay:        0.581ns  (logic 0.195ns (33.476%)  route 0.387ns (66.524%))
  Logic Levels:           1  (IBUF=1)

    Location             Delay type                Incr(ns)  Path(ns)    Netlist Resource(s)
  -------------------------------------------------------------------    -------------------
    AB5                                               0.000     0.000 r  loadB (IN)
                         net (fo=0)                   0.000     0.000    loadB
    AB5                  IBUF (Prop_ibuf_I_O)         0.195     0.195 r  loadB_IBUF_inst/O
                         net (fo=8, routed)           0.387     0.581    uREG/uB/internalBit_reg[7]_0[0]
    SLICE_X0Y19          FDCE                                         r  uREG/uB/internalBit_reg[4]/CE
  -------------------------------------------------------------------    -------------------

Slack:                    inf
  Source:                 loadB
                            (input port)
  Destination:            uREG/uB/internalBit_reg[5]/CE
  Path Group:             (none)
  Path Type:              Min at Fast Process Corner
  Data Path Delay:        0.581ns  (logic 0.195ns (33.476%)  route 0.387ns (66.524%))
  Logic Levels:           1  (IBUF=1)

    Location             Delay type                Incr(ns)  Path(ns)    Netlist Resource(s)
  -------------------------------------------------------------------    -------------------
    AB5                                               0.000     0.000 r  loadB (IN)
                         net (fo=0)                   0.000     0.000    loadB
    AB5                  IBUF (Prop_ibuf_I_O)         0.195     0.195 r  loadB_IBUF_inst/O
                         net (fo=8, routed)           0.387     0.581    uREG/uB/internalBit_reg[7]_0[0]
    SLICE_X0Y19          FDCE                                         r  uREG/uB/internalBit_reg[5]/CE
  -------------------------------------------------------------------    -------------------





