Copyright 1986-2022 Xilinx, Inc. All Rights Reserved. Copyright 2022-2025 Advanced Micro Devices, Inc. All Rights Reserved.
------------------------------------------------------------------------------------------------------------------------------------------------------------------------------------------------------------------------
| Tool Version : Vivado v.2025.2 (win64) Build 6299465 Fri Nov 14 19:35:11 GMT 2025
| Date         : Mon Apr  6 15:15:46 2026
| Host         : DESKTOP-QU8QVCL running 64-bit major release  (build 9200)
| Command      : report_timing_summary -max_paths 10 -routable_nets -report_unconstrained -file FULL_timing_summary_routed.rpt -pb FULL_timing_summary_routed.pb -rpx FULL_timing_summary_routed.rpx -warn_on_violation
| Design       : FULL
| Device       : 7z020-clg484
| Speed File   : -1  PRODUCTION 1.12 2019-11-22
| Design State : Routed
------------------------------------------------------------------------------------------------------------------------------------------------------------------------------------------------------------------------

Timing Summary Report

------------------------------------------------------------------------------------------------
| Timer Settings
| --------------
------------------------------------------------------------------------------------------------

  Enable Multi Corner Analysis               :  Yes
  Enable Pessimism Removal                   :  Yes
  Pessimism Removal Resolution               :  Nearest Common Node
  Enable Input Delay Default Clock           :  No
  Enable Preset / Clear Arcs                 :  No
  Disable Flight Delays                      :  No
  Ignore I/O Paths                           :  No
  Timing Early Launch at Borrowing Latches   :  No
  Borrow Time for Max Delay Exceptions       :  Yes
  Merge Timing Exceptions                    :  Yes
  Inter-SLR Compensation                     :  Conservative

  Corner  Analyze    Analyze    
  Name    Max Paths  Min Paths  
  ------  ---------  ---------  
  Slow    Yes        Yes        
  Fast    Yes        Yes        


------------------------------------------------------------------------------------------------
| Report Methodology
| ------------------
------------------------------------------------------------------------------------------------

Rule       Severity          Description                  Violations  
---------  ----------------  ---------------------------  ----------  
TIMING-17  Critical Warning  Non-clocked sequential cell  45          

Note: This report is based on the most recent report_methodology run and may not be up-to-date. Run report_methodology on the current design for the latest report.



check_timing report

Table of Contents
-----------------
1. checking no_clock (45)
2. checking constant_clock (0)
3. checking pulse_width_clock (0)
4. checking unconstrained_internal_endpoints (106)
5. checking no_input_delay (9)
6. checking no_output_delay (1)
7. checking multiple_clock (0)
8. checking generated_clocks (0)
9. checking loops (0)
10. checking partial_input_delay (0)
11. checking partial_output_delay (0)
12. checking latch_loops (0)

1. checking no_clock (45)
-------------------------
 There are 45 register/latch pins with no clock driven by root clock pin: clk (HIGH)


2. checking constant_clock (0)
------------------------------
 There are 0 register/latch pins with constant_clock.


3. checking pulse_width_clock (0)
---------------------------------
 There are 0 register/latch pins which need pulse_width check


4. checking unconstrained_internal_endpoints (106)
--------------------------------------------------
 There are 106 pins that are not constrained for maximum delay. (HIGH)

 There are 0 pins that are not constrained for maximum delay due to constant clock.


5. checking no_input_delay (9)
------------------------------
 There are 9 input ports with no input delay specified. (HIGH)

 There are 0 input ports with no input delay but user has a false path constraint.


6. checking no_output_delay (1)
-------------------------------
 There is 1 port with no output delay specified. (HIGH)

 There are 0 ports with no output delay but user has a false path constraint

 There are 0 ports with no output delay but with a timing clock defined on it or propagating through it


7. checking multiple_clock (0)
------------------------------
 There are 0 register/latch pins with multiple clocks.


8. checking generated_clocks (0)
--------------------------------
 There are 0 generated clocks that are not connected to a clock source.


9. checking loops (0)
---------------------
 There are 0 combinational loops in the design.


10. checking partial_input_delay (0)
------------------------------------
 There are 0 input ports with partial input delay specified.


11. checking partial_output_delay (0)
-------------------------------------
 There are 0 ports with partial output delay specified.


12. checking latch_loops (0)
----------------------------
 There are 0 combinational latch loops in the design through latch input



------------------------------------------------------------------------------------------------
| Design Timing Summary
| ---------------------
------------------------------------------------------------------------------------------------

    WNS(ns)      TNS(ns)  TNS Failing Endpoints  TNS Total Endpoints      WHS(ns)      THS(ns)  THS Failing Endpoints  THS Total Endpoints     WPWS(ns)     TPWS(ns)  TPWS Failing Endpoints  TPWS Total Endpoints  
    -------      -------  ---------------------  -------------------      -------      -------  ---------------------  -------------------     --------     --------  ----------------------  --------------------  
        inf        0.000                      0                  107          inf        0.000                      0                  107           NA           NA                      NA                    NA  


There are no user specified timing constraints.


------------------------------------------------------------------------------------------------
| Clock Summary
| -------------
------------------------------------------------------------------------------------------------


------------------------------------------------------------------------------------------------
| Intra Clock Table
| -----------------
------------------------------------------------------------------------------------------------

Clock             WNS(ns)      TNS(ns)  TNS Failing Endpoints  TNS Total Endpoints      WHS(ns)      THS(ns)  THS Failing Endpoints  THS Total Endpoints     WPWS(ns)     TPWS(ns)  TPWS Failing Endpoints  TPWS Total Endpoints  
-----             -------      -------  ---------------------  -------------------      -------      -------  ---------------------  -------------------     --------     --------  ----------------------  --------------------  


------------------------------------------------------------------------------------------------
| Inter Clock Table
| -----------------
------------------------------------------------------------------------------------------------

From Clock    To Clock          WNS(ns)      TNS(ns)  TNS Failing Endpoints  TNS Total Endpoints      WHS(ns)      THS(ns)  THS Failing Endpoints  THS Total Endpoints  
----------    --------          -------      -------  ---------------------  -------------------      -------      -------  ---------------------  -------------------  


------------------------------------------------------------------------------------------------
| Other Path Groups Table
| -----------------------
------------------------------------------------------------------------------------------------

Path Group    From Clock    To Clock          WNS(ns)      TNS(ns)  TNS Failing Endpoints  TNS Total Endpoints      WHS(ns)      THS(ns)  THS Failing Endpoints  THS Total Endpoints  
----------    ----------    --------          -------      -------  ---------------------  -------------------      -------      -------  ---------------------  -------------------  


------------------------------------------------------------------------------------------------
| User Ignored Path Table
| -----------------------
------------------------------------------------------------------------------------------------

Path Group    From Clock    To Clock    
----------    ----------    --------    


------------------------------------------------------------------------------------------------
| Unconstrained Path Table
| ------------------------
------------------------------------------------------------------------------------------------

Path Group    From Clock    To Clock    
----------    ----------    --------    
(none)                                    


------------------------------------------------------------------------------------------------
| Timing Details
| --------------
------------------------------------------------------------------------------------------------


--------------------------------------------------------------------------------------
Path Group:  (none)
From Clock:  
  To Clock:  

Max Delay           107 Endpoints
Min Delay           107 Endpoints
--------------------------------------------------------------------------------------


Max Delay Paths
--------------------------------------------------------------------------------------
Slack:                    inf
  Source:                 Sine_wave/Control/counter_control_reg[3]/C
                            (rising edge-triggered cell FDRE)
  Destination:            pwm_out
                            (output port)
  Path Group:             (none)
  Path Type:              Max at Slow Process Corner
  Data Path Delay:        14.179ns  (logic 4.855ns (34.240%)  route 9.324ns (65.760%))
  Logic Levels:           5  (CARRY4=1 FDRE=1 LUT4=1 LUT5=1 OBUF=1)

    Location             Delay type                Incr(ns)  Path(ns)    Netlist Resource(s)
  -------------------------------------------------------------------    -------------------
    SLICE_X111Y86        FDRE                         0.000     0.000 r  Sine_wave/Control/counter_control_reg[3]/C
    SLICE_X111Y86        FDRE (Prop_fdre_C_Q)         0.456     0.456 r  Sine_wave/Control/counter_control_reg[3]/Q
                         net (fo=10, routed)          1.333     1.789    Sine_wave/Control/counter_control_reg[3]
    SLICE_X112Y86        LUT5 (Prop_lut5_I3_O)        0.124     1.913 r  Sine_wave/Control/g0_b3/O
                         net (fo=2, routed)           0.856     2.769    Sine_wave/Control/g0_b3_n_0
    SLICE_X113Y86        LUT4 (Prop_lut4_I2_O)        0.124     2.893 r  Sine_wave/Control/pwm_out0_carry_i_7/O
                         net (fo=1, routed)           0.000     2.893    PWM/S[1]
    SLICE_X113Y86        CARRY4 (Prop_carry4_S[1]_CO[3])
                                                      0.550     3.443 r  PWM/pwm_out0_carry/CO[3]
                         net (fo=1, routed)           7.135    10.578    pwm_out_OBUF
    Y11                  OBUF (Prop_obuf_I_O)         3.601    14.179 r  pwm_out_OBUF_inst/O
                         net (fo=0)                   0.000    14.179    pwm_out
    Y11                                                               r  pwm_out (OUT)
  -------------------------------------------------------------------    -------------------

Slack:                    inf
  Source:                 Sine_wave/Control/counter_divider_latch_reg[6]/C
                            (rising edge-triggered cell FDCE)
  Destination:            Sine_wave/Control/counter_control_reg[3]/CE
  Path Group:             (none)
  Path Type:              Max at Slow Process Corner
  Data Path Delay:        6.647ns  (logic 1.973ns (29.684%)  route 4.674ns (70.316%))
  Logic Levels:           6  (CARRY4=2 FDCE=1 LUT1=1 LUT2=1 LUT3=1)

    Location             Delay type                Incr(ns)  Path(ns)    Netlist Resource(s)
  -------------------------------------------------------------------    -------------------
    SLICE_X112Y102       FDCE                         0.000     0.000 r  Sine_wave/Control/counter_divider_latch_reg[6]/C
    SLICE_X112Y102       FDCE (Prop_fdce_C_Q)         0.518     0.518 f  Sine_wave/Control/counter_divider_latch_reg[6]/Q
                         net (fo=2, routed)           0.979     1.497    Sine_wave/Control/counter_divider_latch[6]
    SLICE_X110Y102       LUT1 (Prop_lut1_I0_O)        0.124     1.621 r  Sine_wave/Control/clkdiv1_carry__0_i_2/O
                         net (fo=1, routed)           0.000     1.621    Sine_wave/Control/clkdiv1_carry__0_i_2_n_0
    SLICE_X110Y102       CARRY4 (Prop_carry4_S[1]_CO[3])
                                                      0.550     2.171 r  Sine_wave/Control/clkdiv1_carry__0/CO[3]
                         net (fo=8, routed)           1.315     3.486    Sine_wave/Control/clkdiv1_carry__0_n_0
    SLICE_X112Y102       LUT3 (Prop_lut3_I2_O)        0.124     3.610 r  Sine_wave/Control/clkdiv0_carry__0_i_7/O
                         net (fo=1, routed)           0.000     3.610    Sine_wave/Control/clkdiv0_carry__0_i_7_n_0
    SLICE_X112Y102       CARRY4 (Prop_carry4_S[1]_CO[3])
                                                      0.533     4.143 r  Sine_wave/Control/clkdiv0_carry__0/CO[3]
                         net (fo=9, routed)           0.998     5.141    Sine_wave/Control/clkdiv0_carry__0_n_0
    SLICE_X110Y103       LUT2 (Prop_lut2_I0_O)        0.124     5.265 r  Sine_wave/Control/counter_divider[0]_i_1/O
                         net (fo=21, routed)          1.381     6.647    Sine_wave/Control/counter_divider[0]_i_1_n_0
    SLICE_X111Y86        FDRE                                         r  Sine_wave/Control/counter_control_reg[3]/CE
  -------------------------------------------------------------------    -------------------

Slack:                    inf
  Source:                 Sine_wave/Control/counter_divider_latch_reg[6]/C
                            (rising edge-triggered cell FDCE)
  Destination:            Sine_wave/Control/counter_control_reg[0]/CE
  Path Group:             (none)
  Path Type:              Max at Slow Process Corner
  Data Path Delay:        6.457ns  (logic 1.973ns (30.554%)  route 4.484ns (69.446%))
  Logic Levels:           6  (CARRY4=2 FDCE=1 LUT1=1 LUT2=1 LUT3=1)

    Location             Delay type                Incr(ns)  Path(ns)    Netlist Resource(s)
  -------------------------------------------------------------------    -------------------
    SLICE_X112Y102       FDCE                         0.000     0.000 r  Sine_wave/Control/counter_divider_latch_reg[6]/C
    SLICE_X112Y102       FDCE (Prop_fdce_C_Q)         0.518     0.518 f  Sine_wave/Control/counter_divider_latch_reg[6]/Q
                         net (fo=2, routed)           0.979     1.497    Sine_wave/Control/counter_divider_latch[6]
    SLICE_X110Y102       LUT1 (Prop_lut1_I0_O)        0.124     1.621 r  Sine_wave/Control/clkdiv1_carry__0_i_2/O
                         net (fo=1, routed)           0.000     1.621    Sine_wave/Control/clkdiv1_carry__0_i_2_n_0
    SLICE_X110Y102       CARRY4 (Prop_carry4_S[1]_CO[3])
                                                      0.550     2.171 r  Sine_wave/Control/clkdiv1_carry__0/CO[3]
                         net (fo=8, routed)           1.315     3.486    Sine_wave/Control/clkdiv1_carry__0_n_0
    SLICE_X112Y102       LUT3 (Prop_lut3_I2_O)        0.124     3.610 r  Sine_wave/Control/clkdiv0_carry__0_i_7/O
                         net (fo=1, routed)           0.000     3.610    Sine_wave/Control/clkdiv0_carry__0_i_7_n_0
    SLICE_X112Y102       CARRY4 (Prop_carry4_S[1]_CO[3])
                                                      0.533     4.143 r  Sine_wave/Control/clkdiv0_carry__0/CO[3]
                         net (fo=9, routed)           0.998     5.141    Sine_wave/Control/clkdiv0_carry__0_n_0
    SLICE_X110Y103       LUT2 (Prop_lut2_I0_O)        0.124     5.265 r  Sine_wave/Control/counter_divider[0]_i_1/O
                         net (fo=21, routed)          1.192     6.457    Sine_wave/Control/counter_divider[0]_i_1_n_0
    SLICE_X110Y86        FDRE                                         r  Sine_wave/Control/counter_control_reg[0]/CE
  -------------------------------------------------------------------    -------------------

Slack:                    inf
  Source:                 Sine_wave/Control/counter_divider_latch_reg[6]/C
                            (rising edge-triggered cell FDCE)
  Destination:            Sine_wave/Control/counter_control_reg[1]/CE
  Path Group:             (none)
  Path Type:              Max at Slow Process Corner
  Data Path Delay:        6.457ns  (logic 1.973ns (30.554%)  route 4.484ns (69.446%))
  Logic Levels:           6  (CARRY4=2 FDCE=1 LUT1=1 LUT2=1 LUT3=1)

    Location             Delay type                Incr(ns)  Path(ns)    Netlist Resource(s)
  -------------------------------------------------------------------    -------------------
    SLICE_X112Y102       FDCE                         0.000     0.000 r  Sine_wave/Control/counter_divider_latch_reg[6]/C
    SLICE_X112Y102       FDCE (Prop_fdce_C_Q)         0.518     0.518 f  Sine_wave/Control/counter_divider_latch_reg[6]/Q
                         net (fo=2, routed)           0.979     1.497    Sine_wave/Control/counter_divider_latch[6]
    SLICE_X110Y102       LUT1 (Prop_lut1_I0_O)        0.124     1.621 r  Sine_wave/Control/clkdiv1_carry__0_i_2/O
                         net (fo=1, routed)           0.000     1.621    Sine_wave/Control/clkdiv1_carry__0_i_2_n_0
    SLICE_X110Y102       CARRY4 (Prop_carry4_S[1]_CO[3])
                                                      0.550     2.171 r  Sine_wave/Control/clkdiv1_carry__0/CO[3]
                         net (fo=8, routed)           1.315     3.486    Sine_wave/Control/clkdiv1_carry__0_n_0
    SLICE_X112Y102       LUT3 (Prop_lut3_I2_O)        0.124     3.610 r  Sine_wave/Control/clkdiv0_carry__0_i_7/O
                         net (fo=1, routed)           0.000     3.610    Sine_wave/Control/clkdiv0_carry__0_i_7_n_0
    SLICE_X112Y102       CARRY4 (Prop_carry4_S[1]_CO[3])
                                                      0.533     4.143 r  Sine_wave/Control/clkdiv0_carry__0/CO[3]
                         net (fo=9, routed)           0.998     5.141    Sine_wave/Control/clkdiv0_carry__0_n_0
    SLICE_X110Y103       LUT2 (Prop_lut2_I0_O)        0.124     5.265 r  Sine_wave/Control/counter_divider[0]_i_1/O
                         net (fo=21, routed)          1.192     6.457    Sine_wave/Control/counter_divider[0]_i_1_n_0
    SLICE_X110Y86        FDRE                                         r  Sine_wave/Control/counter_control_reg[1]/CE
  -------------------------------------------------------------------    -------------------

Slack:                    inf
  Source:                 Sine_wave/Control/counter_divider_latch_reg[6]/C
                            (rising edge-triggered cell FDCE)
  Destination:            Sine_wave/Control/counter_control_reg[2]/CE
  Path Group:             (none)
  Path Type:              Max at Slow Process Corner
  Data Path Delay:        6.457ns  (logic 1.973ns (30.554%)  route 4.484ns (69.446%))
  Logic Levels:           6  (CARRY4=2 FDCE=1 LUT1=1 LUT2=1 LUT3=1)

    Location             Delay type                Incr(ns)  Path(ns)    Netlist Resource(s)
  -------------------------------------------------------------------    -------------------
    SLICE_X112Y102       FDCE                         0.000     0.000 r  Sine_wave/Control/counter_divider_latch_reg[6]/C
    SLICE_X112Y102       FDCE (Prop_fdce_C_Q)         0.518     0.518 f  Sine_wave/Control/counter_divider_latch_reg[6]/Q
                         net (fo=2, routed)           0.979     1.497    Sine_wave/Control/counter_divider_latch[6]
    SLICE_X110Y102       LUT1 (Prop_lut1_I0_O)        0.124     1.621 r  Sine_wave/Control/clkdiv1_carry__0_i_2/O
                         net (fo=1, routed)           0.000     1.621    Sine_wave/Control/clkdiv1_carry__0_i_2_n_0
    SLICE_X110Y102       CARRY4 (Prop_carry4_S[1]_CO[3])
                                                      0.550     2.171 r  Sine_wave/Control/clkdiv1_carry__0/CO[3]
                         net (fo=8, routed)           1.315     3.486    Sine_wave/Control/clkdiv1_carry__0_n_0
    SLICE_X112Y102       LUT3 (Prop_lut3_I2_O)        0.124     3.610 r  Sine_wave/Control/clkdiv0_carry__0_i_7/O
                         net (fo=1, routed)           0.000     3.610    Sine_wave/Control/clkdiv0_carry__0_i_7_n_0
    SLICE_X112Y102       CARRY4 (Prop_carry4_S[1]_CO[3])
                                                      0.533     4.143 r  Sine_wave/Control/clkdiv0_carry__0/CO[3]
                         net (fo=9, routed)           0.998     5.141    Sine_wave/Control/clkdiv0_carry__0_n_0
    SLICE_X110Y103       LUT2 (Prop_lut2_I0_O)        0.124     5.265 r  Sine_wave/Control/counter_divider[0]_i_1/O
                         net (fo=21, routed)          1.192     6.457    Sine_wave/Control/counter_divider[0]_i_1_n_0
    SLICE_X110Y86        FDRE                                         r  Sine_wave/Control/counter_control_reg[2]/CE
  -------------------------------------------------------------------    -------------------

Slack:                    inf
  Source:                 Sine_wave/Control/counter_divider_latch_reg[6]/C
                            (rising edge-triggered cell FDCE)
  Destination:            Sine_wave/Control/counter_control_reg[4]/CE
  Path Group:             (none)
  Path Type:              Max at Slow Process Corner
  Data Path Delay:        6.457ns  (logic 1.973ns (30.554%)  route 4.484ns (69.446%))
  Logic Levels:           6  (CARRY4=2 FDCE=1 LUT1=1 LUT2=1 LUT3=1)

    Location             Delay type                Incr(ns)  Path(ns)    Netlist Resource(s)
  -------------------------------------------------------------------    -------------------
    SLICE_X112Y102       FDCE                         0.000     0.000 r  Sine_wave/Control/counter_divider_latch_reg[6]/C
    SLICE_X112Y102       FDCE (Prop_fdce_C_Q)         0.518     0.518 f  Sine_wave/Control/counter_divider_latch_reg[6]/Q
                         net (fo=2, routed)           0.979     1.497    Sine_wave/Control/counter_divider_latch[6]
    SLICE_X110Y102       LUT1 (Prop_lut1_I0_O)        0.124     1.621 r  Sine_wave/Control/clkdiv1_carry__0_i_2/O
                         net (fo=1, routed)           0.000     1.621    Sine_wave/Control/clkdiv1_carry__0_i_2_n_0
    SLICE_X110Y102       CARRY4 (Prop_carry4_S[1]_CO[3])
                                                      0.550     2.171 r  Sine_wave/Control/clkdiv1_carry__0/CO[3]
                         net (fo=8, routed)           1.315     3.486    Sine_wave/Control/clkdiv1_carry__0_n_0
    SLICE_X112Y102       LUT3 (Prop_lut3_I2_O)        0.124     3.610 r  Sine_wave/Control/clkdiv0_carry__0_i_7/O
                         net (fo=1, routed)           0.000     3.610    Sine_wave/Control/clkdiv0_carry__0_i_7_n_0
    SLICE_X112Y102       CARRY4 (Prop_carry4_S[1]_CO[3])
                                                      0.533     4.143 r  Sine_wave/Control/clkdiv0_carry__0/CO[3]
                         net (fo=9, routed)           0.998     5.141    Sine_wave/Control/clkdiv0_carry__0_n_0
    SLICE_X110Y103       LUT2 (Prop_lut2_I0_O)        0.124     5.265 r  Sine_wave/Control/counter_divider[0]_i_1/O
                         net (fo=21, routed)          1.192     6.457    Sine_wave/Control/counter_divider[0]_i_1_n_0
    SLICE_X110Y86        FDRE                                         r  Sine_wave/Control/counter_control_reg[4]/CE
  -------------------------------------------------------------------    -------------------

Slack:                    inf
  Source:                 Sine_wave/Control/counter_divider_latch_reg[6]/C
                            (rising edge-triggered cell FDCE)
  Destination:            Sine_wave/Control/counter_divider_reg[12]/R
  Path Group:             (none)
  Path Type:              Max at Slow Process Corner
  Data Path Delay:        6.071ns  (logic 1.973ns (32.498%)  route 4.098ns (67.502%))
  Logic Levels:           6  (CARRY4=2 FDCE=1 LUT1=1 LUT2=1 LUT3=1)

    Location             Delay type                Incr(ns)  Path(ns)    Netlist Resource(s)
  -------------------------------------------------------------------    -------------------
    SLICE_X112Y102       FDCE                         0.000     0.000 r  Sine_wave/Control/counter_divider_latch_reg[6]/C
    SLICE_X112Y102       FDCE (Prop_fdce_C_Q)         0.518     0.518 f  Sine_wave/Control/counter_divider_latch_reg[6]/Q
                         net (fo=2, routed)           0.979     1.497    Sine_wave/Control/counter_divider_latch[6]
    SLICE_X110Y102       LUT1 (Prop_lut1_I0_O)        0.124     1.621 r  Sine_wave/Control/clkdiv1_carry__0_i_2/O
                         net (fo=1, routed)           0.000     1.621    Sine_wave/Control/clkdiv1_carry__0_i_2_n_0
    SLICE_X110Y102       CARRY4 (Prop_carry4_S[1]_CO[3])
                                                      0.550     2.171 r  Sine_wave/Control/clkdiv1_carry__0/CO[3]
                         net (fo=8, routed)           1.315     3.486    Sine_wave/Control/clkdiv1_carry__0_n_0
    SLICE_X112Y102       LUT3 (Prop_lut3_I2_O)        0.124     3.610 r  Sine_wave/Control/clkdiv0_carry__0_i_7/O
                         net (fo=1, routed)           0.000     3.610    Sine_wave/Control/clkdiv0_carry__0_i_7_n_0
    SLICE_X112Y102       CARRY4 (Prop_carry4_S[1]_CO[3])
                                                      0.533     4.143 r  Sine_wave/Control/clkdiv0_carry__0/CO[3]
                         net (fo=9, routed)           0.998     5.141    Sine_wave/Control/clkdiv0_carry__0_n_0
    SLICE_X110Y103       LUT2 (Prop_lut2_I0_O)        0.124     5.265 r  Sine_wave/Control/counter_divider[0]_i_1/O
                         net (fo=21, routed)          0.806     6.071    Sine_wave/Control/counter_divider[0]_i_1_n_0
    SLICE_X111Y103       FDRE                                         r  Sine_wave/Control/counter_divider_reg[12]/R
  -------------------------------------------------------------------    -------------------

Slack:                    inf
  Source:                 Sine_wave/Control/counter_divider_latch_reg[6]/C
                            (rising edge-triggered cell FDCE)
  Destination:            Sine_wave/Control/counter_divider_reg[13]/R
  Path Group:             (none)
  Path Type:              Max at Slow Process Corner
  Data Path Delay:        6.071ns  (logic 1.973ns (32.498%)  route 4.098ns (67.502%))
  Logic Levels:           6  (CARRY4=2 FDCE=1 LUT1=1 LUT2=1 LUT3=1)

    Location             Delay type                Incr(ns)  Path(ns)    Netlist Resource(s)
  -------------------------------------------------------------------    -------------------
    SLICE_X112Y102       FDCE                         0.000     0.000 r  Sine_wave/Control/counter_divider_latch_reg[6]/C
    SLICE_X112Y102       FDCE (Prop_fdce_C_Q)         0.518     0.518 f  Sine_wave/Control/counter_divider_latch_reg[6]/Q
                         net (fo=2, routed)           0.979     1.497    Sine_wave/Control/counter_divider_latch[6]
    SLICE_X110Y102       LUT1 (Prop_lut1_I0_O)        0.124     1.621 r  Sine_wave/Control/clkdiv1_carry__0_i_2/O
                         net (fo=1, routed)           0.000     1.621    Sine_wave/Control/clkdiv1_carry__0_i_2_n_0
    SLICE_X110Y102       CARRY4 (Prop_carry4_S[1]_CO[3])
                                                      0.550     2.171 r  Sine_wave/Control/clkdiv1_carry__0/CO[3]
                         net (fo=8, routed)           1.315     3.486    Sine_wave/Control/clkdiv1_carry__0_n_0
    SLICE_X112Y102       LUT3 (Prop_lut3_I2_O)        0.124     3.610 r  Sine_wave/Control/clkdiv0_carry__0_i_7/O
                         net (fo=1, routed)           0.000     3.610    Sine_wave/Control/clkdiv0_carry__0_i_7_n_0
    SLICE_X112Y102       CARRY4 (Prop_carry4_S[1]_CO[3])
                                                      0.533     4.143 r  Sine_wave/Control/clkdiv0_carry__0/CO[3]
                         net (fo=9, routed)           0.998     5.141    Sine_wave/Control/clkdiv0_carry__0_n_0
    SLICE_X110Y103       LUT2 (Prop_lut2_I0_O)        0.124     5.265 r  Sine_wave/Control/counter_divider[0]_i_1/O
                         net (fo=21, routed)          0.806     6.071    Sine_wave/Control/counter_divider[0]_i_1_n_0
    SLICE_X111Y103       FDRE                                         r  Sine_wave/Control/counter_divider_reg[13]/R
  -------------------------------------------------------------------    -------------------

Slack:                    inf
  Source:                 Sine_wave/Control/counter_divider_latch_reg[6]/C
                            (rising edge-triggered cell FDCE)
  Destination:            Sine_wave/Control/counter_divider_reg[14]/R
  Path Group:             (none)
  Path Type:              Max at Slow Process Corner
  Data Path Delay:        6.071ns  (logic 1.973ns (32.498%)  route 4.098ns (67.502%))
  Logic Levels:           6  (CARRY4=2 FDCE=1 LUT1=1 LUT2=1 LUT3=1)

    Location             Delay type                Incr(ns)  Path(ns)    Netlist Resource(s)
  -------------------------------------------------------------------    -------------------
    SLICE_X112Y102       FDCE                         0.000     0.000 r  Sine_wave/Control/counter_divider_latch_reg[6]/C
    SLICE_X112Y102       FDCE (Prop_fdce_C_Q)         0.518     0.518 f  Sine_wave/Control/counter_divider_latch_reg[6]/Q
                         net (fo=2, routed)           0.979     1.497    Sine_wave/Control/counter_divider_latch[6]
    SLICE_X110Y102       LUT1 (Prop_lut1_I0_O)        0.124     1.621 r  Sine_wave/Control/clkdiv1_carry__0_i_2/O
                         net (fo=1, routed)           0.000     1.621    Sine_wave/Control/clkdiv1_carry__0_i_2_n_0
    SLICE_X110Y102       CARRY4 (Prop_carry4_S[1]_CO[3])
                                                      0.550     2.171 r  Sine_wave/Control/clkdiv1_carry__0/CO[3]
                         net (fo=8, routed)           1.315     3.486    Sine_wave/Control/clkdiv1_carry__0_n_0
    SLICE_X112Y102       LUT3 (Prop_lut3_I2_O)        0.124     3.610 r  Sine_wave/Control/clkdiv0_carry__0_i_7/O
                         net (fo=1, routed)           0.000     3.610    Sine_wave/Control/clkdiv0_carry__0_i_7_n_0
    SLICE_X112Y102       CARRY4 (Prop_carry4_S[1]_CO[3])
                                                      0.533     4.143 r  Sine_wave/Control/clkdiv0_carry__0/CO[3]
                         net (fo=9, routed)           0.998     5.141    Sine_wave/Control/clkdiv0_carry__0_n_0
    SLICE_X110Y103       LUT2 (Prop_lut2_I0_O)        0.124     5.265 r  Sine_wave/Control/counter_divider[0]_i_1/O
                         net (fo=21, routed)          0.806     6.071    Sine_wave/Control/counter_divider[0]_i_1_n_0
    SLICE_X111Y103       FDRE                                         r  Sine_wave/Control/counter_divider_reg[14]/R
  -------------------------------------------------------------------    -------------------

Slack:                    inf
  Source:                 Sine_wave/Control/counter_divider_latch_reg[6]/C
                            (rising edge-triggered cell FDCE)
  Destination:            Sine_wave/Control/counter_divider_reg[15]/R
  Path Group:             (none)
  Path Type:              Max at Slow Process Corner
  Data Path Delay:        6.071ns  (logic 1.973ns (32.498%)  route 4.098ns (67.502%))
  Logic Levels:           6  (CARRY4=2 FDCE=1 LUT1=1 LUT2=1 LUT3=1)

    Location             Delay type                Incr(ns)  Path(ns)    Netlist Resource(s)
  -------------------------------------------------------------------    -------------------
    SLICE_X112Y102       FDCE                         0.000     0.000 r  Sine_wave/Control/counter_divider_latch_reg[6]/C
    SLICE_X112Y102       FDCE (Prop_fdce_C_Q)         0.518     0.518 f  Sine_wave/Control/counter_divider_latch_reg[6]/Q
                         net (fo=2, routed)           0.979     1.497    Sine_wave/Control/counter_divider_latch[6]
    SLICE_X110Y102       LUT1 (Prop_lut1_I0_O)        0.124     1.621 r  Sine_wave/Control/clkdiv1_carry__0_i_2/O
                         net (fo=1, routed)           0.000     1.621    Sine_wave/Control/clkdiv1_carry__0_i_2_n_0
    SLICE_X110Y102       CARRY4 (Prop_carry4_S[1]_CO[3])
                                                      0.550     2.171 r  Sine_wave/Control/clkdiv1_carry__0/CO[3]
                         net (fo=8, routed)           1.315     3.486    Sine_wave/Control/clkdiv1_carry__0_n_0
    SLICE_X112Y102       LUT3 (Prop_lut3_I2_O)        0.124     3.610 r  Sine_wave/Control/clkdiv0_carry__0_i_7/O
                         net (fo=1, routed)           0.000     3.610    Sine_wave/Control/clkdiv0_carry__0_i_7_n_0
    SLICE_X112Y102       CARRY4 (Prop_carry4_S[1]_CO[3])
                                                      0.533     4.143 r  Sine_wave/Control/clkdiv0_carry__0/CO[3]
                         net (fo=9, routed)           0.998     5.141    Sine_wave/Control/clkdiv0_carry__0_n_0
    SLICE_X110Y103       LUT2 (Prop_lut2_I0_O)        0.124     5.265 r  Sine_wave/Control/counter_divider[0]_i_1/O
                         net (fo=21, routed)          0.806     6.071    Sine_wave/Control/counter_divider[0]_i_1_n_0
    SLICE_X111Y103       FDRE                                         r  Sine_wave/Control/counter_divider_reg[15]/R
  -------------------------------------------------------------------    -------------------





Min Delay Paths
--------------------------------------------------------------------------------------
Slack:                    inf
  Source:                 dip_sw/switches_in_reg[2]/C
                            (rising edge-triggered cell FDRE)
  Destination:            Sine_wave/Control/counter_divider_latch_reg[2]/D
  Path Group:             (none)
  Path Type:              Min at Fast Process Corner
  Data Path Delay:        0.271ns  (logic 0.164ns (60.547%)  route 0.107ns (39.453%))
  Logic Levels:           1  (FDRE=1)

    Location             Delay type                Incr(ns)  Path(ns)    Netlist Resource(s)
  -------------------------------------------------------------------    -------------------
    SLICE_X112Y103       FDRE                         0.000     0.000 r  dip_sw/switches_in_reg[2]/C
    SLICE_X112Y103       FDRE (Prop_fdre_C_Q)         0.164     0.164 r  dip_sw/switches_in_reg[2]/Q
                         net (fo=1, routed)           0.107     0.271    Sine_wave/Control/counter_divider_latch_reg[7]_0[2]
    SLICE_X110Y103       FDCE                                         r  Sine_wave/Control/counter_divider_latch_reg[2]/D
  -------------------------------------------------------------------    -------------------

Slack:                    inf
  Source:                 PWM/counter_reg[1]/C
                            (rising edge-triggered cell FDCE)
  Destination:            PWM/counter_reg[5]/D
  Path Group:             (none)
  Path Type:              Min at Fast Process Corner
  Data Path Delay:        0.341ns  (logic 0.186ns (54.513%)  route 0.155ns (45.487%))
  Logic Levels:           2  (FDCE=1 LUT6=1)

    Location             Delay type                Incr(ns)  Path(ns)    Netlist Resource(s)
  -------------------------------------------------------------------    -------------------
    SLICE_X113Y85        FDCE                         0.000     0.000 r  PWM/counter_reg[1]/C
    SLICE_X113Y85        FDCE (Prop_fdce_C_Q)         0.141     0.141 r  PWM/counter_reg[1]/Q
                         net (fo=8, routed)           0.155     0.296    PWM/Q[1]
    SLICE_X113Y85        LUT6 (Prop_lut6_I1_O)        0.045     0.341 r  PWM/counter[5]_i_1/O
                         net (fo=1, routed)           0.000     0.341    PWM/plusOp__0[5]
    SLICE_X113Y85        FDCE                                         r  PWM/counter_reg[5]/D
  -------------------------------------------------------------------    -------------------

Slack:                    inf
  Source:                 PWM/counter_reg[0]/C
                            (rising edge-triggered cell FDCE)
  Destination:            PWM/counter_reg[1]/D
  Path Group:             (none)
  Path Type:              Min at Fast Process Corner
  Data Path Delay:        0.349ns  (logic 0.209ns (59.875%)  route 0.140ns (40.125%))
  Logic Levels:           2  (FDCE=1 LUT2=1)

    Location             Delay type                Incr(ns)  Path(ns)    Netlist Resource(s)
  -------------------------------------------------------------------    -------------------
    SLICE_X112Y85        FDCE                         0.000     0.000 r  PWM/counter_reg[0]/C
    SLICE_X112Y85        FDCE (Prop_fdce_C_Q)         0.164     0.164 r  PWM/counter_reg[0]/Q
                         net (fo=9, routed)           0.140     0.304    PWM/Q[0]
    SLICE_X113Y85        LUT2 (Prop_lut2_I0_O)        0.045     0.349 r  PWM/counter[1]_i_1/O
                         net (fo=1, routed)           0.000     0.349    PWM/plusOp__0[1]
    SLICE_X113Y85        FDCE                                         r  PWM/counter_reg[1]/D
  -------------------------------------------------------------------    -------------------

Slack:                    inf
  Source:                 PWM/counter_reg[0]/C
                            (rising edge-triggered cell FDCE)
  Destination:            PWM/counter_reg[3]/D
  Path Group:             (none)
  Path Type:              Min at Fast Process Corner
  Data Path Delay:        0.350ns  (logic 0.209ns (59.704%)  route 0.141ns (40.296%))
  Logic Levels:           2  (FDCE=1 LUT4=1)

    Location             Delay type                Incr(ns)  Path(ns)    Netlist Resource(s)
  -------------------------------------------------------------------    -------------------
    SLICE_X112Y85        FDCE                         0.000     0.000 r  PWM/counter_reg[0]/C
    SLICE_X112Y85        FDCE (Prop_fdce_C_Q)         0.164     0.164 r  PWM/counter_reg[0]/Q
                         net (fo=9, routed)           0.141     0.305    PWM/Q[0]
    SLICE_X113Y85        LUT4 (Prop_lut4_I1_O)        0.045     0.350 r  PWM/counter[3]_i_1/O
                         net (fo=1, routed)           0.000     0.350    PWM/plusOp__0[3]
    SLICE_X113Y85        FDCE                                         r  PWM/counter_reg[3]/D
  -------------------------------------------------------------------    -------------------

Slack:                    inf
  Source:                 PWM/counter_reg[0]/C
                            (rising edge-triggered cell FDCE)
  Destination:            PWM/counter_reg[2]/D
  Path Group:             (none)
  Path Type:              Min at Fast Process Corner
  Data Path Delay:        0.352ns  (logic 0.212ns (60.217%)  route 0.140ns (39.783%))
  Logic Levels:           2  (FDCE=1 LUT3=1)

    Location             Delay type                Incr(ns)  Path(ns)    Netlist Resource(s)
  -------------------------------------------------------------------    -------------------
    SLICE_X112Y85        FDCE                         0.000     0.000 r  PWM/counter_reg[0]/C
    SLICE_X112Y85        FDCE (Prop_fdce_C_Q)         0.164     0.164 r  PWM/counter_reg[0]/Q
                         net (fo=9, routed)           0.140     0.304    PWM/Q[0]
    SLICE_X113Y85        LUT3 (Prop_lut3_I0_O)        0.048     0.352 r  PWM/counter[2]_i_1/O
                         net (fo=1, routed)           0.000     0.352    PWM/plusOp__0[2]
    SLICE_X113Y85        FDCE                                         r  PWM/counter_reg[2]/D
  -------------------------------------------------------------------    -------------------

Slack:                    inf
  Source:                 PWM/counter_reg[0]/C
                            (rising edge-triggered cell FDCE)
  Destination:            PWM/counter_reg[4]/D
  Path Group:             (none)
  Path Type:              Min at Fast Process Corner
  Data Path Delay:        0.354ns  (logic 0.213ns (60.160%)  route 0.141ns (39.840%))
  Logic Levels:           2  (FDCE=1 LUT5=1)

    Location             Delay type                Incr(ns)  Path(ns)    Netlist Resource(s)
  -------------------------------------------------------------------    -------------------
    SLICE_X112Y85        FDCE                         0.000     0.000 r  PWM/counter_reg[0]/C
    SLICE_X112Y85        FDCE (Prop_fdce_C_Q)         0.164     0.164 r  PWM/counter_reg[0]/Q
                         net (fo=9, routed)           0.141     0.305    PWM/Q[0]
    SLICE_X113Y85        LUT5 (Prop_lut5_I1_O)        0.049     0.354 r  PWM/counter[4]_i_1/O
                         net (fo=1, routed)           0.000     0.354    PWM/plusOp__0[4]
    SLICE_X113Y85        FDCE                                         r  PWM/counter_reg[4]/D
  -------------------------------------------------------------------    -------------------

Slack:                    inf
  Source:                 Sine_wave/Control/counter_divider_reg[15]/C
                            (rising edge-triggered cell FDRE)
  Destination:            Sine_wave/Control/counter_divider_reg[15]/D
  Path Group:             (none)
  Path Type:              Min at Fast Process Corner
  Data Path Delay:        0.367ns  (logic 0.249ns (67.829%)  route 0.118ns (32.171%))
  Logic Levels:           2  (CARRY4=1 FDRE=1)

    Location             Delay type                Incr(ns)  Path(ns)    Netlist Resource(s)
  -------------------------------------------------------------------    -------------------
    SLICE_X111Y103       FDRE                         0.000     0.000 r  Sine_wave/Control/counter_divider_reg[15]/C
    SLICE_X111Y103       FDRE (Prop_fdre_C_Q)         0.141     0.141 r  Sine_wave/Control/counter_divider_reg[15]/Q
                         net (fo=3, routed)           0.118     0.259    Sine_wave/Control/counter_divider_reg[15]
    SLICE_X111Y103       CARRY4 (Prop_carry4_S[3]_O[3])
                                                      0.108     0.367 r  Sine_wave/Control/counter_divider_reg[12]_i_1/O[3]
                         net (fo=1, routed)           0.000     0.367    Sine_wave/Control/counter_divider_reg[12]_i_1_n_4
    SLICE_X111Y103       FDRE                                         r  Sine_wave/Control/counter_divider_reg[15]/D
  -------------------------------------------------------------------    -------------------

Slack:                    inf
  Source:                 Sine_wave/Control/counter_divider_reg[7]/C
                            (rising edge-triggered cell FDRE)
  Destination:            Sine_wave/Control/counter_divider_reg[7]/D
  Path Group:             (none)
  Path Type:              Min at Fast Process Corner
  Data Path Delay:        0.367ns  (logic 0.249ns (67.829%)  route 0.118ns (32.171%))
  Logic Levels:           2  (CARRY4=1 FDRE=1)

    Location             Delay type                Incr(ns)  Path(ns)    Netlist Resource(s)
  -------------------------------------------------------------------    -------------------
    SLICE_X111Y101       FDRE                         0.000     0.000 r  Sine_wave/Control/counter_divider_reg[7]/C
    SLICE_X111Y101       FDRE (Prop_fdre_C_Q)         0.141     0.141 r  Sine_wave/Control/counter_divider_reg[7]/Q
                         net (fo=3, routed)           0.118     0.259    Sine_wave/Control/counter_divider_reg[7]
    SLICE_X111Y101       CARRY4 (Prop_carry4_S[3]_O[3])
                                                      0.108     0.367 r  Sine_wave/Control/counter_divider_reg[4]_i_1/O[3]
                         net (fo=1, routed)           0.000     0.367    Sine_wave/Control/counter_divider_reg[4]_i_1_n_4
    SLICE_X111Y101       FDRE                                         r  Sine_wave/Control/counter_divider_reg[7]/D
  -------------------------------------------------------------------    -------------------

Slack:                    inf
  Source:                 dip_sw/switches_in_reg[3]/C
                            (rising edge-triggered cell FDRE)
  Destination:            Sine_wave/Control/counter_divider_latch_reg[3]/D
  Path Group:             (none)
  Path Type:              Min at Fast Process Corner
  Data Path Delay:        0.369ns  (logic 0.141ns (38.210%)  route 0.228ns (61.790%))
  Logic Levels:           1  (FDRE=1)

    Location             Delay type                Incr(ns)  Path(ns)    Netlist Resource(s)
  -------------------------------------------------------------------    -------------------
    SLICE_X113Y102       FDRE                         0.000     0.000 r  dip_sw/switches_in_reg[3]/C
    SLICE_X113Y102       FDRE (Prop_fdre_C_Q)         0.141     0.141 r  dip_sw/switches_in_reg[3]/Q
                         net (fo=1, routed)           0.228     0.369    Sine_wave/Control/counter_divider_latch_reg[7]_0[3]
    SLICE_X112Y102       FDCE                                         r  Sine_wave/Control/counter_divider_latch_reg[3]/D
  -------------------------------------------------------------------    -------------------

Slack:                    inf
  Source:                 Sine_wave/Control/counter_divider_reg[11]/C
                            (rising edge-triggered cell FDRE)
  Destination:            Sine_wave/Control/counter_divider_reg[11]/D
  Path Group:             (none)
  Path Type:              Min at Fast Process Corner
  Data Path Delay:        0.369ns  (logic 0.249ns (67.424%)  route 0.120ns (32.576%))
  Logic Levels:           2  (CARRY4=1 FDRE=1)

    Location             Delay type                Incr(ns)  Path(ns)    Netlist Resource(s)
  -------------------------------------------------------------------    -------------------
    SLICE_X111Y102       FDRE                         0.000     0.000 r  Sine_wave/Control/counter_divider_reg[11]/C
    SLICE_X111Y102       FDRE (Prop_fdre_C_Q)         0.141     0.141 r  Sine_wave/Control/counter_divider_reg[11]/Q
                         net (fo=3, routed)           0.120     0.261    Sine_wave/Control/counter_divider_reg[11]
    SLICE_X111Y102       CARRY4 (Prop_carry4_S[3]_O[3])
                                                      0.108     0.369 r  Sine_wave/Control/counter_divider_reg[8]_i_1/O[3]
                         net (fo=1, routed)           0.000     0.369    Sine_wave/Control/counter_divider_reg[8]_i_1_n_4
    SLICE_X111Y102       FDRE                                         r  Sine_wave/Control/counter_divider_reg[11]/D
  -------------------------------------------------------------------    -------------------





