Copyright 1986-2022 Xilinx, Inc. All Rights Reserved. Copyright 2022-2025 Advanced Micro Devices, Inc. All Rights Reserved.
---------------------------------------------------------------------------------------------------------------------------------------------------------------------------------------------------------------------
| Tool Version : Vivado v.2025.2 (win64) Build 6299465 Fri Nov 14 19:35:11 GMT 2025
| Date         : Fri Apr  3 14:38:20 2026
| Host         : VITKO running 64-bit major release  (build 9200)
| Command      : report_timing_summary -max_paths 10 -routable_nets -report_unconstrained -file ROM_timing_summary_routed.rpt -pb ROM_timing_summary_routed.pb -rpx ROM_timing_summary_routed.rpx -warn_on_violation
| Design       : ROM
| Device       : 7z020-clg484
| Speed File   : -1  PRODUCTION 1.12 2019-11-22
| Design State : Routed
---------------------------------------------------------------------------------------------------------------------------------------------------------------------------------------------------------------------

Timing Summary Report

------------------------------------------------------------------------------------------------
| Timer Settings
| --------------
------------------------------------------------------------------------------------------------

  Enable Multi Corner Analysis               :  Yes
  Enable Pessimism Removal                   :  Yes
  Pessimism Removal Resolution               :  Nearest Common Node
  Enable Input Delay Default Clock           :  No
  Enable Preset / Clear Arcs                 :  No
  Disable Flight Delays                      :  No
  Ignore I/O Paths                           :  No
  Timing Early Launch at Borrowing Latches   :  No
  Borrow Time for Max Delay Exceptions       :  Yes
  Merge Timing Exceptions                    :  Yes
  Inter-SLR Compensation                     :  Conservative

  Corner  Analyze    Analyze    
  Name    Max Paths  Min Paths  
  ------  ---------  ---------  
  Slow    Yes        Yes        
  Fast    Yes        Yes        


------------------------------------------------------------------------------------------------
| Report Methodology
| ------------------
------------------------------------------------------------------------------------------------

No report available as report_methodology has not been run prior. Run report_methodology on the current design for the summary of methodology violations.



check_timing report

Table of Contents
-----------------
1. checking no_clock (0)
2. checking constant_clock (0)
3. checking pulse_width_clock (0)
4. checking unconstrained_internal_endpoints (0)
5. checking no_input_delay (0)
6. checking no_output_delay (0)
7. checking multiple_clock (0)
8. checking generated_clocks (0)
9. checking loops (0)
10. checking partial_input_delay (0)
11. checking partial_output_delay (0)
12. checking latch_loops (0)

1. checking no_clock (0)
------------------------
 There are 0 register/latch pins with no clock.


2. checking constant_clock (0)
------------------------------
 There are 0 register/latch pins with constant_clock.


3. checking pulse_width_clock (0)
---------------------------------
 There are 0 register/latch pins which need pulse_width check


4. checking unconstrained_internal_endpoints (0)
------------------------------------------------
 There are 0 pins that are not constrained for maximum delay.

 There are 0 pins that are not constrained for maximum delay due to constant clock.


5. checking no_input_delay (0)
------------------------------
 There are 0 input ports with no input delay specified.

 There are 0 input ports with no input delay but user has a false path constraint.


6. checking no_output_delay (0)
-------------------------------
 There are 0 ports with no output delay specified.

 There are 0 ports with no output delay but user has a false path constraint

 There are 0 ports with no output delay but with a timing clock defined on it or propagating through it


7. checking multiple_clock (0)
------------------------------
 There are 0 register/latch pins with multiple clocks.


8. checking generated_clocks (0)
--------------------------------
 There are 0 generated clocks that are not connected to a clock source.


9. checking loops (0)
---------------------
 There are 0 combinational loops in the design.


10. checking partial_input_delay (0)
------------------------------------
 There are 0 input ports with partial input delay specified.


11. checking partial_output_delay (0)
-------------------------------------
 There are 0 ports with partial output delay specified.


12. checking latch_loops (0)
----------------------------
 There are 0 combinational latch loops in the design through latch input



------------------------------------------------------------------------------------------------
| Design Timing Summary
| ---------------------
------------------------------------------------------------------------------------------------

    WNS(ns)      TNS(ns)  TNS Failing Endpoints  TNS Total Endpoints      WHS(ns)      THS(ns)  THS Failing Endpoints  THS Total Endpoints     WPWS(ns)     TPWS(ns)  TPWS Failing Endpoints  TPWS Total Endpoints  
    -------      -------  ---------------------  -------------------      -------      -------  ---------------------  -------------------     --------     --------  ----------------------  --------------------  
        inf        0.000                      0                    8          inf        0.000                      0                    8           NA           NA                      NA                    NA  


There are no user specified timing constraints.


------------------------------------------------------------------------------------------------
| Clock Summary
| -------------
------------------------------------------------------------------------------------------------


------------------------------------------------------------------------------------------------
| Intra Clock Table
| -----------------
------------------------------------------------------------------------------------------------

Clock             WNS(ns)      TNS(ns)  TNS Failing Endpoints  TNS Total Endpoints      WHS(ns)      THS(ns)  THS Failing Endpoints  THS Total Endpoints     WPWS(ns)     TPWS(ns)  TPWS Failing Endpoints  TPWS Total Endpoints  
-----             -------      -------  ---------------------  -------------------      -------      -------  ---------------------  -------------------     --------     --------  ----------------------  --------------------  


------------------------------------------------------------------------------------------------
| Inter Clock Table
| -----------------
------------------------------------------------------------------------------------------------

From Clock    To Clock          WNS(ns)      TNS(ns)  TNS Failing Endpoints  TNS Total Endpoints      WHS(ns)      THS(ns)  THS Failing Endpoints  THS Total Endpoints  
----------    --------          -------      -------  ---------------------  -------------------      -------      -------  ---------------------  -------------------  


------------------------------------------------------------------------------------------------
| Other Path Groups Table
| -----------------------
------------------------------------------------------------------------------------------------

Path Group    From Clock    To Clock          WNS(ns)      TNS(ns)  TNS Failing Endpoints  TNS Total Endpoints      WHS(ns)      THS(ns)  THS Failing Endpoints  THS Total Endpoints  
----------    ----------    --------          -------      -------  ---------------------  -------------------      -------      -------  ---------------------  -------------------  


------------------------------------------------------------------------------------------------
| User Ignored Path Table
| -----------------------
------------------------------------------------------------------------------------------------

Path Group    From Clock    To Clock    
----------    ----------    --------    


------------------------------------------------------------------------------------------------
| Unconstrained Path Table
| ------------------------
------------------------------------------------------------------------------------------------

Path Group    From Clock    To Clock    
----------    ----------    --------    
(none)                                    


------------------------------------------------------------------------------------------------
| Timing Details
| --------------
------------------------------------------------------------------------------------------------


--------------------------------------------------------------------------------------
Path Group:  (none)
From Clock:  
  To Clock:  

Max Delay             8 Endpoints
Min Delay             8 Endpoints
--------------------------------------------------------------------------------------


Max Delay Paths
--------------------------------------------------------------------------------------
Slack:                    inf
  Source:                 address[1]
                            (input port)
  Destination:            data_out[3]
                            (output port)
  Path Group:             (none)
  Path Type:              Max at Slow Process Corner
  Data Path Delay:        7.371ns  (logic 3.893ns (52.811%)  route 3.478ns (47.189%))
  Logic Levels:           3  (IBUF=1 LUT5=1 OBUF=1)

    Location             Delay type                Incr(ns)  Path(ns)    Netlist Resource(s)
  -------------------------------------------------------------------    -------------------
    W5                                                0.000     0.000 r  address[1] (IN)
                         net (fo=0)                   0.000     0.000    address[1]
    W5                   IBUF (Prop_ibuf_I_O)         0.935     0.935 r  address_IBUF[1]_inst/O
                         net (fo=8, routed)           1.608     2.544    address_IBUF[1]
    SLICE_X0Y5           LUT5 (Prop_lut5_I1_O)        0.150     2.694 r  g0_b3/O
                         net (fo=1, routed)           1.870     4.564    data_out_OBUF[3]
    V5                   OBUF (Prop_obuf_I_O)         2.807     7.371 r  data_out_OBUF[3]_inst/O
                         net (fo=0)                   0.000     7.371    data_out[3]
    V5                                                                r  data_out[3] (OUT)
  -------------------------------------------------------------------    -------------------

Slack:                    inf
  Source:                 address[1]
                            (input port)
  Destination:            data_out[7]
                            (output port)
  Path Group:             (none)
  Path Type:              Max at Slow Process Corner
  Data Path Delay:        7.263ns  (logic 3.942ns (54.279%)  route 3.321ns (45.721%))
  Logic Levels:           3  (IBUF=1 LUT5=1 OBUF=1)

    Location             Delay type                Incr(ns)  Path(ns)    Netlist Resource(s)
  -------------------------------------------------------------------    -------------------
    W5                                                0.000     0.000 f  address[1] (IN)
                         net (fo=0)                   0.000     0.000    address[1]
    W5                   IBUF (Prop_ibuf_I_O)         0.935     0.935 f  address_IBUF[1]_inst/O
                         net (fo=8, routed)           1.438     2.373    address_IBUF[1]
    SLICE_X0Y5           LUT5 (Prop_lut5_I1_O)        0.157     2.530 r  g0_b7/O
                         net (fo=1, routed)           1.883     4.413    data_out_OBUF[7]
    R6                   OBUF (Prop_obuf_I_O)         2.850     7.263 r  data_out_OBUF[7]_inst/O
                         net (fo=0)                   0.000     7.263    data_out[7]
    R6                                                                r  data_out[7] (OUT)
  -------------------------------------------------------------------    -------------------

Slack:                    inf
  Source:                 address[4]
                            (input port)
  Destination:            data_out[5]
                            (output port)
  Path Group:             (none)
  Path Type:              Max at Slow Process Corner
  Data Path Delay:        7.211ns  (logic 3.897ns (54.040%)  route 3.314ns (45.960%))
  Logic Levels:           3  (IBUF=1 LUT5=1 OBUF=1)

    Location             Delay type                Incr(ns)  Path(ns)    Netlist Resource(s)
  -------------------------------------------------------------------    -------------------
    V7                                                0.000     0.000 r  address[4] (IN)
                         net (fo=0)                   0.000     0.000    address[4]
    V7                   IBUF (Prop_ibuf_I_O)         0.922     0.922 r  address_IBUF[4]_inst/O
                         net (fo=8, routed)           1.447     2.369    address_IBUF[4]
    SLICE_X0Y5           LUT5 (Prop_lut5_I4_O)        0.153     2.522 r  g0_b5/O
                         net (fo=1, routed)           1.867     4.389    data_out_OBUF[5]
    T4                   OBUF (Prop_obuf_I_O)         2.822     7.211 r  data_out_OBUF[5]_inst/O
                         net (fo=0)                   0.000     7.211    data_out[5]
    T4                                                                r  data_out[5] (OUT)
  -------------------------------------------------------------------    -------------------

Slack:                    inf
  Source:                 address[1]
                            (input port)
  Destination:            data_out[0]
                            (output port)
  Path Group:             (none)
  Path Type:              Max at Slow Process Corner
  Data Path Delay:        7.166ns  (logic 3.865ns (53.933%)  route 3.301ns (46.067%))
  Logic Levels:           3  (IBUF=1 LUT5=1 OBUF=1)

    Location             Delay type                Incr(ns)  Path(ns)    Netlist Resource(s)
  -------------------------------------------------------------------    -------------------
    W5                                                0.000     0.000 r  address[1] (IN)
                         net (fo=0)                   0.000     0.000    address[1]
    W5                   IBUF (Prop_ibuf_I_O)         0.935     0.935 r  address_IBUF[1]_inst/O
                         net (fo=8, routed)           1.631     2.566    address_IBUF[1]
    SLICE_X0Y5           LUT5 (Prop_lut5_I1_O)        0.146     2.712 r  g0_b0/O
                         net (fo=1, routed)           1.671     4.383    data_out_OBUF[0]
    U5                   OBUF (Prop_obuf_I_O)         2.784     7.166 r  data_out_OBUF[0]_inst/O
                         net (fo=0)                   0.000     7.166    data_out[0]
    U5                                                                r  data_out[0] (OUT)
  -------------------------------------------------------------------    -------------------

Slack:                    inf
  Source:                 address[4]
                            (input port)
  Destination:            data_out[6]
                            (output port)
  Path Group:             (none)
  Path Type:              Max at Slow Process Corner
  Data Path Delay:        6.947ns  (logic 3.623ns (52.150%)  route 3.324ns (47.850%))
  Logic Levels:           3  (IBUF=1 LUT5=1 OBUF=1)

    Location             Delay type                Incr(ns)  Path(ns)    Netlist Resource(s)
  -------------------------------------------------------------------    -------------------
    V7                                                0.000     0.000 r  address[4] (IN)
                         net (fo=0)                   0.000     0.000    address[4]
    V7                   IBUF (Prop_ibuf_I_O)         0.922     0.922 r  address_IBUF[4]_inst/O
                         net (fo=8, routed)           1.456     2.378    address_IBUF[4]
    SLICE_X0Y5           LUT5 (Prop_lut5_I4_O)        0.124     2.502 r  g0_b6/O
                         net (fo=1, routed)           1.868     4.370    data_out_OBUF[6]
    T6                   OBUF (Prop_obuf_I_O)         2.577     6.947 r  data_out_OBUF[6]_inst/O
                         net (fo=0)                   0.000     6.947    data_out[6]
    T6                                                                r  data_out[6] (OUT)
  -------------------------------------------------------------------    -------------------

Slack:                    inf
  Source:                 address[4]
                            (input port)
  Destination:            data_out[4]
                            (output port)
  Path Group:             (none)
  Path Type:              Max at Slow Process Corner
  Data Path Delay:        6.945ns  (logic 3.634ns (52.331%)  route 3.310ns (47.669%))
  Logic Levels:           3  (IBUF=1 LUT5=1 OBUF=1)

    Location             Delay type                Incr(ns)  Path(ns)    Netlist Resource(s)
  -------------------------------------------------------------------    -------------------
    V7                                                0.000     0.000 r  address[4] (IN)
                         net (fo=0)                   0.000     0.000    address[4]
    V7                   IBUF (Prop_ibuf_I_O)         0.922     0.922 r  address_IBUF[4]_inst/O
                         net (fo=8, routed)           1.447     2.369    address_IBUF[4]
    SLICE_X0Y5           LUT5 (Prop_lut5_I4_O)        0.124     2.493 r  g0_b4/O
                         net (fo=1, routed)           1.863     4.356    data_out_OBUF[4]
    U4                   OBUF (Prop_obuf_I_O)         2.588     6.945 r  data_out_OBUF[4]_inst/O
                         net (fo=0)                   0.000     6.945    data_out[4]
    U4                                                                r  data_out[4] (OUT)
  -------------------------------------------------------------------    -------------------

Slack:                    inf
  Source:                 address[1]
                            (input port)
  Destination:            data_out[1]
                            (output port)
  Path Group:             (none)
  Path Type:              Max at Slow Process Corner
  Data Path Delay:        6.939ns  (logic 3.639ns (52.445%)  route 3.300ns (47.555%))
  Logic Levels:           3  (IBUF=1 LUT5=1 OBUF=1)

    Location             Delay type                Incr(ns)  Path(ns)    Netlist Resource(s)
  -------------------------------------------------------------------    -------------------
    W5                                                0.000     0.000 r  address[1] (IN)
                         net (fo=0)                   0.000     0.000    address[1]
    W5                   IBUF (Prop_ibuf_I_O)         0.935     0.935 r  address_IBUF[1]_inst/O
                         net (fo=8, routed)           1.631     2.566    address_IBUF[1]
    SLICE_X0Y5           LUT5 (Prop_lut5_I1_O)        0.124     2.690 r  g0_b1/O
                         net (fo=1, routed)           1.669     4.359    data_out_OBUF[1]
    U6                   OBUF (Prop_obuf_I_O)         2.580     6.939 r  data_out_OBUF[1]_inst/O
                         net (fo=0)                   0.000     6.939    data_out[1]
    U6                                                                r  data_out[1] (OUT)
  -------------------------------------------------------------------    -------------------

Slack:                    inf
  Source:                 address[1]
                            (input port)
  Destination:            data_out[2]
                            (output port)
  Path Group:             (none)
  Path Type:              Max at Slow Process Corner
  Data Path Delay:        6.927ns  (logic 3.647ns (52.652%)  route 3.280ns (47.348%))
  Logic Levels:           3  (IBUF=1 LUT5=1 OBUF=1)

    Location             Delay type                Incr(ns)  Path(ns)    Netlist Resource(s)
  -------------------------------------------------------------------    -------------------
    W5                                                0.000     0.000 r  address[1] (IN)
                         net (fo=0)                   0.000     0.000    address[1]
    W5                   IBUF (Prop_ibuf_I_O)         0.935     0.935 r  address_IBUF[1]_inst/O
                         net (fo=8, routed)           1.608     2.544    address_IBUF[1]
    SLICE_X0Y5           LUT5 (Prop_lut5_I1_O)        0.124     2.668 r  g0_b2/O
                         net (fo=1, routed)           1.671     4.339    data_out_OBUF[2]
    V4                   OBUF (Prop_obuf_I_O)         2.587     6.927 r  data_out_OBUF[2]_inst/O
                         net (fo=0)                   0.000     6.927    data_out[2]
    V4                                                                r  data_out[2] (OUT)
  -------------------------------------------------------------------    -------------------





Min Delay Paths
--------------------------------------------------------------------------------------
Slack:                    inf
  Source:                 address[3]
                            (input port)
  Destination:            data_out[1]
                            (output port)
  Path Group:             (none)
  Path Type:              Min at Fast Process Corner
  Data Path Delay:        2.040ns  (logic 1.297ns (63.566%)  route 0.743ns (36.434%))
  Logic Levels:           3  (IBUF=1 LUT5=1 OBUF=1)

    Location             Delay type                Incr(ns)  Path(ns)    Netlist Resource(s)
  -------------------------------------------------------------------    -------------------
    W7                                                0.000     0.000 r  address[3] (IN)
                         net (fo=0)                   0.000     0.000    address[3]
    W7                   IBUF (Prop_ibuf_I_O)         0.155     0.155 r  address_IBUF[3]_inst/O
                         net (fo=8, routed)           0.423     0.578    address_IBUF[3]
    SLICE_X0Y5           LUT5 (Prop_lut5_I3_O)        0.045     0.623 r  g0_b1/O
                         net (fo=1, routed)           0.320     0.943    data_out_OBUF[1]
    U6                   OBUF (Prop_obuf_I_O)         1.097     2.040 r  data_out_OBUF[1]_inst/O
                         net (fo=0)                   0.000     2.040    data_out[1]
    U6                                                                r  data_out[1] (OUT)
  -------------------------------------------------------------------    -------------------

Slack:                    inf
  Source:                 address[3]
                            (input port)
  Destination:            data_out[2]
                            (output port)
  Path Group:             (none)
  Path Type:              Min at Fast Process Corner
  Data Path Delay:        2.074ns  (logic 1.305ns (62.897%)  route 0.770ns (37.103%))
  Logic Levels:           3  (IBUF=1 LUT5=1 OBUF=1)

    Location             Delay type                Incr(ns)  Path(ns)    Netlist Resource(s)
  -------------------------------------------------------------------    -------------------
    W7                                                0.000     0.000 r  address[3] (IN)
                         net (fo=0)                   0.000     0.000    address[3]
    W7                   IBUF (Prop_ibuf_I_O)         0.155     0.155 r  address_IBUF[3]_inst/O
                         net (fo=8, routed)           0.427     0.582    address_IBUF[3]
    SLICE_X0Y5           LUT5 (Prop_lut5_I3_O)        0.045     0.627 r  g0_b2/O
                         net (fo=1, routed)           0.342     0.970    data_out_OBUF[2]
    V4                   OBUF (Prop_obuf_I_O)         1.105     2.074 r  data_out_OBUF[2]_inst/O
                         net (fo=0)                   0.000     2.074    data_out[2]
    V4                                                                r  data_out[2] (OUT)
  -------------------------------------------------------------------    -------------------

Slack:                    inf
  Source:                 address[3]
                            (input port)
  Destination:            data_out[0]
                            (output port)
  Path Group:             (none)
  Path Type:              Min at Fast Process Corner
  Data Path Delay:        2.125ns  (logic 1.366ns (64.282%)  route 0.759ns (35.718%))
  Logic Levels:           3  (IBUF=1 LUT5=1 OBUF=1)

    Location             Delay type                Incr(ns)  Path(ns)    Netlist Resource(s)
  -------------------------------------------------------------------    -------------------
    W7                                                0.000     0.000 r  address[3] (IN)
                         net (fo=0)                   0.000     0.000    address[3]
    W7                   IBUF (Prop_ibuf_I_O)         0.155     0.155 r  address_IBUF[3]_inst/O
                         net (fo=8, routed)           0.423     0.578    address_IBUF[3]
    SLICE_X0Y5           LUT5 (Prop_lut5_I3_O)        0.048     0.626 r  g0_b0/O
                         net (fo=1, routed)           0.336     0.962    data_out_OBUF[0]
    U5                   OBUF (Prop_obuf_I_O)         1.163     2.125 r  data_out_OBUF[0]_inst/O
                         net (fo=0)                   0.000     2.125    data_out[0]
    U5                                                                r  data_out[0] (OUT)
  -------------------------------------------------------------------    -------------------

Slack:                    inf
  Source:                 address[0]
                            (input port)
  Destination:            data_out[6]
                            (output port)
  Path Group:             (none)
  Path Type:              Min at Fast Process Corner
  Data Path Delay:        2.142ns  (logic 1.283ns (59.918%)  route 0.858ns (40.082%))
  Logic Levels:           3  (IBUF=1 LUT5=1 OBUF=1)

    Location             Delay type                Incr(ns)  Path(ns)    Netlist Resource(s)
  -------------------------------------------------------------------    -------------------
    U7                                                0.000     0.000 r  address[0] (IN)
                         net (fo=0)                   0.000     0.000    address[0]
    U7                   IBUF (Prop_ibuf_I_O)         0.144     0.144 r  address_IBUF[0]_inst/O
                         net (fo=8, routed)           0.442     0.586    address_IBUF[0]
    SLICE_X0Y5           LUT5 (Prop_lut5_I0_O)        0.045     0.631 r  g0_b6/O
                         net (fo=1, routed)           0.417     1.048    data_out_OBUF[6]
    T6                   OBUF (Prop_obuf_I_O)         1.094     2.142 r  data_out_OBUF[6]_inst/O
                         net (fo=0)                   0.000     2.142    data_out[6]
    T6                                                                r  data_out[6] (OUT)
  -------------------------------------------------------------------    -------------------

Slack:                    inf
  Source:                 address[0]
                            (input port)
  Destination:            data_out[4]
                            (output port)
  Path Group:             (none)
  Path Type:              Min at Fast Process Corner
  Data Path Delay:        2.153ns  (logic 1.294ns (60.118%)  route 0.859ns (39.882%))
  Logic Levels:           3  (IBUF=1 LUT5=1 OBUF=1)

    Location             Delay type                Incr(ns)  Path(ns)    Netlist Resource(s)
  -------------------------------------------------------------------    -------------------
    U7                                                0.000     0.000 r  address[0] (IN)
                         net (fo=0)                   0.000     0.000    address[0]
    U7                   IBUF (Prop_ibuf_I_O)         0.144     0.144 r  address_IBUF[0]_inst/O
                         net (fo=8, routed)           0.451     0.595    address_IBUF[0]
    SLICE_X0Y5           LUT5 (Prop_lut5_I0_O)        0.045     0.640 r  g0_b4/O
                         net (fo=1, routed)           0.408     1.048    data_out_OBUF[4]
    U4                   OBUF (Prop_obuf_I_O)         1.105     2.153 r  data_out_OBUF[4]_inst/O
                         net (fo=0)                   0.000     2.153    data_out[4]
    U4                                                                r  data_out[4] (OUT)
  -------------------------------------------------------------------    -------------------

Slack:                    inf
  Source:                 address[3]
                            (input port)
  Destination:            data_out[3]
                            (output port)
  Path Group:             (none)
  Path Type:              Min at Fast Process Corner
  Data Path Delay:        2.225ns  (logic 1.376ns (61.869%)  route 0.848ns (38.131%))
  Logic Levels:           3  (IBUF=1 LUT5=1 OBUF=1)

    Location             Delay type                Incr(ns)  Path(ns)    Netlist Resource(s)
  -------------------------------------------------------------------    -------------------
    W7                                                0.000     0.000 r  address[3] (IN)
                         net (fo=0)                   0.000     0.000    address[3]
    W7                   IBUF (Prop_ibuf_I_O)         0.155     0.155 r  address_IBUF[3]_inst/O
                         net (fo=8, routed)           0.427     0.582    address_IBUF[3]
    SLICE_X0Y5           LUT5 (Prop_lut5_I3_O)        0.048     0.630 r  g0_b3/O
                         net (fo=1, routed)           0.421     1.051    data_out_OBUF[3]
    V5                   OBUF (Prop_obuf_I_O)         1.174     2.225 r  data_out_OBUF[3]_inst/O
                         net (fo=0)                   0.000     2.225    data_out[3]
    V5                                                                r  data_out[3] (OUT)
  -------------------------------------------------------------------    -------------------

Slack:                    inf
  Source:                 address[0]
                            (input port)
  Destination:            data_out[5]
                            (output port)
  Path Group:             (none)
  Path Type:              Min at Fast Process Corner
  Data Path Delay:        2.249ns  (logic 1.393ns (61.949%)  route 0.856ns (38.051%))
  Logic Levels:           3  (IBUF=1 LUT5=1 OBUF=1)

    Location             Delay type                Incr(ns)  Path(ns)    Netlist Resource(s)
  -------------------------------------------------------------------    -------------------
    U7                                                0.000     0.000 r  address[0] (IN)
                         net (fo=0)                   0.000     0.000    address[0]
    U7                   IBUF (Prop_ibuf_I_O)         0.144     0.144 r  address_IBUF[0]_inst/O
                         net (fo=8, routed)           0.451     0.595    address_IBUF[0]
    SLICE_X0Y5           LUT5 (Prop_lut5_I0_O)        0.049     0.644 r  g0_b5/O
                         net (fo=1, routed)           0.405     1.049    data_out_OBUF[5]
    T4                   OBUF (Prop_obuf_I_O)         1.200     2.249 r  data_out_OBUF[5]_inst/O
                         net (fo=0)                   0.000     2.249    data_out[5]
    T4                                                                r  data_out[5] (OUT)
  -------------------------------------------------------------------    -------------------

Slack:                    inf
  Source:                 address[0]
                            (input port)
  Destination:            data_out[7]
                            (output port)
  Path Group:             (none)
  Path Type:              Min at Fast Process Corner
  Data Path Delay:        2.263ns  (logic 1.403ns (61.985%)  route 0.860ns (38.015%))
  Logic Levels:           3  (IBUF=1 LUT5=1 OBUF=1)

    Location             Delay type                Incr(ns)  Path(ns)    Netlist Resource(s)
  -------------------------------------------------------------------    -------------------
    U7                                                0.000     0.000 f  address[0] (IN)
                         net (fo=0)                   0.000     0.000    address[0]
    U7                   IBUF (Prop_ibuf_I_O)         0.144     0.144 f  address_IBUF[0]_inst/O
                         net (fo=8, routed)           0.442     0.586    address_IBUF[0]
    SLICE_X0Y5           LUT5 (Prop_lut5_I0_O)        0.049     0.635 r  g0_b7/O
                         net (fo=1, routed)           0.419     1.053    data_out_OBUF[7]
    R6                   OBUF (Prop_obuf_I_O)         1.209     2.263 r  data_out_OBUF[7]_inst/O
                         net (fo=0)                   0.000     2.263    data_out[7]
    R6                                                                r  data_out[7] (OUT)
  -------------------------------------------------------------------    -------------------





